#
# A fatal error has been detected by the Java Runtime Environment:
#
#  SIGSEGV (0xb) at pc=0x00007fae78f9cddc, pid=2342251, tid=2342252
#
# JRE version: OpenJDK Runtime Environment Zulu17.28+13-CA (17.0+35) (build 17+35-LTS)
# Java VM: OpenJDK 64-Bit Server VM Zulu17.28+13-CA (17+35-LTS, mixed mode, sharing, tiered, compressed oops, compressed class ptrs, g1 gc, linux-amd64)
# Problematic frame:
# J 429 c2 jdk.internal.misc.ScopedMemoryAccess.getByte(Ljdk/internal/misc/ScopedMemoryAccess$Scope;Ljava/lang/Object;J)B java.base@17 (20 bytes) @ 0x00007fae78f9cddc [0x00007fae78f9cda0+0x000000000000003c]
#
# No core dump will be written. Core dumps have been disabled. To enable core dumping, try "ulimit -c unlimited" before starting Java again
#
# If you would like to submit a bug report, please visit:
#   http://www.azul.com/support/
#

---------------  S U M M A R Y ------------

Command Line: -agentlib:jdwp=transport=dt_socket,server=y,suspend=n,address=0.0.0.0:5005 -Xmx3G org.trailcatalog.importers.ImporterKt --block_size 4048576

Host: Intel(R) Core(TM) i5-4300U CPU @ 1.90GHz, 4 cores, 7G, Debian GNU/Linux 11 (bullseye)
Time: Thu Jul 14 16:29:53 2022 PDT elapsed time: 19.702850 seconds (0d 0h 0m 19s)

---------------  T H R E A D  ---------------

Current thread (0x00007fae880274c0):  JavaThread "main" [_thread_in_Java, id=2342252, stack(0x00007fae8cff6000,0x00007fae8d0f7000)]

Stack: [0x00007fae8cff6000,0x00007fae8d0f7000],  sp=0x00007fae8d0f4bb0,  free space=1018k
Native frames: (J=compiled Java code, j=interpreted, Vv=VM code, C=native code)
J 429 c2 jdk.internal.misc.ScopedMemoryAccess.getByte(Ljdk/internal/misc/ScopedMemoryAccess$Scope;Ljava/lang/Object;J)B java.base@17 (20 bytes) @ 0x00007fae78f9cddc [0x00007fae78f9cda0+0x000000000000003c]
j  java.nio.DirectByteBuffer.get()B+16 java.base@17
j  org.trailcatalog.importers.pipeline.io.EncodedInputStream.readVarLong()J+6
j  org.trailcatalog.importers.pbf.SerializersKt$registerPbfSerializers$5.read(Lorg/trailcatalog/importers/pipeline/io/EncodedInputStream;)Lorg/trailcatalog/importers/pbf/WaySkeleton;+7
j  org.trailcatalog.importers.pbf.SerializersKt$registerPbfSerializers$5.read(Lorg/trailcatalog/importers/pipeline/io/EncodedInputStream;)Ljava/lang/Object;+2
j  org.trailcatalog.importers.pipeline.collections.MmapPList.next()Ljava/lang/Object;+20
j  org.trailcatalog.importers.pipeline.Concatenate$act$2.invoke(Lorg/trailcatalog/importers/pipeline/collections/Emitter;)V+46
j  org.trailcatalog.importers.pipeline.Concatenate$act$2.invoke(Ljava/lang/Object;)Ljava/lang/Object;+5
j  org.trailcatalog.importers.pipeline.collections.MmapKt.createMmapPList(Lcom/google/common/reflect/TypeToken;Lkotlin/jvm/functions/Function1;)Lorg/trailcatalog/importers/pipeline/collections/MmapPList;+141
j  org.trailcatalog.importers.pipeline.collections.PListKt.createPList(Lcom/google/common/reflect/TypeToken;JLkotlin/jvm/functions/Function1;)Lorg/trailcatalog/importers/pipeline/collections/PList;+14
j  org.trailcatalog.importers.pipeline.Concatenate.act(Ljava/util/List;)Lorg/trailcatalog/importers/pipeline/collections/PCollection;+95
j  org.trailcatalog.importers.pipeline.Concatenate.act(Ljava/lang/Object;)Ljava/lang/Object;+5
j  org.trailcatalog.importers.pipeline.BoundStage.invoke()Ljava/lang/Object;+22
j  org.trailcatalog.importers.ImporterKt$processPbfs$$inlined$groupBy$7.invoke()Lorg/trailcatalog/importers/pipeline/collections/PCollection;+4
j  org.trailcatalog.importers.ImporterKt$processPbfs$$inlined$groupBy$7.invoke()Ljava/lang/Object;+1
j  org.trailcatalog.importers.ImporterKt$processPbfs$$inlined$groupBy$12.getInput()Lorg/trailcatalog/importers/pipeline/collections/PCollection;+4
j  org.trailcatalog.importers.ImporterKt$processPbfs$$inlined$groupBy$12.getInput()Ljava/lang/Object;+1
j  org.trailcatalog.importers.pipeline.BoundStage.invoke()Ljava/lang/Object;+19
j  org.trailcatalog.importers.ImporterKt$processPbfs$$inlined$join2$8.getInput()Lkotlin/Pair;+8
j  org.trailcatalog.importers.ImporterKt$processPbfs$$inlined$join2$8.getInput()Ljava/lang/Object;+1
j  org.trailcatalog.importers.pipeline.BoundStage.invoke()Ljava/lang/Object;+19
j  org.trailcatalog.importers.pipeline.BoundStage$then$1.getInput()Ljava/lang/Object;+4
j  org.trailcatalog.importers.pipeline.BoundStage.invoke()Ljava/lang/Object;+19
j  org.trailcatalog.importers.pipeline.BoundStage$then$1.getInput()Ljava/lang/Object;+4
j  org.trailcatalog.importers.pipeline.BoundStage.invoke()Ljava/lang/Object;+19
j  org.trailcatalog.importers.pipeline.Pipeline.execute()V+62
j  org.trailcatalog.importers.ImporterKt.processPbfs(Lkotlin/Pair;Lcom/zaxxer/hikari/HikariDataSource;)V+1587
j  org.trailcatalog.importers.ImporterKt.main([Ljava/lang/String;)V+349
v  ~StubRoutines::call_stub
V  [libjvm.so+0x852af4]  JavaCalls::call_helper(JavaValue*, methodHandle const&, JavaCallArguments*, JavaThread*)+0x334
V  [libjvm.so+0x8eb239]  jni_invoke_static(JNIEnv_*, JavaValue*, _jobject*, JNICallType, _jmethodID*, JNI_ArgumentPusher*, JavaThread*) [clone .isra.154] [clone .constprop.383]+0x239
V  [libjvm.so+0x8edbcb]  jni_CallStaticVoidMethod+0x14b
C  [libjli.so+0x559d]  JavaMain+0xd5d
C  [libjli.so+0x8579]  ThreadJavaMain+0x9


siginfo: si_signo: 11 (SIGSEGV), si_code: 1 (SEGV_MAPERR), si_addr: 0x00007fade349e000

Register to memory mapping:

RAX={method} {0x00000008000ad280} 'getByte' '(Ljdk/internal/misc/ScopedMemoryAccess$Scope;Ljava/lang/Object;J)B' in 'jdk/internal/misc/ScopedMemoryAccess'
RBX={method} {0x00000008000ad280} 'getByte' '(Ljdk/internal/misc/ScopedMemoryAccess$Scope;Ljava/lang/Object;J)B' in 'jdk/internal/misc/ScopedMemoryAccess'
RCX=0x0 is NULL
RDX=0x0 is NULL
RSP=0x00007fae8d0f4bb0 is pointing into the stack for thread: 0x00007fae880274c0
RBP=0x00007fae8d0f4c90 is pointing into the stack for thread: 0x00007fae880274c0
RSI=0x00000007402d2e00 is an oop: jdk.internal.misc.ScopedMemoryAccess 
{0x00000007402d2e00} - klass: 'jdk/internal/misc/ScopedMemoryAccess'
 - ---- fields (total size 2 words):
RDI=0x0 is NULL
R8 =0x00007fade349e000 is an unknown value
R9 =0x0000000000000002 is an unknown value
R10=0x00007fade349e000 is an unknown value
R11=0x00007fae78f9cdc0 is at entry_point+32 in (nmethod*)0x00007fae78f9cc10
R12=0x0 is NULL
R13=0x00007fae8d0f4c20 is pointing into the stack for thread: 0x00007fae880274c0
R14=0x0 is NULL
R15=0x00007fae880274c0 is a thread


Registers:
RAX=0x00000008000ad280, RBX=0x00000008000ad280, RCX=0x0000000000000000, RDX=0x0000000000000000
RSP=0x00007fae8d0f4bb0, RBP=0x00007fae8d0f4c90, RSI=0x00000007402d2e00, RDI=0x0000000000000000
R8 =0x00007fade349e000, R9 =0x0000000000000002, R10=0x00007fade349e000, R11=0x00007fae78f9cdc0
R12=0x0000000000000000, R13=0x00007fae8d0f4c20, R14=0x0000000000000000, R15=0x00007fae880274c0
RIP=0x00007fae78f9cddc, EFLAGS=0x0000000000010246, CSGSFS=0x002b000000000033, ERR=0x0000000000000004
  TRAPNO=0x000000000000000e

Top of Stack: (sp=0x00007fae8d0f4bb0)
0x00007fae8d0f4bb0:   00007fae714bdb10 00007fae880274c0
0x00007fae8d0f4bc0:   0000000000000000 0000000800a714b2
0x00007fae8d0f4bd0:   00007fae8d0f4cb0 00007fae880274c0
0x00007fae8d0f4be0:   00007fae8d0f4c00 00007fae8da93ae5 

Instructions: (pc=0x00007fae78f9cddc)
0x00007fae78f9ccdc:   00 00 00 00 00 00 00 00 00 00 00 00 a0 cd f9 78
0x00007fae78f9ccec:   ae 7f 00 00 c0 cd f9 78 ae 7f 00 00 a0 cd f9 78
0x00007fae78f9ccfc:   ae 7f 00 00 50 02 00 00 ff ff ff ff 90 01 00 00
0x00007fae78f9cd0c:   50 02 00 00 68 02 00 00 70 02 00 00 00 00 00 00
0x00007fae78f9cd1c:   f8 02 00 00 38 03 00 00 40 03 00 00 40 03 00 00
0x00007fae78f9cd2c:   40 03 00 00 40 03 00 00 40 03 00 00 40 03 00 00
0x00007fae78f9cd3c:   40 00 00 00 ad 01 00 00 04 00 00 00 00 00 00 00
0x00007fae78f9cd4c:   02 00 00 00 00 00 00 00 00 00 00 00 00 00 00 00
0x00007fae78f9cd5c:   00 00 00 00 df 01 00 00 02 00 00 00 ff ff ff ff
0x00007fae78f9cd6c:   ff ff ff ff 14 60 31 b0 2e 64 28 64 5b f0 05 80
0x00007fae78f9cd7c:   11 64 0f 00 00 64 0f 64 00 00 00 00 00 00 00 00
0x00007fae78f9cd8c:   00 00 00 00 00 00 00 00 00 00 00 00 00 00 00 00
0x00007fae78f9cd9c:   00 00 00 00 44 8b 56 08 49 bb 00 00 00 00 08 00
0x00007fae78f9cdac:   00 00 4d 03 d3 49 3b c2 0f 85 c6 49 56 f8 66 90
0x00007fae78f9cdbc:   0f 1f 40 00 89 84 24 00 c0 fe ff 55 48 83 ec 50
0x00007fae78f9cdcc:   4c 8b d6 48 85 d2 75 1f 48 85 c9 75 3f 4d 8b d0
0x00007fae78f9cddc:   41 0f be 02 48 83 c4 50 5d 49 3b a7 40 03 00 00
0x00007fae78f9cdec:   0f 87 4e 00 00 00 c3 be 54 ff ff ff 4c 89 54 24
0x00007fae78f9cdfc:   18 48 89 54 24 20 48 89 4c 24 28 4c 89 44 24 30
0x00007fae78f9ce0c:   48 89 54 24 38 66 90 e8 e8 a1 56 f8 be 54 ff ff
0x00007fae78f9ce1c:   ff 48 89 14 24 4c 89 54 24 18 48 89 4c 24 20 4c
0x00007fae78f9ce2c:   89 44 24 28 48 89 4c 24 30 4c 89 44 24 38 90 e8
0x00007fae78f9ce3c:   c0 a1 56 f8 49 ba e5 cd f9 78 ae 7f 00 00 4d 89
0x00007fae78f9ce4c:   97 58 03 00 00 e9 aa b2 56 f8 f4 f4 f4 f4 f4 f4
0x00007fae78f9ce5c:   f4 f4 f4 f4 e9 9b 78 61 f8 e8 00 00 00 00 48 83
0x00007fae78f9ce6c:   2c 24 05 e9 2c a5 56 f8 f4 f4 f4 f4 10 b9 15 40
0x00007fae78f9ce7c:   07 00 00 00 80 d2 0a 00 08 00 00 00 58 16 0b 00
0x00007fae78f9ce8c:   08 00 00 00 50 5a 05 00 08 00 00 00 ff 06 00 c2
0x00007fae78f9ce9c:   00 00 c2 01 00 c2 02 01 00 00 c4 03 00 00 00 01
0x00007fae78f9ceac:   05 01 00 00 07 00 c2 00 00 c2 04 00 c2 02 01 00
0x00007fae78f9cebc:   00 c4 03 00 00 00 00 01 00 c2 01 12 02 02 18 2b
0x00007fae78f9cecc:   00 06 00 c2 00 00 02 00 c2 01 01 00 00 c4 02 00 


Stack slot to memory mapping:
stack at sp + 0 slots: 0x00007fae714bdb10 is at code_begin+-112 in 
[CodeBlob (0x00007fae714bdb10)]
Framesize: 0
BufferBlob (0x00007fae714bdb10) used for Interpreter
stack at sp + 1 slots: 0x00007fae880274c0 is a thread
stack at sp + 2 slots: 0x0 is NULL
stack at sp + 3 slots: 0x0000000800a714b2 is pointing into metadata
stack at sp + 4 slots: 0x00007fae8d0f4cb0 is pointing into the stack for thread: 0x00007fae880274c0
stack at sp + 5 slots: 0x00007fae880274c0 is a thread
stack at sp + 6 slots: 0x00007fae8d0f4c00 is pointing into the stack for thread: 0x00007fae880274c0
stack at sp + 7 slots: 0x00007fae8da93ae5: <offset 0x000000000084dae5> in /home/april/.cache/bazel/_bazel_april/1fbec622f8f141d08c1df2d3ebe80745/external/remotejdk17_linux/lib/server/libjvm.so at 0x00007fae8d246000

--------------------------------------------------------------------------------
[Constant Pool (empty)]

--------------------------------------------------------------------------------

[MachCode]
  0x00007fae78f9cda0: 448b 5608 | 49bb 0000 | 0000 0800 | 0000 4d03 | d349 3bc2 | 0f85 c649 | 56f8 6690 | 0f1f 4000 
  0x00007fae78f9cdc0: 8984 2400 | c0fe ff55 | 4883 ec50 | 4c8b d648 | 85d2 751f | 4885 c975 | 3f4d 8bd0 | 410f be02 
  0x00007fae78f9cde0: 4883 c450 | 5d49 3ba7 | 4003 0000 | 0f87 4e00 | 0000 c3be | 54ff ffff | 4c89 5424 | 1848 8954 
  0x00007fae78f9ce00: 2420 4889 | 4c24 284c | 8944 2430 | 4889 5424 | 3866 90e8 | e8a1 56f8 | be54 ffff | ff48 8914 
  0x00007fae78f9ce20: 244c 8954 | 2418 4889 | 4c24 204c | 8944 2428 | 4889 4c24 | 304c 8944 | 2438 90e8 | c0a1 56f8 
  0x00007fae78f9ce40: 49ba e5cd | f978 ae7f | 0000 4d89 | 9758 0300 | 00e9 aab2 | 56f8 f4f4 | f4f4 f4f4 | f4f4 f4f4 
  0x00007fae78f9ce60: e99b 7861 | f8e8 0000 | 0000 4883 | 2c24 05e9 | 2ca5 56f8 | f4f4 f4f4 
[/MachCode]
--------------------------------------------------------------------------------


---------------  P R O C E S S  ---------------

Threads class SMR info:
_java_thread_list=0x00007fadfc0012c0, length=16, elements={
0x00007fae880274c0, 0x00007fae881047d0, 0x00007fae88105bb0, 0x00007fae8810ac90,
0x00007fae8810c040, 0x00007fae8810d450, 0x00007fae8810ee00, 0x00007fae88110330,
0x00007fae881117a0, 0x00007fae8812aa40, 0x00007fae8812d960, 0x00007fae8812e920,
0x00007fae88132aa0, 0x00007fae8848f970, 0x00007fae8881b770, 0x00007fae8882c020
}

Java Threads: ( => current thread )
=>0x00007fae880274c0 JavaThread "main" [_thread_in_Java, id=2342252, stack(0x00007fae8cff6000,0x00007fae8d0f7000)]
  0x00007fae881047d0 JavaThread "Reference Handler" daemon [_thread_blocked, id=2342259, stack(0x00007fae5adfd000,0x00007fae5aefe000)]
  0x00007fae88105bb0 JavaThread "Finalizer" daemon [_thread_blocked, id=2342260, stack(0x00007fae5acfc000,0x00007fae5adfd000)]
  0x00007fae8810ac90 JavaThread "Signal Dispatcher" daemon [_thread_blocked, id=2342261, stack(0x00007fae5a914000,0x00007fae5aa15000)]
  0x00007fae8810c040 JavaThread "Service Thread" daemon [_thread_blocked, id=2342262, stack(0x00007fae5a813000,0x00007fae5a914000)]
  0x00007fae8810d450 JavaThread "Monitor Deflation Thread" daemon [_thread_blocked, id=2342263, stack(0x00007fae5a712000,0x00007fae5a813000)]
  0x00007fae8810ee00 JavaThread "C2 CompilerThread0" daemon [_thread_in_native, id=2342264, stack(0x00007fae5a611000,0x00007fae5a712000)]
  0x00007fae88110330 JavaThread "C1 CompilerThread0" daemon [_thread_blocked, id=2342265, stack(0x00007fae5a510000,0x00007fae5a611000)]
  0x00007fae881117a0 JavaThread "Sweeper thread" daemon [_thread_blocked, id=2342266, stack(0x00007fae5a40f000,0x00007fae5a510000)]
  0x00007fae8812aa40 JavaThread "JDWP Transport Listener: dt_socket" daemon [_thread_in_native, id=2342267, stack(0x00007fae5a108000,0x00007fae5a209000)]
  0x00007fae8812d960 JavaThread "JDWP Event Helper Thread" daemon [_thread_blocked, id=2342268, stack(0x00007fae5a007000,0x00007fae5a108000)]
  0x00007fae8812e920 JavaThread "Notification Thread" daemon [_thread_blocked, id=2342269, stack(0x00007fae59f06000,0x00007fae5a007000)]
  0x00007fae88132aa0 JavaThread "Common-Cleaner" daemon [_thread_blocked, id=2342271, stack(0x00007fae59d03000,0x00007fae59e04000)]
  0x00007fae8848f970 JavaThread "HikariPool-1 housekeeper" daemon [_thread_blocked, id=2342274, stack(0x00007fae58ec0000,0x00007fae58fc1000)]
  0x00007fae8881b770 JavaThread "OkHttp TaskRunner" daemon [_thread_blocked, id=2342289, stack(0x00007fae58ab9000,0x00007fae58bba000)]
  0x00007fae8882c020 JavaThread "Okio Watchdog" daemon [_thread_blocked, id=2342290, stack(0x00007fae589b8000,0x00007fae58ab9000)]

Other Threads:
  0x00007fae881008b0 VMThread "VM Thread" [stack: 0x00007fae5af00000,0x00007fae5b000000] [id=2342258]
  0x00007fae88130260 WatcherThread [stack: 0x00007fae59e06000,0x00007fae59f06000] [id=2342270]
  0x00007fae8806a890 GCTaskThread "GC Thread#0" [stack: 0x00007fae8c258000,0x00007fae8c358000] [id=2342253]
  0x00007fae500050c0 GCTaskThread "GC Thread#1" [stack: 0x00007fae58dc0000,0x00007fae58ec0000] [id=2342275]
  0x00007fae50005af0 GCTaskThread "GC Thread#2" [stack: 0x00007fae58cbe000,0x00007fae58dbe000] [id=2342276]
  0x00007fae5000a930 GCTaskThread "GC Thread#3" [stack: 0x00007fae58bbc000,0x00007fae58cbc000] [id=2342277]
  0x00007fae88077e70 ConcurrentGCThread "G1 Main Marker" [stack: 0x00007fae8c156000,0x00007fae8c256000] [id=2342254]
  0x00007fae88078dd0 ConcurrentGCThread "G1 Conc#0" [stack: 0x00007fae8c054000,0x00007fae8c154000] [id=2342255]
  0x00007fae880d3200 ConcurrentGCThread "G1 Refine#0" [stack: 0x00007fae5bcfe000,0x00007fae5bdfe000] [id=2342256]
  0x00007fae880d40f0 ConcurrentGCThread "G1 Service" [stack: 0x00007fae5bbfc000,0x00007fae5bcfc000] [id=2342257]

Threads with active compile tasks:
C2 CompilerThread0    19712 2081 % !   4       crosby.binary.Osmformat$Relation::<init> @ 640 (1085 bytes)

VM state: not at safepoint (normal execution)

VM Mutex/Monitor currently owned by a thread: None

Heap address: 0x0000000740000000, size: 3072 MB, Compressed Oops mode: Zero based, Oop shift amount: 3

CDS archive(s) mapped at: [0x0000000800000000-0x0000000800bdd000-0x0000000800bdd000), size 12439552, SharedBaseAddress: 0x0000000800000000, ArchiveRelocationMode: 0.
Compressed class space mapped at: 0x0000000800c00000-0x0000000840c00000, reserved size: 1073741824
Narrow klass base: 0x0000000800000000, Narrow klass shift: 0, Narrow klass range: 0x100000000

GC Precious Log:
 CPUs: 4 total, 4 available
 Memory: 7862M
 Large Page Support: Disabled
 NUMA Support: Disabled
 Compressed Oops: Enabled (Zero based)
 Heap Region Size: 2M
 Heap Min Capacity: 8M
 Heap Initial Capacity: 124M
 Heap Max Capacity: 3G
 Pre-touch: Disabled
 Parallel Workers: 4
 Concurrent Workers: 1
 Concurrent Refinement Workers: 4
 Periodic GC: Disabled

Heap:
 garbage-first heap   total 307200K, used 159911K [0x0000000740000000, 0x0000000800000000)
  region size 2048K, 74 young (151552K), 2 survivors (4096K)
 Metaspace       used 16105K, committed 16256K, reserved 1064960K
  class space    used 1598K, committed 1664K, reserved 1048576K

Heap Regions: E=young(eden), S=young(survivor), O=old, HS=humongous(starts), HC=humongous(continues), CS=collection set, F=free, OA=open archive, CA=closed archive, TAMS=top-at-mark-start (previous, next)
|   0|0x0000000740000000, 0x0000000740200000, 0x0000000740200000|100%| O|  |TAMS 0x0000000740000000, 0x0000000740000000| Untracked 
|   1|0x0000000740200000, 0x0000000740400000, 0x0000000740400000|100%| O|  |TAMS 0x0000000740200000, 0x0000000740200000| Untracked 
|   2|0x0000000740400000, 0x0000000740600000, 0x0000000740600000|100%| O|  |TAMS 0x0000000740400000, 0x0000000740400000| Untracked 
|   3|0x0000000740600000, 0x000000074063fa00, 0x0000000740800000| 12%| O|  |TAMS 0x0000000740600000, 0x0000000740600000| Untracked 
|   4|0x0000000740800000, 0x0000000740a00000, 0x0000000740a00000|100%|HS|  |TAMS 0x0000000740800000, 0x0000000740800000| Complete 
|   5|0x0000000740a00000, 0x0000000740c00000, 0x0000000740c00000|100%|HS|  |TAMS 0x0000000740a00000, 0x0000000740a00000| Complete 
|   6|0x0000000740c00000, 0x0000000740c00000, 0x0000000740e00000|  0%| F|  |TAMS 0x0000000740c00000, 0x0000000740c00000| Untracked 
|   7|0x0000000740e00000, 0x0000000740e00000, 0x0000000741000000|  0%| F|  |TAMS 0x0000000740e00000, 0x0000000740e00000| Untracked 
|   8|0x0000000741000000, 0x0000000741000000, 0x0000000741200000|  0%| F|  |TAMS 0x0000000741000000, 0x0000000741000000| Untracked 
|   9|0x0000000741200000, 0x0000000741200000, 0x0000000741400000|  0%| F|  |TAMS 0x0000000741200000, 0x0000000741200000| Untracked 
|  10|0x0000000741400000, 0x0000000741400000, 0x0000000741600000|  0%| F|  |TAMS 0x0000000741400000, 0x0000000741400000| Untracked 
|  11|0x0000000741600000, 0x0000000741600000, 0x0000000741800000|  0%| F|  |TAMS 0x0000000741600000, 0x0000000741600000| Untracked 
|  12|0x0000000741800000, 0x0000000741800000, 0x0000000741a00000|  0%| F|  |TAMS 0x0000000741800000, 0x0000000741800000| Untracked 
|  13|0x0000000741a00000, 0x0000000741a00000, 0x0000000741c00000|  0%| F|  |TAMS 0x0000000741a00000, 0x0000000741a00000| Untracked 
|  14|0x0000000741c00000, 0x0000000741c00000, 0x0000000741e00000|  0%| F|  |TAMS 0x0000000741c00000, 0x0000000741c00000| Untracked 
|  15|0x0000000741e00000, 0x0000000741e00000, 0x0000000742000000|  0%| F|  |TAMS 0x0000000741e00000, 0x0000000741e00000| Untracked 
|  16|0x0000000742000000, 0x0000000742000000, 0x0000000742200000|  0%| F|  |TAMS 0x0000000742000000, 0x0000000742000000| Untracked 
|  17|0x0000000742200000, 0x0000000742200000, 0x0000000742400000|  0%| F|  |TAMS 0x0000000742200000, 0x0000000742200000| Untracked 
|  18|0x0000000742400000, 0x0000000742400000, 0x0000000742600000|  0%| F|  |TAMS 0x0000000742400000, 0x0000000742400000| Untracked 
|  19|0x0000000742600000, 0x0000000742600000, 0x0000000742800000|  0%| F|  |TAMS 0x0000000742600000, 0x0000000742600000| Untracked 
|  20|0x0000000742800000, 0x0000000742800000, 0x0000000742a00000|  0%| F|  |TAMS 0x0000000742800000, 0x0000000742800000| Untracked 
|  21|0x0000000742a00000, 0x0000000742a00000, 0x0000000742c00000|  0%| F|  |TAMS 0x0000000742a00000, 0x0000000742a00000| Untracked 
|  22|0x0000000742c00000, 0x0000000742c00000, 0x0000000742e00000|  0%| F|  |TAMS 0x0000000742c00000, 0x0000000742c00000| Untracked 
|  23|0x0000000742e00000, 0x0000000742e00000, 0x0000000743000000|  0%| F|  |TAMS 0x0000000742e00000, 0x0000000742e00000| Untracked 
|  24|0x0000000743000000, 0x0000000743000000, 0x0000000743200000|  0%| F|  |TAMS 0x0000000743000000, 0x0000000743000000| Untracked 
|  25|0x0000000743200000, 0x0000000743200000, 0x0000000743400000|  0%| F|  |TAMS 0x0000000743200000, 0x0000000743200000| Untracked 
|  26|0x0000000743400000, 0x0000000743400000, 0x0000000743600000|  0%| F|  |TAMS 0x0000000743400000, 0x0000000743400000| Untracked 
|  27|0x0000000743600000, 0x0000000743600000, 0x0000000743800000|  0%| F|  |TAMS 0x0000000743600000, 0x0000000743600000| Untracked 
|  28|0x0000000743800000, 0x0000000743800000, 0x0000000743a00000|  0%| F|  |TAMS 0x0000000743800000, 0x0000000743800000| Untracked 
|  29|0x0000000743a00000, 0x0000000743a00000, 0x0000000743c00000|  0%| F|  |TAMS 0x0000000743a00000, 0x0000000743a00000| Untracked 
|  30|0x0000000743c00000, 0x0000000743c00000, 0x0000000743e00000|  0%| F|  |TAMS 0x0000000743c00000, 0x0000000743c00000| Untracked 
|  31|0x0000000743e00000, 0x0000000743e00000, 0x0000000744000000|  0%| F|  |TAMS 0x0000000743e00000, 0x0000000743e00000| Untracked 
|  32|0x0000000744000000, 0x0000000744000000, 0x0000000744200000|  0%| F|  |TAMS 0x0000000744000000, 0x0000000744000000| Untracked 
|  33|0x0000000744200000, 0x0000000744200000, 0x0000000744400000|  0%| F|  |TAMS 0x0000000744200000, 0x0000000744200000| Untracked 
|  34|0x0000000744400000, 0x0000000744400000, 0x0000000744600000|  0%| F|  |TAMS 0x0000000744400000, 0x0000000744400000| Untracked 
|  35|0x0000000744600000, 0x0000000744600000, 0x0000000744800000|  0%| F|  |TAMS 0x0000000744600000, 0x0000000744600000| Untracked 
|  36|0x0000000744800000, 0x0000000744800000, 0x0000000744a00000|  0%| F|  |TAMS 0x0000000744800000, 0x0000000744800000| Untracked 
|  37|0x0000000744a00000, 0x0000000744a00000, 0x0000000744c00000|  0%| F|  |TAMS 0x0000000744a00000, 0x0000000744a00000| Untracked 
|  38|0x0000000744c00000, 0x0000000744c00000, 0x0000000744e00000|  0%| F|  |TAMS 0x0000000744c00000, 0x0000000744c00000| Untracked 
|  39|0x0000000744e00000, 0x0000000744e00000, 0x0000000745000000|  0%| F|  |TAMS 0x0000000744e00000, 0x0000000744e00000| Untracked 
|  40|0x0000000745000000, 0x0000000745000000, 0x0000000745200000|  0%| F|  |TAMS 0x0000000745000000, 0x0000000745000000| Untracked 
|  41|0x0000000745200000, 0x0000000745200000, 0x0000000745400000|  0%| F|  |TAMS 0x0000000745200000, 0x0000000745200000| Untracked 
|  42|0x0000000745400000, 0x0000000745400000, 0x0000000745600000|  0%| F|  |TAMS 0x0000000745400000, 0x0000000745400000| Untracked 
|  43|0x0000000745600000, 0x0000000745600000, 0x0000000745800000|  0%| F|  |TAMS 0x0000000745600000, 0x0000000745600000| Untracked 
|  44|0x0000000745800000, 0x0000000745800000, 0x0000000745a00000|  0%| F|  |TAMS 0x0000000745800000, 0x0000000745800000| Untracked 
|  45|0x0000000745a00000, 0x0000000745a00000, 0x0000000745c00000|  0%| F|  |TAMS 0x0000000745a00000, 0x0000000745a00000| Untracked 
|  46|0x0000000745c00000, 0x0000000745c00000, 0x0000000745e00000|  0%| F|  |TAMS 0x0000000745c00000, 0x0000000745c00000| Untracked 
|  47|0x0000000745e00000, 0x0000000745e00000, 0x0000000746000000|  0%| F|  |TAMS 0x0000000745e00000, 0x0000000745e00000| Untracked 
|  48|0x0000000746000000, 0x0000000746000000, 0x0000000746200000|  0%| F|  |TAMS 0x0000000746000000, 0x0000000746000000| Untracked 
|  49|0x0000000746200000, 0x0000000746200000, 0x0000000746400000|  0%| F|  |TAMS 0x0000000746200000, 0x0000000746200000| Untracked 
|  50|0x0000000746400000, 0x0000000746400000, 0x0000000746600000|  0%| F|  |TAMS 0x0000000746400000, 0x0000000746400000| Untracked 
|  51|0x0000000746600000, 0x0000000746600000, 0x0000000746800000|  0%| F|  |TAMS 0x0000000746600000, 0x0000000746600000| Untracked 
|  52|0x0000000746800000, 0x0000000746800000, 0x0000000746a00000|  0%| F|  |TAMS 0x0000000746800000, 0x0000000746800000| Untracked 
|  53|0x0000000746a00000, 0x0000000746a00000, 0x0000000746c00000|  0%| F|  |TAMS 0x0000000746a00000, 0x0000000746a00000| Untracked 
|  54|0x0000000746c00000, 0x0000000746c00000, 0x0000000746e00000|  0%| F|  |TAMS 0x0000000746c00000, 0x0000000746c00000| Untracked 
|  55|0x0000000746e00000, 0x0000000746e00000, 0x0000000747000000|  0%| F|  |TAMS 0x0000000746e00000, 0x0000000746e00000| Untracked 
|  56|0x0000000747000000, 0x0000000747000000, 0x0000000747200000|  0%| F|  |TAMS 0x0000000747000000, 0x0000000747000000| Untracked 
|  57|0x0000000747200000, 0x00000007473f24f8, 0x0000000747400000| 97%| S|CS|TAMS 0x0000000747200000, 0x0000000747200000| Complete 
|  58|0x0000000747400000, 0x0000000747400000, 0x0000000747600000|  0%| F|  |TAMS 0x0000000747400000, 0x0000000747400000| Untracked 
|  59|0x0000000747600000, 0x0000000747800000, 0x0000000747800000|100%| S|CS|TAMS 0x0000000747600000, 0x0000000747600000| Complete 
|  60|0x0000000747800000, 0x0000000747800000, 0x0000000747a00000|  0%| F|  |TAMS 0x0000000747800000, 0x0000000747800000| Untracked 
|  61|0x0000000747a00000, 0x0000000747a00000, 0x0000000747c00000|  0%| F|  |TAMS 0x0000000747a00000, 0x0000000747a00000| Untracked 
|  62|0x0000000747c00000, 0x0000000747c00000, 0x0000000747e00000|  0%| F|  |TAMS 0x0000000747c00000, 0x0000000747c00000| Untracked 
|  63|0x0000000747e00000, 0x0000000747e00000, 0x0000000748000000|  0%| F|  |TAMS 0x0000000747e00000, 0x0000000747e00000| Untracked 
|  64|0x0000000748000000, 0x0000000748000000, 0x0000000748200000|  0%| F|  |TAMS 0x0000000748000000, 0x0000000748000000| Untracked 
|  65|0x0000000748200000, 0x0000000748200000, 0x0000000748400000|  0%| F|  |TAMS 0x0000000748200000, 0x0000000748200000| Untracked 
|  66|0x0000000748400000, 0x0000000748400000, 0x0000000748600000|  0%| F|  |TAMS 0x0000000748400000, 0x0000000748400000| Untracked 
|  67|0x0000000748600000, 0x0000000748600000, 0x0000000748800000|  0%| F|  |TAMS 0x0000000748600000, 0x0000000748600000| Untracked 
|  68|0x0000000748800000, 0x0000000748800000, 0x0000000748a00000|  0%| F|  |TAMS 0x0000000748800000, 0x0000000748800000| Untracked 
|  69|0x0000000748a00000, 0x0000000748a00000, 0x0000000748c00000|  0%| F|  |TAMS 0x0000000748a00000, 0x0000000748a00000| Untracked 
|  70|0x0000000748c00000, 0x0000000748c00000, 0x0000000748e00000|  0%| F|  |TAMS 0x0000000748c00000, 0x0000000748c00000| Untracked 
|  71|0x0000000748e00000, 0x0000000748e00000, 0x0000000749000000|  0%| F|  |TAMS 0x0000000748e00000, 0x0000000748e00000| Untracked 
|  72|0x0000000749000000, 0x0000000749000000, 0x0000000749200000|  0%| F|  |TAMS 0x0000000749000000, 0x0000000749000000| Untracked 
|  73|0x0000000749200000, 0x0000000749200000, 0x0000000749400000|  0%| F|  |TAMS 0x0000000749200000, 0x0000000749200000| Untracked 
|  74|0x0000000749400000, 0x0000000749400000, 0x0000000749600000|  0%| F|  |TAMS 0x0000000749400000, 0x0000000749400000| Untracked 
|  75|0x0000000749600000, 0x0000000749600000, 0x0000000749800000|  0%| F|  |TAMS 0x0000000749600000, 0x0000000749600000| Untracked 
|  76|0x0000000749800000, 0x0000000749900800, 0x0000000749a00000| 50%| E|  |TAMS 0x0000000749800000, 0x0000000749800000| Complete 
|  77|0x0000000749a00000, 0x0000000749c00000, 0x0000000749c00000|100%| E|CS|TAMS 0x0000000749a00000, 0x0000000749a00000| Complete 
|  78|0x0000000749c00000, 0x0000000749e00000, 0x0000000749e00000|100%| E|CS|TAMS 0x0000000749c00000, 0x0000000749c00000| Complete 
|  79|0x0000000749e00000, 0x000000074a000000, 0x000000074a000000|100%| E|CS|TAMS 0x0000000749e00000, 0x0000000749e00000| Complete 
|  80|0x000000074a000000, 0x000000074a200000, 0x000000074a200000|100%| E|CS|TAMS 0x000000074a000000, 0x000000074a000000| Complete 
|  81|0x000000074a200000, 0x000000074a400000, 0x000000074a400000|100%| E|CS|TAMS 0x000000074a200000, 0x000000074a200000| Complete 
|  82|0x000000074a400000, 0x000000074a600000, 0x000000074a600000|100%| E|CS|TAMS 0x000000074a400000, 0x000000074a400000| Complete 
|  83|0x000000074a600000, 0x000000074a800000, 0x000000074a800000|100%| E|CS|TAMS 0x000000074a600000, 0x000000074a600000| Complete 
|  84|0x000000074a800000, 0x000000074aa00000, 0x000000074aa00000|100%| E|CS|TAMS 0x000000074a800000, 0x000000074a800000| Complete 
|  85|0x000000074aa00000, 0x000000074ac00000, 0x000000074ac00000|100%| E|CS|TAMS 0x000000074aa00000, 0x000000074aa00000| Complete 
|  86|0x000000074ac00000, 0x000000074ae00000, 0x000000074ae00000|100%| E|CS|TAMS 0x000000074ac00000, 0x000000074ac00000| Complete 
|  87|0x000000074ae00000, 0x000000074b000000, 0x000000074b000000|100%| E|CS|TAMS 0x000000074ae00000, 0x000000074ae00000| Complete 
|  88|0x000000074b000000, 0x000000074b200000, 0x000000074b200000|100%| E|CS|TAMS 0x000000074b000000, 0x000000074b000000| Complete 
|  89|0x000000074b200000, 0x000000074b400000, 0x000000074b400000|100%| E|  |TAMS 0x000000074b200000, 0x000000074b200000| Complete 
|  90|0x000000074b400000, 0x000000074b600000, 0x000000074b600000|100%| E|CS|TAMS 0x000000074b400000, 0x000000074b400000| Complete 
|  91|0x000000074b600000, 0x000000074b800000, 0x000000074b800000|100%| E|CS|TAMS 0x000000074b600000, 0x000000074b600000| Complete 
|  92|0x000000074b800000, 0x000000074ba00000, 0x000000074ba00000|100%| E|CS|TAMS 0x000000074b800000, 0x000000074b800000| Complete 
|  93|0x000000074ba00000, 0x000000074bc00000, 0x000000074bc00000|100%| E|CS|TAMS 0x000000074ba00000, 0x000000074ba00000| Complete 
|  94|0x000000074bc00000, 0x000000074be00000, 0x000000074be00000|100%| E|CS|TAMS 0x000000074bc00000, 0x000000074bc00000| Complete 
|  95|0x000000074be00000, 0x000000074c000000, 0x000000074c000000|100%| E|CS|TAMS 0x000000074be00000, 0x000000074be00000| Complete 
|  96|0x000000074c000000, 0x000000074c200000, 0x000000074c200000|100%| E|CS|TAMS 0x000000074c000000, 0x000000074c000000| Complete 
|  97|0x000000074c200000, 0x000000074c400000, 0x000000074c400000|100%| E|CS|TAMS 0x000000074c200000, 0x000000074c200000| Complete 
|  98|0x000000074c400000, 0x000000074c600000, 0x000000074c600000|100%| E|CS|TAMS 0x000000074c400000, 0x000000074c400000| Complete 
|  99|0x000000074c600000, 0x000000074c800000, 0x000000074c800000|100%| E|CS|TAMS 0x000000074c600000, 0x000000074c600000| Complete 
| 100|0x000000074c800000, 0x000000074ca00000, 0x000000074ca00000|100%| E|CS|TAMS 0x000000074c800000, 0x000000074c800000| Complete 
| 101|0x000000074ca00000, 0x000000074cc00000, 0x000000074cc00000|100%| E|CS|TAMS 0x000000074ca00000, 0x000000074ca00000| Complete 
| 102|0x000000074cc00000, 0x000000074ce00000, 0x000000074ce00000|100%| E|CS|TAMS 0x000000074cc00000, 0x000000074cc00000| Complete 
| 103|0x000000074ce00000, 0x000000074d000000, 0x000000074d000000|100%| E|CS|TAMS 0x000000074ce00000, 0x000000074ce00000| Complete 
| 104|0x000000074d000000, 0x000000074d200000, 0x000000074d200000|100%| E|CS|TAMS 0x000000074d000000, 0x000000074d000000| Complete 
| 105|0x000000074d200000, 0x000000074d400000, 0x000000074d400000|100%| E|CS|TAMS 0x000000074d200000, 0x000000074d200000| Complete 
| 106|0x000000074d400000, 0x000000074d600000, 0x000000074d600000|100%| E|CS|TAMS 0x000000074d400000, 0x000000074d400000| Complete 
| 107|0x000000074d600000, 0x000000074d800000, 0x000000074d800000|100%| E|CS|TAMS 0x000000074d600000, 0x000000074d600000| Complete 
| 108|0x000000074d800000, 0x000000074da00000, 0x000000074da00000|100%| E|CS|TAMS 0x000000074d800000, 0x000000074d800000| Complete 
| 109|0x000000074da00000, 0x000000074dc00000, 0x000000074dc00000|100%| E|CS|TAMS 0x000000074da00000, 0x000000074da00000| Complete 
| 110|0x000000074dc00000, 0x000000074de00000, 0x000000074de00000|100%| E|CS|TAMS 0x000000074dc00000, 0x000000074dc00000| Complete 
| 111|0x000000074de00000, 0x000000074e000000, 0x000000074e000000|100%| E|CS|TAMS 0x000000074de00000, 0x000000074de00000| Complete 
| 112|0x000000074e000000, 0x000000074e200000, 0x000000074e200000|100%| E|CS|TAMS 0x000000074e000000, 0x000000074e000000| Complete 
| 113|0x000000074e200000, 0x000000074e400000, 0x000000074e400000|100%| E|CS|TAMS 0x000000074e200000, 0x000000074e200000| Complete 
| 114|0x000000074e400000, 0x000000074e600000, 0x000000074e600000|100%| E|CS|TAMS 0x000000074e400000, 0x000000074e400000| Complete 
| 115|0x000000074e600000, 0x000000074e800000, 0x000000074e800000|100%| E|CS|TAMS 0x000000074e600000, 0x000000074e600000| Complete 
| 116|0x000000074e800000, 0x000000074ea00000, 0x000000074ea00000|100%| E|CS|TAMS 0x000000074e800000, 0x000000074e800000| Complete 
| 117|0x000000074ea00000, 0x000000074ec00000, 0x000000074ec00000|100%| E|CS|TAMS 0x000000074ea00000, 0x000000074ea00000| Complete 
| 118|0x000000074ec00000, 0x000000074ee00000, 0x000000074ee00000|100%| E|CS|TAMS 0x000000074ec00000, 0x000000074ec00000| Complete 
| 119|0x000000074ee00000, 0x000000074f000000, 0x000000074f000000|100%| E|CS|TAMS 0x000000074ee00000, 0x000000074ee00000| Complete 
| 120|0x000000074f000000, 0x000000074f200000, 0x000000074f200000|100%| E|CS|TAMS 0x000000074f000000, 0x000000074f000000| Complete 
| 121|0x000000074f200000, 0x000000074f400000, 0x000000074f400000|100%| E|CS|TAMS 0x000000074f200000, 0x000000074f200000| Complete 
| 122|0x000000074f400000, 0x000000074f600000, 0x000000074f600000|100%| E|CS|TAMS 0x000000074f400000, 0x000000074f400000| Complete 
| 123|0x000000074f600000, 0x000000074f800000, 0x000000074f800000|100%| E|CS|TAMS 0x000000074f600000, 0x000000074f600000| Complete 
| 124|0x000000074f800000, 0x000000074fa00000, 0x000000074fa00000|100%| E|CS|TAMS 0x000000074f800000, 0x000000074f800000| Complete 
| 125|0x000000074fa00000, 0x000000074fc00000, 0x000000074fc00000|100%| E|CS|TAMS 0x000000074fa00000, 0x000000074fa00000| Complete 
| 126|0x000000074fc00000, 0x000000074fe00000, 0x000000074fe00000|100%| E|CS|TAMS 0x000000074fc00000, 0x000000074fc00000| Complete 
| 127|0x000000074fe00000, 0x0000000750000000, 0x0000000750000000|100%| E|CS|TAMS 0x000000074fe00000, 0x000000074fe00000| Complete 
| 128|0x0000000750000000, 0x0000000750200000, 0x0000000750200000|100%| E|CS|TAMS 0x0000000750000000, 0x0000000750000000| Complete 
| 129|0x0000000750200000, 0x0000000750400000, 0x0000000750400000|100%| E|CS|TAMS 0x0000000750200000, 0x0000000750200000| Complete 
| 130|0x0000000750400000, 0x0000000750600000, 0x0000000750600000|100%| E|CS|TAMS 0x0000000750400000, 0x0000000750400000| Complete 
| 131|0x0000000750600000, 0x0000000750800000, 0x0000000750800000|100%| E|CS|TAMS 0x0000000750600000, 0x0000000750600000| Complete 
| 132|0x0000000750800000, 0x0000000750a00000, 0x0000000750a00000|100%| E|CS|TAMS 0x0000000750800000, 0x0000000750800000| Complete 
| 133|0x0000000750a00000, 0x0000000750c00000, 0x0000000750c00000|100%| E|CS|TAMS 0x0000000750a00000, 0x0000000750a00000| Complete 
| 134|0x0000000750c00000, 0x0000000750e00000, 0x0000000750e00000|100%| E|CS|TAMS 0x0000000750c00000, 0x0000000750c00000| Complete 
| 135|0x0000000750e00000, 0x0000000751000000, 0x0000000751000000|100%| E|CS|TAMS 0x0000000750e00000, 0x0000000750e00000| Complete 
| 136|0x0000000751000000, 0x0000000751200000, 0x0000000751200000|100%| E|CS|TAMS 0x0000000751000000, 0x0000000751000000| Complete 
| 137|0x0000000751200000, 0x0000000751400000, 0x0000000751400000|100%| E|CS|TAMS 0x0000000751200000, 0x0000000751200000| Complete 
| 138|0x0000000751400000, 0x0000000751600000, 0x0000000751600000|100%| E|CS|TAMS 0x0000000751400000, 0x0000000751400000| Complete 
| 139|0x0000000751600000, 0x0000000751800000, 0x0000000751800000|100%| E|CS|TAMS 0x0000000751600000, 0x0000000751600000| Complete 
| 140|0x0000000751800000, 0x0000000751a00000, 0x0000000751a00000|100%| E|CS|TAMS 0x0000000751800000, 0x0000000751800000| Complete 
| 141|0x0000000751a00000, 0x0000000751c00000, 0x0000000751c00000|100%| E|CS|TAMS 0x0000000751a00000, 0x0000000751a00000| Complete 
| 142|0x0000000751c00000, 0x0000000751e00000, 0x0000000751e00000|100%| E|CS|TAMS 0x0000000751c00000, 0x0000000751c00000| Complete 
| 143|0x0000000751e00000, 0x0000000752000000, 0x0000000752000000|100%| E|CS|TAMS 0x0000000751e00000, 0x0000000751e00000| Complete 
| 144|0x0000000752000000, 0x0000000752200000, 0x0000000752200000|100%| E|CS|TAMS 0x0000000752000000, 0x0000000752000000| Complete 
| 145|0x0000000752200000, 0x0000000752400000, 0x0000000752400000|100%| E|CS|TAMS 0x0000000752200000, 0x0000000752200000| Complete 
| 146|0x0000000752400000, 0x0000000752600000, 0x0000000752600000|100%| E|CS|TAMS 0x0000000752400000, 0x0000000752400000| Complete 
| 147|0x0000000752600000, 0x0000000752800000, 0x0000000752800000|100%| E|CS|TAMS 0x0000000752600000, 0x0000000752600000| Complete 
|1534|0x00000007ffc00000, 0x00000007ffd76000, 0x00000007ffe00000| 73%|OA|  |TAMS 0x00000007ffc00000, 0x00000007ffc00000| Untracked 
|1535|0x00000007ffe00000, 0x00000007ffe82000, 0x0000000800000000| 25%|CA|  |TAMS 0x00000007ffe00000, 0x00000007ffe00000| Untracked 

Card table byte_map: [0x00007fae708b5000,0x00007fae70eb5000] _byte_map_base: 0x00007fae6ceb5000

Marking Bits (Prev, Next): (CMBitMap*) 0x00007fae8806b310, (CMBitMap*) 0x00007fae8806b350
 Prev Bits: [0x00007fae6d2b5000, 0x00007fae702b5000)
 Next Bits: [0x00007fae6a2b5000, 0x00007fae6d2b5000)

Polling page: 0x00007fae8ecbb000

Metaspace:

Usage:
  Non-class:     14.17 MB used.
      Class:      1.56 MB used.
       Both:     15.73 MB used.

Virtual space:
  Non-class space:       16.00 MB reserved,      14.25 MB ( 89%) committed,  2 nodes.
      Class space:        1.00 GB reserved,       1.62 MB ( <1%) committed,  1 nodes.
             Both:        1.02 GB reserved,      15.88 MB (  2%) committed. 

Chunk freelists:
   Non-Class:  1.13 MB
       Class:  2.34 MB
        Both:  3.47 MB

MaxMetaspaceSize: unlimited
CompressedClassSpaceSize: 1.00 GB
Initial GC threshold: 21.00 MB
Current GC threshold: 21.00 MB
CDS: on
MetaspaceReclaimPolicy: balanced
 - commit_granule_bytes: 65536.
 - commit_granule_words: 8192.
 - virtual_space_node_default_size: 1048576.
 - enlarge_chunks_in_place: 1.
 - new_chunks_are_fully_committed: 0.
 - uncommit_free_chunks: 1.
 - use_allocation_guard: 0.
 - handle_deallocations: 1.


Internal statistics:

num_allocs_failed_limit: 0.
num_arena_births: 72.
num_arena_deaths: 0.
num_vsnodes_births: 3.
num_vsnodes_deaths: 0.
num_space_committed: 254.
num_space_uncommitted: 0.
num_chunks_returned_to_freelist: 0.
num_chunks_taken_from_freelist: 400.
num_chunk_merges: 0.
num_chunk_splits: 287.
num_chunks_enlarged: 230.
num_purges: 0.
num_inconsistent_stats: 0.

CodeHeap 'non-profiled nmethods': size=120032Kb used=1509Kb max_used=1509Kb free=118522Kb
 bounds [0x00007fae78f7d000, 0x00007fae791ed000, 0x00007fae804b5000]
CodeHeap 'profiled nmethods': size=120028Kb used=4172Kb max_used=4172Kb free=115855Kb
 bounds [0x00007fae71a46000, 0x00007fae71e66000, 0x00007fae78f7d000]
CodeHeap 'non-nmethods': size=5700Kb used=1293Kb max_used=1341Kb free=4407Kb
 bounds [0x00007fae714b5000, 0x00007fae71725000, 0x00007fae71a46000]
 total_blobs=2601 nmethods=2062 adapters=452
 compilation: enabled
              stopped_count=0, restarted_count=0
 full_count=0

Compilation events (20 events):
Event: 19.430 Thread 0x00007fae88110330 2075       3       crosby.binary.Osmformat$Relation::<init> (65 bytes)
Event: 19.431 Thread 0x00007fae88110330 nmethod 2075 0x00007fae71e4f610 code [0x00007fae71e4f840, 0x00007fae71e50150]
Event: 19.431 Thread 0x00007fae88110330 2076       3       crosby.binary.Osmformat$Relation$2::parsePartialFrom (7 bytes)
Event: 19.431 Thread 0x00007fae88110330 nmethod 2076 0x00007fae71e50410 code [0x00007fae71e505c0, 0x00007fae71e50720]
Event: 19.431 Thread 0x00007fae88110330 2079       3       crosby.binary.Osmformat$Relation::<init> (7 bytes)
Event: 19.431 Thread 0x00007fae88110330 nmethod 2079 0x00007fae71e50810 code [0x00007fae71e509c0, 0x00007fae71e50b20]
Event: 19.434 Thread 0x00007fae88110330 2083 % !   3       crosby.binary.Osmformat$PrimitiveGroup::<init> @ 26 (566 bytes)
Event: 19.438 Thread 0x00007fae88110330 nmethod 2083% 0x00007fae71e50c10 code [0x00007fae71e511e0, 0x00007fae71e55270]
Event: 19.457 Thread 0x00007fae88110330 2086       3       crosby.binary.Osmformat$PrimitiveGroup::getRelationsCount (10 bytes)
Event: 19.457 Thread 0x00007fae88110330 nmethod 2086 0x00007fae71e56f90 code [0x00007fae71e57140, 0x00007fae71e57320]
Event: 19.457 Thread 0x00007fae88110330 2087       3       crosby.binary.Osmformat$PrimitiveGroup::getRelations (14 bytes)
Event: 19.457 Thread 0x00007fae88110330 nmethod 2087 0x00007fae71e57410 code [0x00007fae71e575c0, 0x00007fae71e578a0]
Event: 19.457 Thread 0x00007fae88110330 2089       3       crosby.binary.Osmformat$Relation::hasId (15 bytes)
Event: 19.458 Thread 0x00007fae88110330 nmethod 2089 0x00007fae71e57990 code [0x00007fae71e57b20, 0x00007fae71e57c90]
Event: 19.458 Thread 0x00007fae88110330 2088       3       crosby.binary.Osmformat$Relation::isInitialized (39 bytes)
Event: 19.458 Thread 0x00007fae88110330 nmethod 2088 0x00007fae71e57d10 code [0x00007fae71e57ee0, 0x00007fae71e581f0]
Event: 19.509 Thread 0x00007fae88110330 2094 %     2       crosby.binary.Osmformat$PrimitiveGroup::isInitialized @ 88 (161 bytes)
Event: 19.510 Thread 0x00007fae88110330 nmethod 2094% 0x00007fae71e58290 code [0x00007fae71e58540, 0x00007fae71e58dd0]
Event: 19.621 Thread 0x00007fae88110330 2096       1       java.lang.invoke.LambdaForm$Name::type (5 bytes)
Event: 19.621 Thread 0x00007fae88110330 nmethod 2096 0x00007fae790f6190 code [0x00007fae790f6320, 0x00007fae790f63f0]

GC Heap History (20 events):
Event: 16.005 GC heap before
{Heap before GC invocations=64 (full 0):
 garbage-first heap   total 307200K, used 192674K [0x0000000740000000, 0x0000000800000000)
  region size 2048K, 90 young (184320K), 2 survivors (4096K)
 Metaspace       used 15934K, committed 16064K, reserved 1064960K
  class space    used 1575K, committed 1664K, reserved 1048576K
}
Event: 16.008 GC heap after
{Heap after GC invocations=65 (full 0):
 garbage-first heap   total 307200K, used 11716K [0x0000000740000000, 0x0000000800000000)
  region size 2048K, 2 young (4096K), 2 survivors (4096K)
 Metaspace       used 15934K, committed 16064K, reserved 1064960K
  class space    used 1575K, committed 1664K, reserved 1048576K
}
Event: 16.355 GC heap before
{Heap before GC invocations=65 (full 0):
 garbage-first heap   total 307200K, used 191940K [0x0000000740000000, 0x0000000800000000)
  region size 2048K, 90 young (184320K), 2 survivors (4096K)
 Metaspace       used 15934K, committed 16064K, reserved 1064960K
  class space    used 1575K, committed 1664K, reserved 1048576K
}
Event: 16.358 GC heap after
{Heap after GC invocations=66 (full 0):
 garbage-first heap   total 307200K, used 12442K [0x0000000740000000, 0x0000000800000000)
  region size 2048K, 2 young (4096K), 2 survivors (4096K)
 Metaspace       used 15934K, committed 16064K, reserved 1064960K
  class space    used 1575K, committed 1664K, reserved 1048576K
}
Event: 16.805 GC heap before
{Heap before GC invocations=66 (full 0):
 garbage-first heap   total 307200K, used 192666K [0x0000000740000000, 0x0000000800000000)
  region size 2048K, 90 young (184320K), 2 survivors (4096K)
 Metaspace       used 15941K, committed 16064K, reserved 1064960K
  class space    used 1575K, committed 1664K, reserved 1048576K
}
Event: 16.806 GC heap after
{Heap after GC invocations=67 (full 0):
 garbage-first heap   total 307200K, used 9466K [0x0000000740000000, 0x0000000800000000)
  region size 2048K, 1 young (2048K), 1 survivors (2048K)
 Metaspace       used 15941K, committed 16064K, reserved 1064960K
  class space    used 1575K, committed 1664K, reserved 1048576K
}
Event: 17.158 GC heap before
{Heap before GC invocations=67 (full 0):
 garbage-first heap   total 307200K, used 191738K [0x0000000740000000, 0x0000000800000000)
  region size 2048K, 90 young (184320K), 1 survivors (2048K)
 Metaspace       used 15941K, committed 16064K, reserved 1064960K
  class space    used 1575K, committed 1664K, reserved 1048576K
}
Event: 17.163 GC heap after
{Heap after GC invocations=68 (full 0):
 garbage-first heap   total 307200K, used 12508K [0x0000000740000000, 0x0000000800000000)
  region size 2048K, 3 young (6144K), 3 survivors (6144K)
 Metaspace       used 15941K, committed 16064K, reserved 1064960K
  class space    used 1575K, committed 1664K, reserved 1048576K
}
Event: 17.486 GC heap before
{Heap before GC invocations=68 (full 0):
 garbage-first heap   total 307200K, used 190684K [0x0000000740000000, 0x0000000800000000)
  region size 2048K, 90 young (184320K), 3 survivors (6144K)
 Metaspace       used 15941K, committed 16064K, reserved 1064960K
  class space    used 1575K, committed 1664K, reserved 1048576K
}
Event: 17.488 GC heap after
{Heap after GC invocations=69 (full 0):
 garbage-first heap   total 307200K, used 12146K [0x0000000740000000, 0x0000000800000000)
  region size 2048K, 2 young (4096K), 2 survivors (4096K)
 Metaspace       used 15941K, committed 16064K, reserved 1064960K
  class space    used 1575K, committed 1664K, reserved 1048576K
}
Event: 17.798 GC heap before
{Heap before GC invocations=69 (full 0):
 garbage-first heap   total 307200K, used 192370K [0x0000000740000000, 0x0000000800000000)
  region size 2048K, 90 young (184320K), 2 survivors (4096K)
 Metaspace       used 15941K, committed 16064K, reserved 1064960K
  class space    used 1575K, committed 1664K, reserved 1048576K
}
Event: 17.799 GC heap after
{Heap after GC invocations=70 (full 0):
 garbage-first heap   total 307200K, used 8971K [0x0000000740000000, 0x0000000800000000)
  region size 2048K, 1 young (2048K), 1 survivors (2048K)
 Metaspace       used 15941K, committed 16064K, reserved 1064960K
  class space    used 1575K, committed 1664K, reserved 1048576K
}
Event: 18.114 GC heap before
{Heap before GC invocations=70 (full 0):
 garbage-first heap   total 307200K, used 191243K [0x0000000740000000, 0x0000000800000000)
  region size 2048K, 90 young (184320K), 1 survivors (2048K)
 Metaspace       used 15941K, committed 16064K, reserved 1064960K
  class space    used 1575K, committed 1664K, reserved 1048576K
}
Event: 18.115 GC heap after
{Heap after GC invocations=71 (full 0):
 garbage-first heap   total 307200K, used 9518K [0x0000000740000000, 0x0000000800000000)
  region size 2048K, 1 young (2048K), 1 survivors (2048K)
 Metaspace       used 15941K, committed 16064K, reserved 1064960K
  class space    used 1575K, committed 1664K, reserved 1048576K
}
Event: 18.438 GC heap before
{Heap before GC invocations=71 (full 0):
 garbage-first heap   total 307200K, used 191790K [0x0000000740000000, 0x0000000800000000)
  region size 2048K, 90 young (184320K), 1 survivors (2048K)
 Metaspace       used 15941K, committed 16064K, reserved 1064960K
  class space    used 1575K, committed 1664K, reserved 1048576K
}
Event: 18.439 GC heap after
{Heap after GC invocations=72 (full 0):
 garbage-first heap   total 307200K, used 8861K [0x0000000740000000, 0x0000000800000000)
  region size 2048K, 1 young (2048K), 1 survivors (2048K)
 Metaspace       used 15941K, committed 16064K, reserved 1064960K
  class space    used 1575K, committed 1664K, reserved 1048576K
}
Event: 18.841 GC heap before
{Heap before GC invocations=72 (full 0):
 garbage-first heap   total 307200K, used 191133K [0x0000000740000000, 0x0000000800000000)
  region size 2048K, 90 young (184320K), 1 survivors (2048K)
 Metaspace       used 15941K, committed 16064K, reserved 1064960K
  class space    used 1575K, committed 1664K, reserved 1048576K
}
Event: 18.845 GC heap after
{Heap after GC invocations=73 (full 0):
 garbage-first heap   total 307200K, used 12113K [0x0000000740000000, 0x0000000800000000)
  region size 2048K, 2 young (4096K), 2 survivors (4096K)
 Metaspace       used 15941K, committed 16064K, reserved 1064960K
  class space    used 1575K, committed 1664K, reserved 1048576K
}
Event: 19.180 GC heap before
{Heap before GC invocations=73 (full 0):
 garbage-first heap   total 307200K, used 190289K [0x0000000740000000, 0x0000000800000000)
  region size 2048K, 90 young (184320K), 2 survivors (4096K)
 Metaspace       used 15941K, committed 16064K, reserved 1064960K
  class space    used 1575K, committed 1664K, reserved 1048576K
}
Event: 19.183 GC heap after
{Heap after GC invocations=74 (full 0):
 garbage-first heap   total 307200K, used 12455K [0x0000000740000000, 0x0000000800000000)
  region size 2048K, 2 young (4096K), 2 survivors (4096K)
 Metaspace       used 15941K, committed 16064K, reserved 1064960K
  class space    used 1575K, committed 1664K, reserved 1048576K
}

Deoptimization events (20 events):
Event: 19.611 Thread 0x00007fae880274c0 Uncommon trap: trap_request=0xffffff45 fr.pc=0x00007fae79088ab8 relative=0x0000000000000098
Event: 19.611 Thread 0x00007fae880274c0 Uncommon trap: reason=unstable_if action=reinterpret pc=0x00007fae79088ab8 method=java.util.Optional.isPresent()Z @ 4 c2
Event: 19.611 Thread 0x00007fae880274c0 DEOPT PACKING pc=0x00007fae79088ab8 sp=0x00007fae8d0f4a10
Event: 19.611 Thread 0x00007fae880274c0 DEOPT UNPACKING pc=0x00007fae71507099 sp=0x00007fae8d0f4968 mode 2
Event: 19.615 Thread 0x00007fae880274c0 Uncommon trap: trap_request=0xffffffc6 fr.pc=0x00007fae79089774 relative=0x0000000000000434
Event: 19.615 Thread 0x00007fae880274c0 Uncommon trap: reason=bimorphic_or_optimized_type_check action=maybe_recompile pc=0x00007fae79089774 method=java.nio.Buffer.<init>(IIIILjdk/internal/access/foreign/MemorySegmentProxy;)V @ 39 c2
Event: 19.615 Thread 0x00007fae880274c0 DEOPT PACKING pc=0x00007fae79089774 sp=0x00007fae8d0f4920
Event: 19.615 Thread 0x00007fae880274c0 DEOPT UNPACKING pc=0x00007fae71507099 sp=0x00007fae8d0f4928 mode 2
Event: 19.616 Thread 0x00007fae880274c0 Uncommon trap: trap_request=0xffffffde fr.pc=0x00007fae79088f04 relative=0x00000000000000e4
Event: 19.616 Thread 0x00007fae880274c0 Uncommon trap: reason=class_check action=maybe_recompile pc=0x00007fae79088f04 method=java.lang.ThreadLocal.get()Ljava/lang/Object; @ 6 c2
Event: 19.616 Thread 0x00007fae880274c0 DEOPT PACKING pc=0x00007fae79088f04 sp=0x00007fae8d0f4990
Event: 19.616 Thread 0x00007fae880274c0 DEOPT UNPACKING pc=0x00007fae71507099 sp=0x00007fae8d0f4948 mode 2
Event: 19.616 Thread 0x00007fae880274c0 Uncommon trap: trap_request=0xffffffde fr.pc=0x00007fae79088f04 relative=0x00000000000000e4
Event: 19.616 Thread 0x00007fae880274c0 Uncommon trap: reason=class_check action=maybe_recompile pc=0x00007fae79088f04 method=java.lang.ThreadLocal.get()Ljava/lang/Object; @ 6 c2
Event: 19.616 Thread 0x00007fae880274c0 DEOPT PACKING pc=0x00007fae79088f04 sp=0x00007fae8d0f49b0
Event: 19.616 Thread 0x00007fae880274c0 DEOPT UNPACKING pc=0x00007fae71507099 sp=0x00007fae8d0f4968 mode 2
Event: 19.622 Thread 0x00007fae880274c0 Uncommon trap: trap_request=0xffffffc6 fr.pc=0x00007fae7908a47c relative=0x00000000000005bc
Event: 19.622 Thread 0x00007fae880274c0 Uncommon trap: reason=bimorphic_or_optimized_type_check action=maybe_recompile pc=0x00007fae7908a47c method=java.nio.Buffer.<init>(IIIILjdk/internal/access/foreign/MemorySegmentProxy;)V @ 39 c2
Event: 19.622 Thread 0x00007fae880274c0 DEOPT PACKING pc=0x00007fae7908a47c sp=0x00007fae8d0f42e0
Event: 19.622 Thread 0x00007fae880274c0 DEOPT UNPACKING pc=0x00007fae71507099 sp=0x00007fae8d0f4270 mode 2

Classes unloaded (0 events):
No events

Classes redefined (0 events):
No events

Internal exceptions (15 events):
Event: 0.285 Thread 0x00007fae880274c0 Exception <a 'java/lang/NoSuchMethodError'{0x0000000747798db8}: 'java.lang.Object java.lang.invoke.DirectMethodHandle$Holder.invokeStaticInit(java.lang.Object)'> (0x0000000747798db8) 
thrown [src/hotspot/share/interpreter/linkResolver.cpp, line 766]
Event: 0.294 Thread 0x00007fae880274c0 Exception <a 'java/lang/NoSuchMethodError'{0x00000007477a8d10}: 'void java.lang.invoke.DirectMethodHandle$Holder.invokeStatic(java.lang.Object, java.lang.Object)'> (0x00000007477a8d10) 
thrown [src/hotspot/share/interpreter/linkResolver.cpp, line 766]
Event: 0.316 Thread 0x00007fae880274c0 Exception <a 'java/lang/NoSuchMethodError'{0x00000007477ef150}: 'int java.lang.invoke.DirectMethodHandle$Holder.invokeSpecial(java.lang.Object, java.lang.Object, java.lang.Object)'> (0x00000007477ef150) 
thrown [src/hotspot/share/interpreter/linkResolver.cpp, line 766]
Event: 0.562 Thread 0x00007fae880274c0 Exception <a 'java/lang/NoSuchMethodError'{0x00000007472f5190}: 'void java.lang.invoke.DirectMethodHandle$Holder.invokeStatic(java.lang.Object, java.lang.Object, java.lang.Object)'> (0x00000007472f5190) 
thrown [src/hotspot/share/interpreter/linkResolver.cpp, line 766]
Event: 0.570 Thread 0x00007fae880274c0 Implicit null exception at 0x00007fae78fb3f75 to 0x00007fae78fb4fd8
Event: 0.772 Thread 0x00007fae880274c0 Exception <a 'java/lang/NoSuchMethodError'{0x0000000747a6e380}: 'java.lang.Object java.lang.invoke.DirectMethodHandle$Holder.invokeStaticInit(java.lang.Object, java.lang.Object, java.lang.Object, java.lang.Object)'> (0x0000000747a6e380) 
thrown [src/hotspot/share/interpreter/linkResolver.cpp, line 766]
Event: 1.159 Thread 0x00007fae0c001ab0 Implicit null exception at 0x00007fae78fd2a5e to 0x00007fae78fd3600
Event: 1.252 Thread 0x00007fae880274c0 Exception <a 'java/lang/NoSuchMethodError'{0x0000000747675608}: 'int java.lang.invoke.DirectMethodHandle$Holder.invokeStaticInit(java.lang.Object, java.lang.Object, java.lang.Object, java.lang.Object)'> (0x0000000747675608) 
thrown [src/hotspot/share/interpreter/linkResolver.cpp, line 766]
Event: 1.256 Thread 0x00007fae880274c0 Exception <a 'java/lang/NoSuchMethodError'{0x000000074767eeb0}: 'java.lang.Object java.lang.invoke.DirectMethodHandle$Holder.invokeInterface(java.lang.Object, java.lang.Object)'> (0x000000074767eeb0) 
thrown [src/hotspot/share/interpreter/linkResolver.cpp, line 766]
Event: 1.257 Thread 0x00007fae880274c0 Exception <a 'java/lang/IncompatibleClassChangeError'{0x00000007476826a8}: Found class java.lang.Object, but interface was expected> (0x00000007476826a8) 
thrown [src/hotspot/share/interpreter/linkResolver.cpp, line 833]
Event: 1.257 Thread 0x00007fae880274c0 Exception <a 'java/lang/NoSuchMethodError'{0x0000000747685610}: 'void java.lang.invoke.DirectMethodHandle$Holder.invokeStaticInit(java.lang.Object, java.lang.Object)'> (0x0000000747685610) 
thrown [src/hotspot/share/interpreter/linkResolver.cpp, line 766]
Event: 1.259 Thread 0x00007fae880274c0 Exception <a 'java/lang/NoSuchMethodError'{0x000000074768b730}: 'int java.lang.invoke.DirectMethodHandle$Holder.invokeStaticInit(java.lang.Object, java.lang.Object)'> (0x000000074768b730) 
thrown [src/hotspot/share/interpreter/linkResolver.cpp, line 766]
Event: 13.983 Thread 0x00007fae880274c0 Implicit null exception at 0x00007fae790b9dcb to 0x00007fae790bbc94
Event: 13.983 Thread 0x00007fae880274c0 Implicit null exception at 0x00007fae790d0f4c to 0x00007fae790d0fc4
Event: 19.621 Thread 0x00007fae880274c0 Exception <a 'java/lang/NoSuchMethodError'{0x0000000749841a78}: 'java.lang.Object java.lang.invoke.Invokers$Holder.invoke_MT(java.lang.Object, java.lang.Object, java.lang.Object)'> (0x0000000749841a78) 
thrown [src/hotspot/share/interpreter/linkResolver.cpp, line 766]

VM Operations (20 events):
Event: 16.005 Executing VM operation: G1CollectForAllocation
Event: 16.008 Executing VM operation: G1CollectForAllocation done
Event: 16.355 Executing VM operation: G1CollectForAllocation
Event: 16.358 Executing VM operation: G1CollectForAllocation done
Event: 16.805 Executing VM operation: G1CollectForAllocation
Event: 16.806 Executing VM operation: G1CollectForAllocation done
Event: 17.158 Executing VM operation: G1CollectForAllocation
Event: 17.163 Executing VM operation: G1CollectForAllocation done
Event: 17.486 Executing VM operation: G1CollectForAllocation
Event: 17.488 Executing VM operation: G1CollectForAllocation done
Event: 17.798 Executing VM operation: G1CollectForAllocation
Event: 17.799 Executing VM operation: G1CollectForAllocation done
Event: 18.114 Executing VM operation: G1CollectForAllocation
Event: 18.115 Executing VM operation: G1CollectForAllocation done
Event: 18.438 Executing VM operation: G1CollectForAllocation
Event: 18.439 Executing VM operation: G1CollectForAllocation done
Event: 18.841 Executing VM operation: G1CollectForAllocation
Event: 18.845 Executing VM operation: G1CollectForAllocation done
Event: 19.180 Executing VM operation: G1CollectForAllocation
Event: 19.183 Executing VM operation: G1CollectForAllocation done

Events (20 events):
Event: 13.023 loading class java/nio/channels/spi/AbstractInterruptibleChannel$1
Event: 13.023 loading class sun/nio/ch/Interruptible
Event: 13.023 loading class sun/nio/ch/Interruptible done
Event: 13.023 loading class java/nio/channels/spi/AbstractInterruptibleChannel$1 done
Event: 13.222 Thread 0x00007fae2c026960 Thread exited: 0x00007fae2c026960
Event: 13.439 Thread 0x00007fae2c273040 Thread added: 0x00007fae2c273040
Event: 13.439 Protecting memory [0x00007fae587cb000,0x00007fae587cf000] with protection modes 0
Event: 15.137 Thread 0x00007fae2c273040 Thread exited: 0x00007fae2c273040
Event: 19.620 loading class java/nio/channels/FileChannel$MapMode
Event: 19.620 loading class java/nio/channels/FileChannel$MapMode done
Event: 19.620 loading class jdk/internal/misc/ExtendedMapMode
Event: 19.620 loading class jdk/internal/misc/ExtendedMapMode done
Event: 19.621 loading class sun/nio/ch/FileChannelImpl$DefaultUnmapper
Event: 19.621 loading class sun/nio/ch/FileChannelImpl$Unmapper
Event: 19.621 loading class jdk/internal/access/foreign/UnmapperProxy
Event: 19.621 loading class jdk/internal/access/foreign/UnmapperProxy done
Event: 19.621 loading class sun/nio/ch/FileChannelImpl$Unmapper done
Event: 19.621 loading class sun/nio/ch/FileChannelImpl$DefaultUnmapper done
Event: 19.622 loading class sun/nio/ch/Util$4
Event: 19.622 loading class sun/nio/ch/Util$4 done


Dynamic libraries:
740000000-752800000 rw-p 00000000 00:00 0 
752800000-7ffc00000 ---p 00000000 00:00 0 
7ffc00000-7ffd00000 rw-p 00000000 00:00 0 
7ffd00000-7ffd76000 rw-p 00c98000 08:02 7604624                          /home/april/.cache/bazel/_bazel_april/1fbec622f8f141d08c1df2d3ebe80745/external/remotejdk17_linux/lib/server/classes.jsa
7ffd76000-7ffe00000 rw-p 00000000 00:00 0 
7ffe00000-7ffe82000 rw-p 00c16000 08:02 7604624                          /home/april/.cache/bazel/_bazel_april/1fbec622f8f141d08c1df2d3ebe80745/external/remotejdk17_linux/lib/server/classes.jsa
7ffe82000-800000000 rw-p 00000000 00:00 0 
800000000-800bdd000 rw-p 00001000 08:02 7604624                          /home/april/.cache/bazel/_bazel_april/1fbec622f8f141d08c1df2d3ebe80745/external/remotejdk17_linux/lib/server/classes.jsa
800bdd000-800c00000 ---p 00000000 00:00 0 
800c00000-800c40000 rw-p 00000000 00:00 0 
800c40000-800cc0000 rw-p 00000000 00:00 0 
800cc0000-800d30000 rw-p 00000000 00:00 0 
800d30000-800d40000 ---p 00000000 00:00 0 
800d40000-800db0000 rw-p 00000000 00:00 0 
800db0000-840c00000 ---p 00000000 00:00 0 
558864600000-558864601000 r-xp 00000000 08:02 7604822                    /home/april/.cache/bazel/_bazel_april/1fbec622f8f141d08c1df2d3ebe80745/external/remotejdk17_linux/bin/java
558864801000-558864802000 r--p 00001000 08:02 7604822                    /home/april/.cache/bazel/_bazel_april/1fbec622f8f141d08c1df2d3ebe80745/external/remotejdk17_linux/bin/java
558864802000-558864803000 rw-p 00002000 08:02 7604822                    /home/april/.cache/bazel/_bazel_april/1fbec622f8f141d08c1df2d3ebe80745/external/remotejdk17_linux/bin/java
558865dff000-558865e20000 rw-p 00000000 00:00 0                          [heap]
7fadf0000000-7fadf0021000 rw-p 00000000 00:00 0 
7fadf0021000-7fadf4000000 ---p 00000000 00:00 0 
7fadf8000000-7fadf8021000 rw-p 00000000 00:00 0 
7fadf8021000-7fadfc000000 ---p 00000000 00:00 0 
7fadfc000000-7fadfc67f000 rw-p 00000000 00:00 0 
7fadfc67f000-7fae00000000 ---p 00000000 00:00 0 
7fae027fe000-7fae03880000 rw-p 00000000 00:00 0 
7fae03880000-7fae03900000 rw-p 00000000 00:00 0 
7fae03900000-7fae03a60000 rw-p 00000000 00:00 0 
7fae03a60000-7fae03a80000 rw-p 00000000 00:00 0 
7fae03a80000-7fae03b00000 rw-p 00000000 00:00 0 
7fae03b00000-7fae03c60000 rw-p 00000000 00:00 0 
7fae03c60000-7fae03d00000 ---p 00000000 00:00 0 
7fae03d00000-7fae03ee0000 rw-p 00000000 00:00 0 
7fae03ee0000-7fae04000000 ---p 00000000 00:00 0 
7fae04000000-7fae04021000 rw-p 00000000 00:00 0 
7fae04021000-7fae08000000 ---p 00000000 00:00 0 
7fae08000000-7fae08021000 rw-p 00000000 00:00 0 
7fae08021000-7fae0c000000 ---p 00000000 00:00 0 
7fae0c000000-7fae0c021000 rw-p 00000000 00:00 0 
7fae0c021000-7fae10000000 ---p 00000000 00:00 0 
7fae10000000-7fae10021000 rw-p 00000000 00:00 0 
7fae10021000-7fae14000000 ---p 00000000 00:00 0 
7fae14000000-7fae14021000 rw-p 00000000 00:00 0 
7fae14021000-7fae18000000 ---p 00000000 00:00 0 
7fae18000000-7fae18d8c000 rw-p 00000000 00:00 0 
7fae18d8c000-7fae1c000000 ---p 00000000 00:00 0 
7fae1c000000-7fae1c021000 rw-p 00000000 00:00 0 
7fae1c021000-7fae20000000 ---p 00000000 00:00 0 
7fae20000000-7fae20021000 rw-p 00000000 00:00 0 
7fae20021000-7fae24000000 ---p 00000000 00:00 0 
7fae24000000-7fae24021000 rw-p 00000000 00:00 0 
7fae24021000-7fae28000000 ---p 00000000 00:00 0 
7fae28000000-7fae28021000 rw-p 00000000 00:00 0 
7fae28021000-7fae2c000000 ---p 00000000 00:00 0 
7fae2c000000-7fae2c6a0000 rw-p 00000000 00:00 0 
7fae2c6a0000-7fae30000000 ---p 00000000 00:00 0 
7fae30000000-7fae30021000 rw-p 00000000 00:00 0 
7fae30021000-7fae34000000 ---p 00000000 00:00 0 
7fae34000000-7fae34021000 rw-p 00000000 00:00 0 
7fae34021000-7fae38000000 ---p 00000000 00:00 0 
7fae38000000-7fae39732000 rw-p 00000000 00:00 0 
7fae39732000-7fae3c000000 ---p 00000000 00:00 0 
7fae3c000000-7fae3c021000 rw-p 00000000 00:00 0 
7fae3c021000-7fae40000000 ---p 00000000 00:00 0 
7fae40000000-7fae40021000 rw-p 00000000 00:00 0 
7fae40021000-7fae44000000 ---p 00000000 00:00 0 
7fae44000000-7fae44021000 rw-p 00000000 00:00 0 
7fae44021000-7fae48000000 ---p 00000000 00:00 0 
7fae48000000-7fae48021000 rw-p 00000000 00:00 0 
7fae48021000-7fae4c000000 ---p 00000000 00:00 0 
7fae4c000000-7fae4c021000 rw-p 00000000 00:00 0 
7fae4c021000-7fae50000000 ---p 00000000 00:00 0 
7fae50000000-7fae50076000 rw-p 00000000 00:00 0 
7fae50076000-7fae54000000 ---p 00000000 00:00 0 
7fae54000000-7fae54021000 rw-p 00000000 00:00 0 
7fae54021000-7fae58000000 ---p 00000000 00:00 0 
7fae587cb000-7fae587cf000 ---p 00000000 00:00 0 
7fae587cf000-7fae588cc000 rw-p 00000000 00:00 0 
7fae589b8000-7fae589bc000 ---p 00000000 00:00 0 
7fae589bc000-7fae58ab9000 rw-p 00000000 00:00 0 
7fae58ab9000-7fae58abd000 ---p 00000000 00:00 0 
7fae58abd000-7fae58bba000 rw-p 00000000 00:00 0 
7fae58bba000-7fae58bbb000 ---p 00000000 00:00 0 
7fae58bbb000-7fae58cbc000 rw-p 00000000 00:00 0 
7fae58cbc000-7fae58cbd000 ---p 00000000 00:00 0 
7fae58cbd000-7fae58dbe000 rw-p 00000000 00:00 0 
7fae58dbe000-7fae58dbf000 ---p 00000000 00:00 0 
7fae58dbf000-7fae58ec0000 rw-p 00000000 00:00 0 
7fae58ec0000-7fae58ec4000 ---p 00000000 00:00 0 
7fae58ec4000-7fae58fc1000 rw-p 00000000 00:00 0 
7fae58fc1000-7fae58fc6000 r-xp 00000000 08:02 7604639                    /home/april/.cache/bazel/_bazel_april/1fbec622f8f141d08c1df2d3ebe80745/external/remotejdk17_linux/lib/libmanagement_ext.so
7fae58fc6000-7fae591c6000 ---p 00005000 08:02 7604639                    /home/april/.cache/bazel/_bazel_april/1fbec622f8f141d08c1df2d3ebe80745/external/remotejdk17_linux/lib/libmanagement_ext.so
7fae591c6000-7fae591c7000 r--p 00005000 08:02 7604639                    /home/april/.cache/bazel/_bazel_april/1fbec622f8f141d08c1df2d3ebe80745/external/remotejdk17_linux/lib/libmanagement_ext.so
7fae591c7000-7fae591c8000 rw-p 00000000 00:00 0 
7fae591c8000-7fae591cc000 r-xp 00000000 08:02 7604633                    /home/april/.cache/bazel/_bazel_april/1fbec622f8f141d08c1df2d3ebe80745/external/remotejdk17_linux/lib/libmanagement.so
7fae591cc000-7fae593cb000 ---p 00004000 08:02 7604633                    /home/april/.cache/bazel/_bazel_april/1fbec622f8f141d08c1df2d3ebe80745/external/remotejdk17_linux/lib/libmanagement.so
7fae593cb000-7fae593cc000 r--p 00003000 08:02 7604633                    /home/april/.cache/bazel/_bazel_april/1fbec622f8f141d08c1df2d3ebe80745/external/remotejdk17_linux/lib/libmanagement.so
7fae593cc000-7fae593cd000 rw-p 00000000 00:00 0 
7fae593cd000-7fae593cf000 r-xp 00000000 08:02 7604612                    /home/april/.cache/bazel/_bazel_april/1fbec622f8f141d08c1df2d3ebe80745/external/remotejdk17_linux/lib/libextnet.so
7fae593cf000-7fae595ce000 ---p 00002000 08:02 7604612                    /home/april/.cache/bazel/_bazel_april/1fbec622f8f141d08c1df2d3ebe80745/external/remotejdk17_linux/lib/libextnet.so
7fae595ce000-7fae595cf000 r--p 00001000 08:02 7604612                    /home/april/.cache/bazel/_bazel_april/1fbec622f8f141d08c1df2d3ebe80745/external/remotejdk17_linux/lib/libextnet.so
7fae595cf000-7fae595d0000 rw-p 00000000 00:00 0 
7fae595d0000-7fae595d4000 ---p 00000000 00:00 0 
7fae595d4000-7fae596d1000 rw-p 00000000 00:00 0 
7fae596d1000-7fae596d8000 r-xp 00000000 08:02 7604618                    /home/april/.cache/bazel/_bazel_april/1fbec622f8f141d08c1df2d3ebe80745/external/remotejdk17_linux/lib/libzip.so
7fae596d8000-7fae598d8000 ---p 00007000 08:02 7604618                    /home/april/.cache/bazel/_bazel_april/1fbec622f8f141d08c1df2d3ebe80745/external/remotejdk17_linux/lib/libzip.so
7fae598d8000-7fae598d9000 r--p 00007000 08:02 7604618                    /home/april/.cache/bazel/_bazel_april/1fbec622f8f141d08c1df2d3ebe80745/external/remotejdk17_linux/lib/libzip.so
7fae598d9000-7fae598da000 rw-p 00000000 00:00 0 
7fae598da000-7fae598ee000 r-xp 00000000 08:02 7604654                    /home/april/.cache/bazel/_bazel_april/1fbec622f8f141d08c1df2d3ebe80745/external/remotejdk17_linux/lib/libnet.so
7fae598ee000-7fae59aee000 ---p 00014000 08:02 7604654                    /home/april/.cache/bazel/_bazel_april/1fbec622f8f141d08c1df2d3ebe80745/external/remotejdk17_linux/lib/libnet.so
7fae59aee000-7fae59aef000 r--p 00014000 08:02 7604654                    /home/april/.cache/bazel/_bazel_april/1fbec622f8f141d08c1df2d3ebe80745/external/remotejdk17_linux/lib/libnet.so
7fae59aef000-7fae59af0000 rw-p 00015000 08:02 7604654                    /home/april/.cache/bazel/_bazel_april/1fbec622f8f141d08c1df2d3ebe80745/external/remotejdk17_linux/lib/libnet.so
7fae59af0000-7fae59b02000 r-xp 00000000 08:02 7604658                    /home/april/.cache/bazel/_bazel_april/1fbec622f8f141d08c1df2d3ebe80745/external/remotejdk17_linux/lib/libnio.so
7fae59b02000-7fae59d01000 ---p 00012000 08:02 7604658                    /home/april/.cache/bazel/_bazel_april/1fbec622f8f141d08c1df2d3ebe80745/external/remotejdk17_linux/lib/libnio.so
7fae59d01000-7fae59d02000 r--p 00011000 08:02 7604658                    /home/april/.cache/bazel/_bazel_april/1fbec622f8f141d08c1df2d3ebe80745/external/remotejdk17_linux/lib/libnio.so
7fae59d02000-7fae59d03000 rw-p 00012000 08:02 7604658                    /home/april/.cache/bazel/_bazel_april/1fbec622f8f141d08c1df2d3ebe80745/external/remotejdk17_linux/lib/libnio.so
7fae59d03000-7fae59d07000 ---p 00000000 00:00 0 
7fae59d07000-7fae59e04000 rw-p 00000000 00:00 0 
7fae59e04000-7fae59e05000 ---p 00000000 00:00 0 
7fae59e05000-7fae59f06000 rw-p 00000000 00:00 0 
7fae59f06000-7fae59f0a000 ---p 00000000 00:00 0 
7fae59f0a000-7fae5a007000 rw-p 00000000 00:00 0 
7fae5a007000-7fae5a00b000 ---p 00000000 00:00 0 
7fae5a00b000-7fae5a108000 rw-p 00000000 00:00 0 
7fae5a108000-7fae5a10c000 ---p 00000000 00:00 0 
7fae5a10c000-7fae5a209000 rw-p 00000000 00:00 0 
7fae5a209000-7fae5a20e000 r-xp 00000000 08:02 7604613                    /home/april/.cache/bazel/_bazel_april/1fbec622f8f141d08c1df2d3ebe80745/external/remotejdk17_linux/lib/libdt_socket.so
7fae5a20e000-7fae5a40d000 ---p 00005000 08:02 7604613                    /home/april/.cache/bazel/_bazel_april/1fbec622f8f141d08c1df2d3ebe80745/external/remotejdk17_linux/lib/libdt_socket.so
7fae5a40d000-7fae5a40e000 r--p 00004000 08:02 7604613                    /home/april/.cache/bazel/_bazel_april/1fbec622f8f141d08c1df2d3ebe80745/external/remotejdk17_linux/lib/libdt_socket.so
7fae5a40e000-7fae5a40f000 rw-p 00005000 08:02 7604613                    /home/april/.cache/bazel/_bazel_april/1fbec622f8f141d08c1df2d3ebe80745/external/remotejdk17_linux/lib/libdt_socket.so
7fae5a40f000-7fae5a413000 ---p 00000000 00:00 0 
7fae5a413000-7fae5a510000 rw-p 00000000 00:00 0 
7fae5a510000-7fae5a514000 ---p 00000000 00:00 0 
7fae5a514000-7fae5a611000 rw-p 00000000 00:00 0 
7fae5a611000-7fae5a615000 ---p 00000000 00:00 0 
7fae5a615000-7fae5a712000 rw-p 00000000 00:00 0 
7fae5a712000-7fae5a716000 ---p 00000000 00:00 0 
7fae5a716000-7fae5a813000 rw-p 00000000 00:00 0 
7fae5a813000-7fae5a817000 ---p 00000000 00:00 0 
7fae5a817000-7fae5a914000 rw-p 00000000 00:00 0 
7fae5a914000-7fae5a918000 ---p 00000000 00:00 0 
7fae5a918000-7fae5aa15000 rw-p 00000000 00:00 0 
7fae5aa15000-7fae5acfc000 r--p 00000000 08:02 6294115                    /usr/lib/locale/locale-archive
7fae5acfc000-7fae5ad00000 ---p 00000000 00:00 0 
7fae5ad00000-7fae5adfd000 rw-p 00000000 00:00 0 
7fae5adfd000-7fae5ae01000 ---p 00000000 00:00 0 
7fae5ae01000-7fae5aefe000 rw-p 00000000 00:00 0 
7fae5aefe000-7fae5aeff000 ---p 00000000 00:00 0 
7fae5aeff000-7fae5b400000 rw-p 00000000 00:00 0 
7fae5b400000-7fae5b800000 rw-p 00000000 00:00 0 
7fae5b888000-7fae5b889000 r--p 00000000 08:02 9970453                    /lib/x86_64-linux-gnu/libnss_dns-2.31.so
7fae5b889000-7fae5b88d000 r-xp 00001000 08:02 9970453                    /lib/x86_64-linux-gnu/libnss_dns-2.31.so
7fae5b88d000-7fae5b88e000 r--p 00005000 08:02 9970453                    /lib/x86_64-linux-gnu/libnss_dns-2.31.so
7fae5b88e000-7fae5b88f000 r--p 00005000 08:02 9970453                    /lib/x86_64-linux-gnu/libnss_dns-2.31.so
7fae5b88f000-7fae5b890000 rw-p 00006000 08:02 9970453                    /lib/x86_64-linux-gnu/libnss_dns-2.31.so
7fae5b890000-7fae5b894000 r--p 00000000 08:02 9970458                    /lib/x86_64-linux-gnu/libresolv-2.31.so
7fae5b894000-7fae5b8a2000 r-xp 00004000 08:02 9970458                    /lib/x86_64-linux-gnu/libresolv-2.31.so
7fae5b8a2000-7fae5b8a5000 r--p 00012000 08:02 9970458                    /lib/x86_64-linux-gnu/libresolv-2.31.so
7fae5b8a5000-7fae5b8a6000 ---p 00015000 08:02 9970458                    /lib/x86_64-linux-gnu/libresolv-2.31.so
7fae5b8a6000-7fae5b8a7000 r--p 00015000 08:02 9970458                    /lib/x86_64-linux-gnu/libresolv-2.31.so
7fae5b8a7000-7fae5b8a8000 rw-p 00016000 08:02 9970458                    /lib/x86_64-linux-gnu/libresolv-2.31.so
7fae5b8a8000-7fae5b8aa000 rw-p 00000000 00:00 0 
7fae5b8aa000-7fae5b977000 r-xp 00000000 08:02 7604662                    /home/april/.cache/bazel/_bazel_april/1fbec622f8f141d08c1df2d3ebe80745/external/remotejdk17_linux/lib/libsvml.so
7fae5b977000-7fae5bb77000 ---p 000cd000 08:02 7604662                    /home/april/.cache/bazel/_bazel_april/1fbec622f8f141d08c1df2d3ebe80745/external/remotejdk17_linux/lib/libsvml.so
7fae5bb77000-7fae5bb78000 r--p 000cd000 08:02 7604662                    /home/april/.cache/bazel/_bazel_april/1fbec622f8f141d08c1df2d3ebe80745/external/remotejdk17_linux/lib/libsvml.so
7fae5bb78000-7fae5bb79000 rw-p 000ce000 08:02 7604662                    /home/april/.cache/bazel/_bazel_april/1fbec622f8f141d08c1df2d3ebe80745/external/remotejdk17_linux/lib/libsvml.so
7fae5bb79000-7fae5bbfa000 rw-p 00000000 00:00 0 
7fae5bbfa000-7fae5bbfb000 ---p 00000000 00:00 0 
7fae5bbfb000-7fae5bcfc000 rw-p 00000000 00:00 0 
7fae5bcfc000-7fae5bcfd000 ---p 00000000 00:00 0 
7fae5bcfd000-7fae5c000000 rw-p 00000000 00:00 0 
7fae5c000000-7fae5c021000 rw-p 00000000 00:00 0 
7fae5c021000-7fae60000000 ---p 00000000 00:00 0 
7fae60000000-7fae60021000 rw-p 00000000 00:00 0 
7fae60021000-7fae64000000 ---p 00000000 00:00 0 
7fae64000000-7fae64021000 rw-p 00000000 00:00 0 
7fae64021000-7fae68000000 ---p 00000000 00:00 0 
7fae68027000-7fae6a755000 rw-p 00000000 00:00 0 
7fae6a755000-7fae6d2a5000 ---p 00000000 00:00 0 
7fae6d2a5000-7fae6d755000 rw-p 00000000 00:00 0 
7fae6d755000-7fae702a5000 ---p 00000000 00:00 0 
7fae702a5000-7fae70349000 rw-p 00000000 00:00 0 
7fae70349000-7fae708b3000 ---p 00000000 00:00 0 
7fae708b3000-7fae70949000 rw-p 00000000 00:00 0 
7fae70949000-7fae70eb3000 ---p 00000000 00:00 0 
7fae70eb3000-7fae70f49000 rw-p 00000000 00:00 0 
7fae70f49000-7fae714b3000 ---p 00000000 00:00 0 
7fae714b3000-7fae714b5000 rw-p 00000000 00:00 0 
7fae714b5000-7fae71725000 rwxp 00000000 00:00 0 
7fae71725000-7fae71a46000 ---p 00000000 00:00 0 
7fae71a46000-7fae71e66000 rwxp 00000000 00:00 0 
7fae71e66000-7fae78f7d000 ---p 00000000 00:00 0 
7fae78f7d000-7fae791ed000 rwxp 00000000 00:00 0 
7fae791ed000-7fae804b5000 ---p 00000000 00:00 0 
7fae804b5000-7fae88000000 r--s 00000000 08:02 7604611                    /home/april/.cache/bazel/_bazel_april/1fbec622f8f141d08c1df2d3ebe80745/external/remotejdk17_linux/lib/modules
7fae88000000-7fae88d80000 rw-p 00000000 00:00 0 
7fae88d80000-7fae8c000000 ---p 00000000 00:00 0 
7fae8c004000-7fae8c005000 r--p 00000000 08:02 9961901                    /lib/x86_64-linux-gnu/libnss_mdns4_minimal.so.2
7fae8c005000-7fae8c007000 r-xp 00001000 08:02 9961901                    /lib/x86_64-linux-gnu/libnss_mdns4_minimal.so.2
7fae8c007000-7fae8c008000 r--p 00003000 08:02 9961901                    /lib/x86_64-linux-gnu/libnss_mdns4_minimal.so.2
7fae8c008000-7fae8c009000 r--p 00003000 08:02 9961901                    /lib/x86_64-linux-gnu/libnss_mdns4_minimal.so.2
7fae8c009000-7fae8c00a000 rw-p 00004000 08:02 9961901                    /lib/x86_64-linux-gnu/libnss_mdns4_minimal.so.2
7fae8c00a000-7fae8c011000 r--s 00000000 08:02 6326568                    /usr/lib/x86_64-linux-gnu/gconv/gconv-modules.cache
7fae8c011000-7fae8c052000 rw-p 00000000 00:00 0 
7fae8c052000-7fae8c053000 ---p 00000000 00:00 0 
7fae8c053000-7fae8c154000 rw-p 00000000 00:00 0 
7fae8c154000-7fae8c155000 ---p 00000000 00:00 0 
7fae8c155000-7fae8c256000 rw-p 00000000 00:00 0 
7fae8c256000-7fae8c257000 ---p 00000000 00:00 0 
7fae8c257000-7fae8c795000 rw-p 00000000 00:00 0 
7fae8c795000-7fae8c87b000 ---p 00000000 00:00 0 
7fae8c87b000-7fae8c884000 rw-p 00000000 00:00 0 
7fae8c884000-7fae8c966000 ---p 00000000 00:00 0 
7fae8c966000-7fae8c96b000 rw-p 00000000 00:00 0 
7fae8c96b000-7fae8c972000 ---p 00000000 00:00 0 
7fae8c972000-7fae8c996000 r-xp 00000000 08:02 7604640                    /home/april/.cache/bazel/_bazel_april/1fbec622f8f141d08c1df2d3ebe80745/external/remotejdk17_linux/lib/libjava.so
7fae8c996000-7fae8cb95000 ---p 00024000 08:02 7604640                    /home/april/.cache/bazel/_bazel_april/1fbec622f8f141d08c1df2d3ebe80745/external/remotejdk17_linux/lib/libjava.so
7fae8cb95000-7fae8cb96000 r--p 00023000 08:02 7604640                    /home/april/.cache/bazel/_bazel_april/1fbec622f8f141d08c1df2d3ebe80745/external/remotejdk17_linux/lib/libjava.so
7fae8cb96000-7fae8cb97000 rw-p 00024000 08:02 7604640                    /home/april/.cache/bazel/_bazel_april/1fbec622f8f141d08c1df2d3ebe80745/external/remotejdk17_linux/lib/libjava.so
7fae8cb97000-7fae8cb98000 rw-p 00000000 00:00 0 
7fae8cb98000-7fae8cbd6000 r-xp 00000000 08:02 7604655                    /home/april/.cache/bazel/_bazel_april/1fbec622f8f141d08c1df2d3ebe80745/external/remotejdk17_linux/lib/libjdwp.so
7fae8cbd6000-7fae8cdd6000 ---p 0003e000 08:02 7604655                    /home/april/.cache/bazel/_bazel_april/1fbec622f8f141d08c1df2d3ebe80745/external/remotejdk17_linux/lib/libjdwp.so
7fae8cdd6000-7fae8cdd7000 r--p 0003e000 08:02 7604655                    /home/april/.cache/bazel/_bazel_april/1fbec622f8f141d08c1df2d3ebe80745/external/remotejdk17_linux/lib/libjdwp.so
7fae8cdd7000-7fae8cdd8000 rw-p 0003f000 08:02 7604655                    /home/april/.cache/bazel/_bazel_april/1fbec622f8f141d08c1df2d3ebe80745/external/remotejdk17_linux/lib/libjdwp.so
7fae8cdd8000-7fae8cdd9000 rw-p 00000000 00:00 0 
7fae8cdd9000-7fae8cdf4000 r-xp 00000000 08:02 7604649                    /home/april/.cache/bazel/_bazel_april/1fbec622f8f141d08c1df2d3ebe80745/external/remotejdk17_linux/lib/libjimage.so
7fae8cdf4000-7fae8cff3000 ---p 0001b000 08:02 7604649                    /home/april/.cache/bazel/_bazel_april/1fbec622f8f141d08c1df2d3ebe80745/external/remotejdk17_linux/lib/libjimage.so
7fae8cff3000-7fae8cff5000 r--p 0001a000 08:02 7604649                    /home/april/.cache/bazel/_bazel_april/1fbec622f8f141d08c1df2d3ebe80745/external/remotejdk17_linux/lib/libjimage.so
7fae8cff5000-7fae8cff6000 rw-p 0001c000 08:02 7604649                    /home/april/.cache/bazel/_bazel_april/1fbec622f8f141d08c1df2d3ebe80745/external/remotejdk17_linux/lib/libjimage.so
7fae8cff6000-7fae8cffa000 ---p 00000000 00:00 0 
7fae8cffa000-7fae8d0f7000 rw-p 00000000 00:00 0 
7fae8d0f7000-7fae8d106000 r--p 00000000 08:02 9970448                    /lib/x86_64-linux-gnu/libm-2.31.so
7fae8d106000-7fae8d1a0000 r-xp 0000f000 08:02 9970448                    /lib/x86_64-linux-gnu/libm-2.31.so
7fae8d1a0000-7fae8d239000 r--p 000a9000 08:02 9970448                    /lib/x86_64-linux-gnu/libm-2.31.so
7fae8d239000-7fae8d23a000 r--p 00141000 08:02 9970448                    /lib/x86_64-linux-gnu/libm-2.31.so
7fae8d23a000-7fae8d23b000 rw-p 00142000 08:02 9970448                    /lib/x86_64-linux-gnu/libm-2.31.so
7fae8d23b000-7fae8d23e000 r--p 00000000 08:02 9970459                    /lib/x86_64-linux-gnu/librt-2.31.so
7fae8d23e000-7fae8d242000 r-xp 00003000 08:02 9970459                    /lib/x86_64-linux-gnu/librt-2.31.so
7fae8d242000-7fae8d243000 r--p 00007000 08:02 9970459                    /lib/x86_64-linux-gnu/librt-2.31.so
7fae8d243000-7fae8d244000 ---p 00008000 08:02 9970459                    /lib/x86_64-linux-gnu/librt-2.31.so
7fae8d244000-7fae8d245000 r--p 00008000 08:02 9970459                    /lib/x86_64-linux-gnu/librt-2.31.so
7fae8d245000-7fae8d246000 rw-p 00009000 08:02 9970459                    /lib/x86_64-linux-gnu/librt-2.31.so
7fae8d246000-7fae8e535000 r-xp 00000000 08:02 7604626                    /home/april/.cache/bazel/_bazel_april/1fbec622f8f141d08c1df2d3ebe80745/external/remotejdk17_linux/lib/server/libjvm.so
7fae8e535000-7fae8e734000 ---p 012ef000 08:02 7604626                    /home/april/.cache/bazel/_bazel_april/1fbec622f8f141d08c1df2d3ebe80745/external/remotejdk17_linux/lib/server/libjvm.so
7fae8e734000-7fae8e7ed000 r--p 012ee000 08:02 7604626                    /home/april/.cache/bazel/_bazel_april/1fbec622f8f141d08c1df2d3ebe80745/external/remotejdk17_linux/lib/server/libjvm.so
7fae8e7ed000-7fae8e822000 rw-p 013a7000 08:02 7604626                    /home/april/.cache/bazel/_bazel_april/1fbec622f8f141d08c1df2d3ebe80745/external/remotejdk17_linux/lib/server/libjvm.so
7fae8e822000-7fae8e87d000 rw-p 00000000 00:00 0 
7fae8e87d000-7fae8e8a2000 r--p 00000000 08:02 9970446                    /lib/x86_64-linux-gnu/libc-2.31.so
7fae8e8a2000-7fae8e9ed000 r-xp 00025000 08:02 9970446                    /lib/x86_64-linux-gnu/libc-2.31.so
7fae8e9ed000-7fae8ea37000 r--p 00170000 08:02 9970446                    /lib/x86_64-linux-gnu/libc-2.31.so
7fae8ea37000-7fae8ea38000 ---p 001ba000 08:02 9970446                    /lib/x86_64-linux-gnu/libc-2.31.so
7fae8ea38000-7fae8ea3b000 r--p 001ba000 08:02 9970446                    /lib/x86_64-linux-gnu/libc-2.31.so
7fae8ea3b000-7fae8ea3e000 rw-p 001bd000 08:02 9970446                    /lib/x86_64-linux-gnu/libc-2.31.so
7fae8ea3e000-7fae8ea42000 rw-p 00000000 00:00 0 
7fae8ea42000-7fae8ea43000 r--p 00000000 08:02 9970447                    /lib/x86_64-linux-gnu/libdl-2.31.so
7fae8ea43000-7fae8ea45000 r-xp 00001000 08:02 9970447                    /lib/x86_64-linux-gnu/libdl-2.31.so
7fae8ea45000-7fae8ea46000 r--p 00003000 08:02 9970447                    /lib/x86_64-linux-gnu/libdl-2.31.so
7fae8ea46000-7fae8ea47000 r--p 00003000 08:02 9970447                    /lib/x86_64-linux-gnu/libdl-2.31.so
7fae8ea47000-7fae8ea48000 rw-p 00004000 08:02 9970447                    /lib/x86_64-linux-gnu/libdl-2.31.so
7fae8ea48000-7fae8ea4f000 r--p 00000000 08:02 9970457                    /lib/x86_64-linux-gnu/libpthread-2.31.so
7fae8ea4f000-7fae8ea5f000 r-xp 00007000 08:02 9970457                    /lib/x86_64-linux-gnu/libpthread-2.31.so
7fae8ea5f000-7fae8ea64000 r--p 00017000 08:02 9970457                    /lib/x86_64-linux-gnu/libpthread-2.31.so
7fae8ea64000-7fae8ea65000 r--p 0001b000 08:02 9970457                    /lib/x86_64-linux-gnu/libpthread-2.31.so
7fae8ea65000-7fae8ea66000 rw-p 0001c000 08:02 9970457                    /lib/x86_64-linux-gnu/libpthread-2.31.so
7fae8ea66000-7fae8ea6a000 rw-p 00000000 00:00 0 
7fae8ea6a000-7fae8ea79000 r-xp 00000000 08:02 7604603                    /home/april/.cache/bazel/_bazel_april/1fbec622f8f141d08c1df2d3ebe80745/external/remotejdk17_linux/lib/libjli.so
7fae8ea79000-7fae8ec79000 ---p 0000f000 08:02 7604603                    /home/april/.cache/bazel/_bazel_april/1fbec622f8f141d08c1df2d3ebe80745/external/remotejdk17_linux/lib/libjli.so
7fae8ec79000-7fae8ec7a000 r--p 0000f000 08:02 7604603                    /home/april/.cache/bazel/_bazel_april/1fbec622f8f141d08c1df2d3ebe80745/external/remotejdk17_linux/lib/libjli.so
7fae8ec7a000-7fae8ec7b000 rw-p 00010000 08:02 7604603                    /home/april/.cache/bazel/_bazel_april/1fbec622f8f141d08c1df2d3ebe80745/external/remotejdk17_linux/lib/libjli.so
7fae8ec7b000-7fae8ec7e000 r--p 00000000 08:02 6426027                    /usr/local/lib/libz.so.1.2.11
7fae8ec7e000-7fae8ec93000 r-xp 00003000 08:02 6426027                    /usr/local/lib/libz.so.1.2.11
7fae8ec93000-7fae8ec99000 r--p 00018000 08:02 6426027                    /usr/local/lib/libz.so.1.2.11
7fae8ec99000-7fae8ec9a000 ---p 0001e000 08:02 6426027                    /usr/local/lib/libz.so.1.2.11
7fae8ec9a000-7fae8ec9b000 r--p 0001e000 08:02 6426027                    /usr/local/lib/libz.so.1.2.11
7fae8ec9b000-7fae8ec9c000 rw-p 0001f000 08:02 6426027                    /usr/local/lib/libz.so.1.2.11
7fae8ec9f000-7fae8eca7000 rw-s 00000000 08:02 11928077                   /tmp/hsperfdata_april/2342251
7fae8eca7000-7fae8ecaa000 r--p 00000000 08:02 9970454                    /lib/x86_64-linux-gnu/libnss_files-2.31.so
7fae8ecaa000-7fae8ecb1000 r-xp 00003000 08:02 9970454                    /lib/x86_64-linux-gnu/libnss_files-2.31.so
7fae8ecb1000-7fae8ecb3000 r--p 0000a000 08:02 9970454                    /lib/x86_64-linux-gnu/libnss_files-2.31.so
7fae8ecb3000-7fae8ecb4000 r--p 0000b000 08:02 9970454                    /lib/x86_64-linux-gnu/libnss_files-2.31.so
7fae8ecb4000-7fae8ecb5000 rw-p 0000c000 08:02 9970454                    /lib/x86_64-linux-gnu/libnss_files-2.31.so
7fae8ecb5000-7fae8ecbb000 rw-p 00000000 00:00 0 
7fae8ecbb000-7fae8ecbc000 ---p 00000000 00:00 0 
7fae8ecbc000-7fae8ecbd000 r--p 00000000 00:00 0 
7fae8ecbd000-7fae8ecbf000 rw-p 00000000 00:00 0 
7fae8ecbf000-7fae8ecc0000 r--p 00000000 08:02 9961480                    /lib/x86_64-linux-gnu/ld-2.31.so
7fae8ecc0000-7fae8ece0000 r-xp 00001000 08:02 9961480                    /lib/x86_64-linux-gnu/ld-2.31.so
7fae8ece0000-7fae8ece8000 r--p 00021000 08:02 9961480                    /lib/x86_64-linux-gnu/ld-2.31.so
7fae8ece8000-7fae8ece9000 ---p 00000000 00:00 0 
7fae8ece9000-7fae8ecea000 r--p 00029000 08:02 9961480                    /lib/x86_64-linux-gnu/ld-2.31.so
7fae8ecea000-7fae8eceb000 rw-p 0002a000 08:02 9961480                    /lib/x86_64-linux-gnu/ld-2.31.so
7fae8eceb000-7fae8ecec000 rw-p 00000000 00:00 0 
7ffedc423000-7ffedc446000 rw-p 00000000 00:00 0                          [stack]
7ffedc55d000-7ffedc561000 r--p 00000000 00:00 0                          [vvar]
7ffedc561000-7ffedc563000 r-xp 00000000 00:00 0                          [vdso]


VM Arguments:
jvm_args: -agentlib:jdwp=transport=dt_socket,server=y,suspend=n,address=0.0.0.0:5005 -Xmx3G 
java_command: org.trailcatalog.importers.ImporterKt --block_size 4048576
java_class_path (initial): ./bazel-bin/java/org/trailcatalog/importers/importer.runfiles/trailcatalog/java/org/trailcatalog/importers/import_lib.jar:./bazel-bin/java/org/trailcatalog/importers/importer.runfiles/trailcatalog/java/org/trailcatalog/importers/libimporter_java.jar:./bazel-bin/java/org/trailcatalog/importers/importer.runfiles/trailcatalog/java/org/trailcatalog/importers/pbf/libpbf_java.jar:./bazel-bin/java/org/trailcatalog/importers/importer.runfiles/trailcatalog/trailcatalog/proto/libencoding_proto-speed.jar:./bazel-bin/java/org/trailcatalog/importers/importer.runfiles/trailcatalog/../com_google_protobuf_protobuf_java/protobuf-java-3.17.0.jar:./bazel-bin/java/org/trailcatalog/importers/importer.runfiles/trailcatalog/../maven/v1/https/repo1.maven.org/maven2/com/google/geometry/s2-geometry/2.0.0/s2-geometry-2.0.0.jar:./bazel-bin/java/org/trailcatalog/importers/importer.runfiles/trailcatalog/../maven/v1/https/repo1.maven.org/maven2/com/google/guava/guava/31.1-jre/guava-31.1-jre.jar:./bazel-bin/java/org/trailcatalog/importers/importer.runfiles/trailcatalog/../maven/v1/https/repo1.maven.org/maven2/com/google/guava/listenablefuture/9999.0-empty-to-avoid-conflict-with-guava/listenablefuture-9999.0-empty-to-avoid-conflict-with-guava.jar:./bazel-bin/java/org/trailcatalog/importers/importer.runfiles/trailcatalog/../maven/v1/https/repo1.maven.org/maven2/com/google/j2objc/j2objc-annotations/1.3/j2objc-annotations-1.3.jar:./bazel-bin/java/org/trailcatalog/importers/importer.runfiles/trailcatalog/../maven/v1/https/repo1.maven.org/maven2/com/google/code/findbugs/jsr305/3.0.2/jsr305-3.0.2.jar:./bazel-bin/java/org/trailcatalog/importers/importer.runfiles/trailcatalog/../maven/v1/https/repo1.maven.org/maven2/org/checkerframework/checker-qual/3.13.0/checker-qual-3.13.0.jar:./bazel-bin/java/org/trailcatalog/importers/importer.runfiles/trailcatalog/../maven/v1/https/repo1.maven.org/maven2/com/google/errorprone/error_prone_annotations/2.11.0/error_prone_annotations-2.11.0.j
Launcher Type: SUN_STANDARD

[Global flags]
     intx CICompilerCount                          = 3                                         {product} {ergonomic}
     uint ConcGCThreads                            = 1                                         {product} {ergonomic}
     uint G1ConcRefinementThreads                  = 4                                         {product} {ergonomic}
   size_t G1HeapRegionSize                         = 2097152                                   {product} {ergonomic}
    uintx GCDrainStackTargetSize                   = 64                                        {product} {ergonomic}
   size_t InitialHeapSize                          = 130023424                                 {product} {ergonomic}
   size_t MarkStackSize                            = 4194304                                   {product} {ergonomic}
   size_t MaxHeapSize                              = 3221225472                                {product} {command line}
   size_t MaxNewSize                               = 1931476992                                {product} {ergonomic}
   size_t MinHeapDeltaBytes                        = 2097152                                   {product} {ergonomic}
   size_t MinHeapSize                              = 8388608                                   {product} {ergonomic}
    uintx NonNMethodCodeHeapSize                   = 5832780                                {pd product} {ergonomic}
    uintx NonProfiledCodeHeapSize                  = 122912730                              {pd product} {ergonomic}
    uintx ProfiledCodeHeapSize                     = 122912730                              {pd product} {ergonomic}
    uintx ReservedCodeCacheSize                    = 251658240                              {pd product} {ergonomic}
     bool SegmentedCodeCache                       = true                                      {product} {ergonomic}
   size_t SoftMaxHeapSize                          = 3221225472                             {manageable} {ergonomic}
     bool UseCompressedClassPointers               = true                           {product lp64_product} {ergonomic}
     bool UseCompressedOops                        = true                           {product lp64_product} {ergonomic}
     bool UseG1GC                                  = true                                      {product} {ergonomic}

Logging:
Log output configuration:
 #0: stdout all=warning uptime,level,tags
 #1: stderr all=off uptime,level,tags

Environment Variables:
PATH=/home/april/.volta/bin:/home/april/bin:/usr/local/bin:/home/april/.local/bin:/home/april/.cargo/bin:/home/april/.sdkman/candidates/kotlin/current/bin:/home/april/.volta/bin:/home/april/bin:/usr/local/bin:/home/april/.local/bin:/home/april/.cargo/bin:/usr/local/bin:/usr/bin:/bin:/usr/games
SHELL=/usr/bin/zsh
LANG=en_US.UTF-8
LC_CTYPE=en_US.UTF-8

Signal Handlers:
   SIGSEGV: crash_handler in libjvm.so, mask=11100100010111111101111111111110, flags=SA_RESTART|SA_SIGINFO
    SIGBUS: crash_handler in libjvm.so, mask=11100100010111111101111111111110, flags=SA_RESTART|SA_SIGINFO
    SIGFPE: crash_handler in libjvm.so, mask=11100100010111111101111111111110, flags=SA_RESTART|SA_SIGINFO
   SIGPIPE: javaSignalHandler in libjvm.so, mask=11100100010111111101111111111110, flags=SA_RESTART|SA_SIGINFO
   SIGXFSZ: javaSignalHandler in libjvm.so, mask=11100100010111111101111111111110, flags=SA_RESTART|SA_SIGINFO
    SIGILL: crash_handler in libjvm.so, mask=11100100010111111101111111111110, flags=SA_RESTART|SA_SIGINFO
   SIGUSR2: SR_handler in libjvm.so, mask=00000000000000000000000000000000, flags=SA_RESTART|SA_SIGINFO
    SIGHUP: UserHandler in libjvm.so, mask=11100100010111111101111111111110, flags=SA_RESTART|SA_SIGINFO
    SIGINT: UserHandler in libjvm.so, mask=11100100010111111101111111111110, flags=SA_RESTART|SA_SIGINFO
   SIGTERM: UserHandler in libjvm.so, mask=11100100010111111101111111111110, flags=SA_RESTART|SA_SIGINFO
   SIGQUIT: UserHandler in libjvm.so, mask=11100100010111111101111111111110, flags=SA_RESTART|SA_SIGINFO
   SIGTRAP: crash_handler in libjvm.so, mask=11100100010111111101111111111110, flags=SA_RESTART|SA_SIGINFO


---------------  S Y S T E M  ---------------

OS:
PRETTY_NAME="Debian GNU/Linux 11 (bullseye)"
NAME="Debian GNU/Linux"
VERSION_ID="11"
VERSION="11 (bullseye)"
VERSION_CODENAME=bullseye
ID=debian
HOME_URL="https://www.debian.org/"
SUPPORT_URL="https://www.debian.org/support"
BUG_REPORT_URL="https://bugs.debian.org/"
uname: Linux 5.10.0-10-amd64 #1 SMP Debian 5.10.84-1 (2021-12-08) x86_64
OS uptime: 61 days 19:13 hours
libc: glibc 2.31 NPTL 2.31 
rlimit (soft/hard): STACK 8192k/infinity , CORE 0k/infinity , NPROC 31156/31156 , NOFILE 1048576/1048576 , AS infinity/infinity , CPU infinity/infinity , DATA infinity/infinity , FSIZE infinity/infinity , MEMLOCK 1006341k/1006341k
load average: 2.16 1.80 1.70

/proc/meminfo:
MemTotal:        8050728 kB
MemFree:          409968 kB
MemAvailable:    4631980 kB
Buffers:          970444 kB
Cached:          3411036 kB
SwapCached:            0 kB
Active:          3150780 kB
Inactive:        3945412 kB
Active(anon):     142900 kB
Inactive(anon):  2748076 kB
Active(file):    3007880 kB
Inactive(file):  1197336 kB
Unevictable:       32524 kB
Mlocked:           10816 kB
SwapTotal:             0 kB
SwapFree:              0 kB
Dirty:               180 kB
Writeback:            36 kB
AnonPages:       2706200 kB
Mapped:           556772 kB
Shmem:            172220 kB
KReclaimable:     320540 kB
Slab:             399528 kB
SReclaimable:     320540 kB
SUnreclaim:        78988 kB
KernelStack:        9312 kB
PageTables:        18560 kB
NFS_Unstable:          0 kB
Bounce:                0 kB
WritebackTmp:          0 kB
CommitLimit:     4025364 kB
Committed_AS:    5134060 kB
VmallocTotal:   34359738367 kB
VmallocUsed:       30544 kB
VmallocChunk:          0 kB
Percpu:             6080 kB
HardwareCorrupted:     0 kB
AnonHugePages:    649216 kB
ShmemHugePages:        0 kB
ShmemPmdMapped:        0 kB
FileHugePages:         0 kB
FilePmdMapped:         0 kB
HugePages_Total:       0
HugePages_Free:        0
HugePages_Rsvd:        0
HugePages_Surp:        0
Hugepagesize:       2048 kB
Hugetlb:               0 kB
DirectMap4k:      959940 kB
DirectMap2M:     7331840 kB
DirectMap1G:     1048576 kB

/sys/kernel/mm/transparent_hugepage/enabled: [always] madvise never
/sys/kernel/mm/transparent_hugepage/defrag (defrag/compaction efforts parameter): always defer defer+madvise [madvise] never

Process Memory:
Virtual Size: 6692664K (peak: 6892732K)
Resident Set Size: 406488K (peak: 406488K) (anon: 376744K, file: 29744K, shmem: 0K)
Swapped out: 0K
C-Heap outstanding allocations: 36204K

/proc/sys/kernel/threads-max (system-wide limit on the number of threads): 62313
/proc/sys/vm/max_map_count (maximum number of memory map areas a process may have): 65530
/proc/sys/kernel/pid_max (system-wide limit on number of process identifiers): 4194304

container (cgroup) information:
container_type: cgroupv2
cpu_cpuset_cpus: not supported
cpu_memory_nodes: not supported
active_processor_count: 4
cpu_quota: not supported
cpu_period: not supported
cpu_shares: not supported
memory_limit_in_bytes: unlimited
memory_and_swap_limit_in_bytes: unlimited
memory_soft_limit_in_bytes: unlimited
memory_usage_in_bytes: 3301015552
memory_max_usage_in_bytes: not supported

Steal ticks since vm start: 0
Steal ticks percentage since vm start:  0.000

CPU: total 4 (initial active 4) (2 cores per cpu, 2 threads per core) family 6 model 69 stepping 1 microcode 0x26, cx8, cmov, fxsr, ht, mmx, sse, sse2, sse3, ssse3, sse4.1, sse4.2, popcnt, lzcnt, tsc, tscinvbit, avx, avx2, aes, erms, clmul, bmi1, bmi2, fma, vzeroupper, clflush
CPU Model and flags from /proc/cpuinfo:
model name	: Intel(R) Core(TM) i5-4300U CPU @ 1.90GHz
flags		: fpu vme de pse tsc msr pae mce cx8 apic sep mtrr pge mca cmov pat pse36 clflush dts acpi mmx fxsr sse sse2 ss ht tm pbe syscall nx pdpe1gb rdtscp lm constant_tsc arch_perfmon pebs bts rep_good nopl xtopology nonstop_tsc cpuid aperfmperf pni pclmulqdq dtes64 monitor ds_cpl vmx smx est tm2 ssse3 sdbg fma cx16 xtpr pdcm pcid sse4_1 sse4_2 x2apic movbe popcnt tsc_deadline_timer aes xsave avx f16c rdrand lahf_lm abm cpuid_fault epb invpcid_single pti ssbd ibrs ibpb stibp tpr_shadow vnmi flexpriority ept vpid ept_ad fsgsbase tsc_adjust bmi1 avx2 smep bmi2 erms invpcid xsaveopt dtherm ida arat pln pts md_clear flush_l1d

Online cpus: 0-3
Offline cpus: 
BIOS frequency limitation: <Not Available>
Frequency switch latency (ns): 20000
Available cpu frequencies: <Not Available>
Current governor: schedutil
Core performance/turbo boost: <Not Available>

Memory: 4k page, physical 8050728k(409968k free), swap 0k(0k free)
Page Sizes: 4k

vm_info: OpenJDK 64-Bit Server VM (17+35-LTS) for linux-amd64 JRE (17+35-LTS) (Zulu17.28+13-CA), built on Sep  2 2021 18:14:33 by "zulu_re" with gcc 7.3.1 20180303 (Red Hat 7.3.1-5)

END.
