#
# A fatal error has been detected by the Java Runtime Environment:
#
#  SIGSEGV (0xb) at pc=0x00007fe5d4f9f0dc, pid=2342780, tid=2342781
#
# JRE version: OpenJDK Runtime Environment Zulu17.28+13-CA (17.0+35) (build 17+35-LTS)
# Java VM: OpenJDK 64-Bit Server VM Zulu17.28+13-CA (17+35-LTS, mixed mode, sharing, tiered, compressed oops, compressed class ptrs, g1 gc, linux-amd64)
# Problematic frame:
# J 451 c2 jdk.internal.misc.ScopedMemoryAccess.getByte(Ljdk/internal/misc/ScopedMemoryAccess$Scope;Ljava/lang/Object;J)B java.base@17 (20 bytes) @ 0x00007fe5d4f9f0dc [0x00007fe5d4f9f0a0+0x000000000000003c]
#
# No core dump will be written. Core dumps have been disabled. To enable core dumping, try "ulimit -c unlimited" before starting Java again
#
# If you would like to submit a bug report, please visit:
#   http://www.azul.com/support/
#

---------------  S U M M A R Y ------------

Command Line: -agentlib:jdwp=transport=dt_socket,server=y,suspend=y,address=0.0.0.0:5005 -Xmx3G org.trailcatalog.importers.ImporterKt --block_size 4048576

Host: Intel(R) Core(TM) i5-4300U CPU @ 1.90GHz, 4 cores, 7G, Debian GNU/Linux 11 (bullseye)
Time: Thu Jul 14 16:37:27 2022 PDT elapsed time: 332.935618 seconds (0d 0h 5m 32s)

---------------  T H R E A D  ---------------

Current thread (0x00007fe5e40274c0):  JavaThread "main" [_thread_in_Java, id=2342781, stack(0x00007fe5eab5d000,0x00007fe5eac5e000)]

Stack: [0x00007fe5eab5d000,0x00007fe5eac5e000],  sp=0x00007fe5eac5bbb0,  free space=1018k
Native frames: (J=compiled Java code, j=interpreted, Vv=VM code, C=native code)
J 451 c2 jdk.internal.misc.ScopedMemoryAccess.getByte(Ljdk/internal/misc/ScopedMemoryAccess$Scope;Ljava/lang/Object;J)B java.base@17 (20 bytes) @ 0x00007fe5d4f9f0dc [0x00007fe5d4f9f0a0+0x000000000000003c]
j  java.nio.DirectByteBuffer.get()B+16 java.base@17
j  org.trailcatalog.importers.pipeline.io.EncodedInputStream.readVarLong()J+6
j  org.trailcatalog.importers.pbf.SerializersKt$registerPbfSerializers$5.read(Lorg/trailcatalog/importers/pipeline/io/EncodedInputStream;)Lorg/trailcatalog/importers/pbf/WaySkeleton;+7
j  org.trailcatalog.importers.pbf.SerializersKt$registerPbfSerializers$5.read(Lorg/trailcatalog/importers/pipeline/io/EncodedInputStream;)Ljava/lang/Object;+2
j  org.trailcatalog.importers.pipeline.collections.MmapPList.next()Ljava/lang/Object;+20
j  org.trailcatalog.importers.pipeline.Concatenate$act$2.invoke(Lorg/trailcatalog/importers/pipeline/collections/Emitter;)V+46
j  org.trailcatalog.importers.pipeline.Concatenate$act$2.invoke(Ljava/lang/Object;)Ljava/lang/Object;+5
j  org.trailcatalog.importers.pipeline.collections.MmapKt.createMmapPList(Lcom/google/common/reflect/TypeToken;Lkotlin/jvm/functions/Function1;)Lorg/trailcatalog/importers/pipeline/collections/MmapPList;+141
j  org.trailcatalog.importers.pipeline.collections.PListKt.createPList(Lcom/google/common/reflect/TypeToken;JLkotlin/jvm/functions/Function1;)Lorg/trailcatalog/importers/pipeline/collections/PList;+14
j  org.trailcatalog.importers.pipeline.Concatenate.act(Ljava/util/List;)Lorg/trailcatalog/importers/pipeline/collections/PCollection;+95
j  org.trailcatalog.importers.pipeline.Concatenate.act(Ljava/lang/Object;)Ljava/lang/Object;+5
j  org.trailcatalog.importers.pipeline.BoundStage.invoke()Ljava/lang/Object;+22
j  org.trailcatalog.importers.ImporterKt$processPbfs$$inlined$groupBy$7.invoke()Lorg/trailcatalog/importers/pipeline/collections/PCollection;+4
j  org.trailcatalog.importers.ImporterKt$processPbfs$$inlined$groupBy$7.invoke()Ljava/lang/Object;+1
j  org.trailcatalog.importers.ImporterKt$processPbfs$$inlined$groupBy$12.getInput()Lorg/trailcatalog/importers/pipeline/collections/PCollection;+4
j  org.trailcatalog.importers.ImporterKt$processPbfs$$inlined$groupBy$12.getInput()Ljava/lang/Object;+1
j  org.trailcatalog.importers.pipeline.BoundStage.invoke()Ljava/lang/Object;+19
j  org.trailcatalog.importers.ImporterKt$processPbfs$$inlined$join2$8.getInput()Lkotlin/Pair;+8
j  org.trailcatalog.importers.ImporterKt$processPbfs$$inlined$join2$8.getInput()Ljava/lang/Object;+1
j  org.trailcatalog.importers.pipeline.BoundStage.invoke()Ljava/lang/Object;+19
j  org.trailcatalog.importers.pipeline.BoundStage$then$1.getInput()Ljava/lang/Object;+4
j  org.trailcatalog.importers.pipeline.BoundStage.invoke()Ljava/lang/Object;+19
j  org.trailcatalog.importers.pipeline.BoundStage$then$1.getInput()Ljava/lang/Object;+4
j  org.trailcatalog.importers.pipeline.BoundStage.invoke()Ljava/lang/Object;+19
j  org.trailcatalog.importers.pipeline.Pipeline.execute()V+62
j  org.trailcatalog.importers.ImporterKt.processPbfs(Lkotlin/Pair;Lcom/zaxxer/hikari/HikariDataSource;)V+1587
j  org.trailcatalog.importers.ImporterKt.main([Ljava/lang/String;)V+349
v  ~StubRoutines::call_stub
V  [libjvm.so+0x852af4]  JavaCalls::call_helper(JavaValue*, methodHandle const&, JavaCallArguments*, JavaThread*)+0x334
V  [libjvm.so+0x8eb239]  jni_invoke_static(JNIEnv_*, JavaValue*, _jobject*, JNICallType, _jmethodID*, JNI_ArgumentPusher*, JavaThread*) [clone .isra.154] [clone .constprop.383]+0x239
V  [libjvm.so+0x8edbcb]  jni_CallStaticVoidMethod+0x14b
C  [libjli.so+0x559d]  JavaMain+0xd5d
C  [libjli.so+0x8579]  ThreadJavaMain+0x9


siginfo: si_signo: 11 (SIGSEGV), si_code: 1 (SEGV_MAPERR), si_addr: 0x00007fe54349e000

Register to memory mapping:

RAX={method} {0x00000008000ad280} 'getByte' '(Ljdk/internal/misc/ScopedMemoryAccess$Scope;Ljava/lang/Object;J)B' in 'jdk/internal/misc/ScopedMemoryAccess'
RBX={method} {0x00000008000ad280} 'getByte' '(Ljdk/internal/misc/ScopedMemoryAccess$Scope;Ljava/lang/Object;J)B' in 'jdk/internal/misc/ScopedMemoryAccess'
RCX=0x0 is NULL
RDX=0x0 is NULL
RSP=0x00007fe5eac5bbb0 is pointing into the stack for thread: 0x00007fe5e40274c0
RBP=0x00007fe5eac5bc90 is pointing into the stack for thread: 0x00007fe5e40274c0
RSI=0x0000000740081878 is an oop: jdk.internal.misc.ScopedMemoryAccess 
{0x0000000740081878} - klass: 'jdk/internal/misc/ScopedMemoryAccess'
 - ---- fields (total size 2 words):
RDI=0x0 is NULL
R8 =0x00007fe54349e000 is an unknown value
R9 =0x0000000000000002 is an unknown value
R10=0x00007fe54349e000 is an unknown value
R11=0x00007fe5d4f9f0c0 is at entry_point+32 in (nmethod*)0x00007fe5d4f9ef10
R12=0x0 is NULL
R13=0x00007fe5eac5bc20 is pointing into the stack for thread: 0x00007fe5e40274c0
R14=0x0 is NULL
R15=0x00007fe5e40274c0 is a thread


Registers:
RAX=0x00000008000ad280, RBX=0x00000008000ad280, RCX=0x0000000000000000, RDX=0x0000000000000000
RSP=0x00007fe5eac5bbb0, RBP=0x00007fe5eac5bc90, RSI=0x0000000740081878, RDI=0x0000000000000000
R8 =0x00007fe54349e000, R9 =0x0000000000000002, R10=0x00007fe54349e000, R11=0x00007fe5d4f9f0c0
R12=0x0000000000000000, R13=0x00007fe5eac5bc20, R14=0x0000000000000000, R15=0x00007fe5e40274c0
RIP=0x00007fe5d4f9f0dc, EFLAGS=0x0000000000010246, CSGSFS=0x002b000000000033, ERR=0x0000000000000004
  TRAPNO=0x000000000000000e

Top of Stack: (sp=0x00007fe5eac5bbb0)
0x00007fe5eac5bbb0:   00007fe5cd4bdb10 00007fe5e40274c0
0x00007fe5eac5bbc0:   0000000000000000 0000000800a714b2
0x00007fe5eac5bbd0:   00007fe5eac5bcb0 00007fe5e40274c0
0x00007fe5eac5bbe0:   00007fe5eac5bc00 00007fe5eb5faae5 

Instructions: (pc=0x00007fe5d4f9f0dc)
0x00007fe5d4f9efdc:   00 00 00 00 00 00 00 00 00 00 00 00 a0 f0 f9 d4
0x00007fe5d4f9efec:   e5 7f 00 00 c0 f0 f9 d4 e5 7f 00 00 a0 f0 f9 d4
0x00007fe5d4f9effc:   e5 7f 00 00 50 02 00 00 ff ff ff ff 90 01 00 00
0x00007fe5d4f9f00c:   50 02 00 00 68 02 00 00 70 02 00 00 00 00 00 00
0x00007fe5d4f9f01c:   f8 02 00 00 38 03 00 00 40 03 00 00 40 03 00 00
0x00007fe5d4f9f02c:   40 03 00 00 40 03 00 00 40 03 00 00 40 03 00 00
0x00007fe5d4f9f03c:   40 00 00 00 c3 01 00 00 04 00 00 00 00 00 00 00
0x00007fe5d4f9f04c:   02 00 00 00 00 00 00 00 00 00 00 00 00 00 00 00
0x00007fe5d4f9f05c:   00 00 00 00 df 01 00 00 02 00 00 00 ff ff ff ff
0x00007fe5d4f9f06c:   ff ff ff ff 14 60 31 b0 2e 64 28 64 5b f0 05 80
0x00007fe5d4f9f07c:   11 64 0f 00 00 64 0f 64 00 00 00 00 00 00 00 00
0x00007fe5d4f9f08c:   00 00 00 00 00 00 00 00 00 00 00 00 00 00 00 00
0x00007fe5d4f9f09c:   00 00 00 00 44 8b 56 08 49 bb 00 00 00 00 08 00
0x00007fe5d4f9f0ac:   00 00 4d 03 d3 49 3b c2 0f 85 c6 26 56 f8 66 90
0x00007fe5d4f9f0bc:   0f 1f 40 00 89 84 24 00 c0 fe ff 55 48 83 ec 50
0x00007fe5d4f9f0cc:   4c 8b d6 48 85 d2 75 1f 48 85 c9 75 3f 4d 8b d0
0x00007fe5d4f9f0dc:   41 0f be 02 48 83 c4 50 5d 49 3b a7 40 03 00 00
0x00007fe5d4f9f0ec:   0f 87 4e 00 00 00 c3 be 54 ff ff ff 4c 89 54 24
0x00007fe5d4f9f0fc:   18 48 89 54 24 20 48 89 4c 24 28 4c 89 44 24 30
0x00007fe5d4f9f10c:   48 89 54 24 38 66 90 e8 e8 7e 56 f8 be 54 ff ff
0x00007fe5d4f9f11c:   ff 48 89 14 24 4c 89 54 24 18 48 89 4c 24 20 4c
0x00007fe5d4f9f12c:   89 44 24 28 48 89 4c 24 30 4c 89 44 24 38 90 e8
0x00007fe5d4f9f13c:   c0 7e 56 f8 49 ba e5 f0 f9 d4 e5 7f 00 00 4d 89
0x00007fe5d4f9f14c:   97 58 03 00 00 e9 aa 8f 56 f8 f4 f4 f4 f4 f4 f4
0x00007fe5d4f9f15c:   f4 f4 f4 f4 e9 1b 88 58 f8 e8 00 00 00 00 48 83
0x00007fe5d4f9f16c:   2c 24 05 e9 2c 82 56 f8 f4 f4 f4 f4 18 4b 17 40
0x00007fe5d4f9f17c:   07 00 00 00 80 d2 0a 00 08 00 00 00 58 16 0b 00
0x00007fe5d4f9f18c:   08 00 00 00 50 5a 05 00 08 00 00 00 ff 06 00 c2
0x00007fe5d4f9f19c:   00 00 c2 01 00 c2 02 01 00 00 c4 03 00 00 00 01
0x00007fe5d4f9f1ac:   05 01 00 00 07 00 c2 00 00 c2 04 00 c2 02 01 00
0x00007fe5d4f9f1bc:   00 c4 03 00 00 00 00 01 00 c2 01 12 02 02 18 2b
0x00007fe5d4f9f1cc:   00 06 00 c2 00 00 02 00 c2 01 01 00 00 c4 02 00 


Stack slot to memory mapping:
stack at sp + 0 slots: 0x00007fe5cd4bdb10 is at code_begin+-112 in 
[CodeBlob (0x00007fe5cd4bdb10)]
Framesize: 0
BufferBlob (0x00007fe5cd4bdb10) used for Interpreter
stack at sp + 1 slots: 0x00007fe5e40274c0 is a thread
stack at sp + 2 slots: 0x0 is NULL
stack at sp + 3 slots: 0x0000000800a714b2 is pointing into metadata
stack at sp + 4 slots: 0x00007fe5eac5bcb0 is pointing into the stack for thread: 0x00007fe5e40274c0
stack at sp + 5 slots: 0x00007fe5e40274c0 is a thread
stack at sp + 6 slots: 0x00007fe5eac5bc00 is pointing into the stack for thread: 0x00007fe5e40274c0
stack at sp + 7 slots: 0x00007fe5eb5faae5: <offset 0x000000000084dae5> in /home/april/.cache/bazel/_bazel_april/1fbec622f8f141d08c1df2d3ebe80745/external/remotejdk17_linux/lib/server/libjvm.so at 0x00007fe5eadad000

--------------------------------------------------------------------------------
[Constant Pool (empty)]

--------------------------------------------------------------------------------

[MachCode]
  0x00007fe5d4f9f0a0: 448b 5608 | 49bb 0000 | 0000 0800 | 0000 4d03 | d349 3bc2 | 0f85 c626 | 56f8 6690 | 0f1f 4000 
  0x00007fe5d4f9f0c0: 8984 2400 | c0fe ff55 | 4883 ec50 | 4c8b d648 | 85d2 751f | 4885 c975 | 3f4d 8bd0 | 410f be02 
  0x00007fe5d4f9f0e0: 4883 c450 | 5d49 3ba7 | 4003 0000 | 0f87 4e00 | 0000 c3be | 54ff ffff | 4c89 5424 | 1848 8954 
  0x00007fe5d4f9f100: 2420 4889 | 4c24 284c | 8944 2430 | 4889 5424 | 3866 90e8 | e87e 56f8 | be54 ffff | ff48 8914 
  0x00007fe5d4f9f120: 244c 8954 | 2418 4889 | 4c24 204c | 8944 2428 | 4889 4c24 | 304c 8944 | 2438 90e8 | c07e 56f8 
  0x00007fe5d4f9f140: 49ba e5f0 | f9d4 e57f | 0000 4d89 | 9758 0300 | 00e9 aa8f | 56f8 f4f4 | f4f4 f4f4 | f4f4 f4f4 
  0x00007fe5d4f9f160: e91b 8858 | f8e8 0000 | 0000 4883 | 2c24 05e9 | 2c82 56f8 | f4f4 f4f4 
[/MachCode]
--------------------------------------------------------------------------------


---------------  P R O C E S S  ---------------

Threads class SMR info:
_java_thread_list=0x00007fe59422d770, length=16, elements={
0x00007fe5e40274c0, 0x00007fe5e41047d0, 0x00007fe5e4105bb0, 0x00007fe5e410ac90,
0x00007fe5e410c040, 0x00007fe5e410d450, 0x00007fe5e410ee00, 0x00007fe5e4110330,
0x00007fe5e41117a0, 0x00007fe5e413aa20, 0x00007fe5e413d940, 0x00007fe580000fd0,
0x00007fe5e413e900, 0x00007fe5e4142d60, 0x00007fe5e4463220, 0x00007fe59422cdc0
}

Java Threads: ( => current thread )
=>0x00007fe5e40274c0 JavaThread "main" [_thread_in_Java, id=2342781, stack(0x00007fe5eab5d000,0x00007fe5eac5e000)]
  0x00007fe5e41047d0 JavaThread "Reference Handler" daemon [_thread_blocked, id=2342788, stack(0x00007fe5e8091000,0x00007fe5e8192000)]
  0x00007fe5e4105bb0 JavaThread "Finalizer" daemon [_thread_blocked, id=2342789, stack(0x00007fe5c4830000,0x00007fe5c4931000)]
  0x00007fe5e410ac90 JavaThread "Signal Dispatcher" daemon [_thread_blocked, id=2342790, stack(0x00007fe5c4448000,0x00007fe5c4549000)]
  0x00007fe5e410c040 JavaThread "Service Thread" daemon [_thread_blocked, id=2342791, stack(0x00007fe5c4347000,0x00007fe5c4448000)]
  0x00007fe5e410d450 JavaThread "Monitor Deflation Thread" daemon [_thread_blocked, id=2342792, stack(0x00007fe5c4246000,0x00007fe5c4347000)]
  0x00007fe5e410ee00 JavaThread "C2 CompilerThread0" daemon [_thread_in_native, id=2342793, stack(0x00007fe5c4145000,0x00007fe5c4246000)]
  0x00007fe5e4110330 JavaThread "C1 CompilerThread0" daemon [_thread_blocked, id=2342794, stack(0x00007fe5c4044000,0x00007fe5c4145000)]
  0x00007fe5e41117a0 JavaThread "Sweeper thread" daemon [_thread_blocked, id=2342795, stack(0x00007fe58feff000,0x00007fe590000000)]
  0x00007fe5e413aa20 JavaThread "JDWP Transport Listener: dt_socket" daemon [_thread_blocked, id=2342796, stack(0x00007fe58fbf8000,0x00007fe58fcf9000)]
  0x00007fe5e413d940 JavaThread "JDWP Event Helper Thread" daemon [_thread_blocked, id=2342797, stack(0x00007fe58faf7000,0x00007fe58fbf8000)]
  0x00007fe580000fd0 JavaThread "JDWP Command Reader" daemon [_thread_in_native, id=2342798, stack(0x00007fe58f9f6000,0x00007fe58faf7000)]
  0x00007fe5e413e900 JavaThread "Notification Thread" daemon [_thread_blocked, id=2342799, stack(0x00007fe58f8f5000,0x00007fe58f9f6000)]
  0x00007fe5e4142d60 JavaThread "Common-Cleaner" daemon [_thread_blocked, id=2342801, stack(0x00007fe58f6f2000,0x00007fe58f7f3000)]
  0x00007fe5e4463220 JavaThread "HikariPool-1 housekeeper" daemon [_thread_blocked, id=2342807, stack(0x00007fe58e5a9000,0x00007fe58e6aa000)]
  0x00007fe59422cdc0 JavaThread "C2 CompilerThread1" daemon [_thread_in_native, id=2342870, stack(0x00007fe58e4a8000,0x00007fe58e5a9000)]

Other Threads:
  0x00007fe5e41008b0 VMThread "VM Thread" [stack: 0x00007fe5e8194000,0x00007fe5e8294000] [id=2342787]
  0x00007fe5e4140150 WatcherThread [stack: 0x00007fe58f7f5000,0x00007fe58f8f5000] [id=2342800]
  0x00007fe5e406a890 GCTaskThread "GC Thread#0" [stack: 0x00007fe5e8bbf000,0x00007fe5e8cbf000] [id=2342782]
  0x00007fe5a8005110 GCTaskThread "GC Thread#1" [stack: 0x00007fe58e8b0000,0x00007fe58e9b0000] [id=2342804]
  0x00007fe5a8005b40 GCTaskThread "GC Thread#2" [stack: 0x00007fe58e7ae000,0x00007fe58e8ae000] [id=2342805]
  0x00007fe5a800a590 GCTaskThread "GC Thread#3" [stack: 0x00007fe58e6ac000,0x00007fe58e7ac000] [id=2342806]
  0x00007fe5e4077e70 ConcurrentGCThread "G1 Main Marker" [stack: 0x00007fe5e8abd000,0x00007fe5e8bbd000] [id=2342783]
  0x00007fe5e4078dd0 ConcurrentGCThread "G1 Conc#0" [stack: 0x00007fe5e89bb000,0x00007fe5e8abb000] [id=2342784]
  0x00007fe5e40d3200 ConcurrentGCThread "G1 Refine#0" [stack: 0x00007fe5e84b5000,0x00007fe5e85b5000] [id=2342785]
  0x00007fe5e40d40f0 ConcurrentGCThread "G1 Service" [stack: 0x00007fe5e83b3000,0x00007fe5e84b3000] [id=2342786]

Threads with active compile tasks:
C2 CompilerThread0   332951 2117 % !   4       crosby.binary.Osmformat$Relation::<init> @ 758 (1085 bytes)
C2 CompilerThread1   332951 2127       4       crosby.binary.Osmformat$PrimitiveGroup::getRelations (14 bytes)

VM state: not at safepoint (normal execution)

VM Mutex/Monitor currently owned by a thread: None

Heap address: 0x0000000740000000, size: 3072 MB, Compressed Oops mode: Zero based, Oop shift amount: 3

CDS archive(s) mapped at: [0x0000000800000000-0x0000000800bdd000-0x0000000800bdd000), size 12439552, SharedBaseAddress: 0x0000000800000000, ArchiveRelocationMode: 0.
Compressed class space mapped at: 0x0000000800c00000-0x0000000840c00000, reserved size: 1073741824
Narrow klass base: 0x0000000800000000, Narrow klass shift: 0, Narrow klass range: 0x100000000

GC Precious Log:
 CPUs: 4 total, 4 available
 Memory: 7862M
 Large Page Support: Disabled
 NUMA Support: Disabled
 Compressed Oops: Enabled (Zero based)
 Heap Region Size: 2M
 Heap Min Capacity: 8M
 Heap Initial Capacity: 124M
 Heap Max Capacity: 3G
 Pre-touch: Disabled
 Parallel Workers: 4
 Concurrent Workers: 1
 Concurrent Refinement Workers: 4
 Periodic GC: Disabled

Heap:
 garbage-first heap   total 305152K, used 74142K [0x0000000740000000, 0x0000000800000000)
  region size 2048K, 33 young (67584K), 3 survivors (6144K)
 Metaspace       used 16209K, committed 16384K, reserved 1064960K
  class space    used 1609K, committed 1664K, reserved 1048576K

Heap Regions: E=young(eden), S=young(survivor), O=old, HS=humongous(starts), HC=humongous(continues), CS=collection set, F=free, OA=open archive, CA=closed archive, TAMS=top-at-mark-start (previous, next)
|   0|0x0000000740000000, 0x0000000740200000, 0x0000000740200000|100%| O|  |TAMS 0x0000000740000000, 0x0000000740000000| Untracked 
|   1|0x0000000740200000, 0x0000000740400000, 0x0000000740400000|100%| O|  |TAMS 0x0000000740200000, 0x0000000740200000| Untracked 
|   2|0x0000000740400000, 0x0000000740600000, 0x0000000740600000|100%| O|  |TAMS 0x0000000740400000, 0x0000000740400000| Untracked 
|   3|0x0000000740600000, 0x000000074064e200, 0x0000000740800000| 15%| O|  |TAMS 0x0000000740600000, 0x0000000740600000| Untracked 
|   4|0x0000000740800000, 0x0000000740a00000, 0x0000000740a00000|100%|HS|  |TAMS 0x0000000740800000, 0x0000000740800000| Complete 
|   5|0x0000000740a00000, 0x0000000740c00000, 0x0000000740c00000|100%|HS|  |TAMS 0x0000000740a00000, 0x0000000740a00000| Complete 
|   6|0x0000000740c00000, 0x0000000740c00000, 0x0000000740e00000|  0%| F|  |TAMS 0x0000000740c00000, 0x0000000740c00000| Untracked 
|   7|0x0000000740e00000, 0x0000000740e00000, 0x0000000741000000|  0%| F|  |TAMS 0x0000000740e00000, 0x0000000740e00000| Untracked 
|   8|0x0000000741000000, 0x0000000741000000, 0x0000000741200000|  0%| F|  |TAMS 0x0000000741000000, 0x0000000741000000| Untracked 
|   9|0x0000000741200000, 0x0000000741200000, 0x0000000741400000|  0%| F|  |TAMS 0x0000000741200000, 0x0000000741200000| Untracked 
|  10|0x0000000741400000, 0x0000000741400000, 0x0000000741600000|  0%| F|  |TAMS 0x0000000741400000, 0x0000000741400000| Untracked 
|  11|0x0000000741600000, 0x0000000741600000, 0x0000000741800000|  0%| F|  |TAMS 0x0000000741600000, 0x0000000741600000| Untracked 
|  12|0x0000000741800000, 0x0000000741800000, 0x0000000741a00000|  0%| F|  |TAMS 0x0000000741800000, 0x0000000741800000| Untracked 
|  13|0x0000000741a00000, 0x0000000741a00000, 0x0000000741c00000|  0%| F|  |TAMS 0x0000000741a00000, 0x0000000741a00000| Untracked 
|  14|0x0000000741c00000, 0x0000000741c00000, 0x0000000741e00000|  0%| F|  |TAMS 0x0000000741c00000, 0x0000000741c00000| Untracked 
|  15|0x0000000741e00000, 0x0000000741e00000, 0x0000000742000000|  0%| F|  |TAMS 0x0000000741e00000, 0x0000000741e00000| Untracked 
|  16|0x0000000742000000, 0x0000000742000000, 0x0000000742200000|  0%| F|  |TAMS 0x0000000742000000, 0x0000000742000000| Untracked 
|  17|0x0000000742200000, 0x0000000742200000, 0x0000000742400000|  0%| F|  |TAMS 0x0000000742200000, 0x0000000742200000| Untracked 
|  18|0x0000000742400000, 0x0000000742400000, 0x0000000742600000|  0%| F|  |TAMS 0x0000000742400000, 0x0000000742400000| Untracked 
|  19|0x0000000742600000, 0x0000000742600000, 0x0000000742800000|  0%| F|  |TAMS 0x0000000742600000, 0x0000000742600000| Untracked 
|  20|0x0000000742800000, 0x0000000742800000, 0x0000000742a00000|  0%| F|  |TAMS 0x0000000742800000, 0x0000000742800000| Untracked 
|  21|0x0000000742a00000, 0x0000000742a00000, 0x0000000742c00000|  0%| F|  |TAMS 0x0000000742a00000, 0x0000000742a00000| Untracked 
|  22|0x0000000742c00000, 0x0000000742c00000, 0x0000000742e00000|  0%| F|  |TAMS 0x0000000742c00000, 0x0000000742c00000| Untracked 
|  23|0x0000000742e00000, 0x0000000742e00000, 0x0000000743000000|  0%| F|  |TAMS 0x0000000742e00000, 0x0000000742e00000| Untracked 
|  24|0x0000000743000000, 0x0000000743000000, 0x0000000743200000|  0%| F|  |TAMS 0x0000000743000000, 0x0000000743000000| Untracked 
|  25|0x0000000743200000, 0x0000000743200000, 0x0000000743400000|  0%| F|  |TAMS 0x0000000743200000, 0x0000000743200000| Untracked 
|  26|0x0000000743400000, 0x0000000743400000, 0x0000000743600000|  0%| F|  |TAMS 0x0000000743400000, 0x0000000743400000| Untracked 
|  27|0x0000000743600000, 0x0000000743600000, 0x0000000743800000|  0%| F|  |TAMS 0x0000000743600000, 0x0000000743600000| Untracked 
|  28|0x0000000743800000, 0x0000000743800000, 0x0000000743a00000|  0%| F|  |TAMS 0x0000000743800000, 0x0000000743800000| Untracked 
|  29|0x0000000743a00000, 0x0000000743a00000, 0x0000000743c00000|  0%| F|  |TAMS 0x0000000743a00000, 0x0000000743a00000| Untracked 
|  30|0x0000000743c00000, 0x0000000743c00000, 0x0000000743e00000|  0%| F|  |TAMS 0x0000000743c00000, 0x0000000743c00000| Untracked 
|  31|0x0000000743e00000, 0x0000000743e00000, 0x0000000744000000|  0%| F|  |TAMS 0x0000000743e00000, 0x0000000743e00000| Untracked 
|  32|0x0000000744000000, 0x0000000744000000, 0x0000000744200000|  0%| F|  |TAMS 0x0000000744000000, 0x0000000744000000| Untracked 
|  33|0x0000000744200000, 0x0000000744200000, 0x0000000744400000|  0%| F|  |TAMS 0x0000000744200000, 0x0000000744200000| Untracked 
|  34|0x0000000744400000, 0x0000000744400000, 0x0000000744600000|  0%| F|  |TAMS 0x0000000744400000, 0x0000000744400000| Untracked 
|  35|0x0000000744600000, 0x0000000744600000, 0x0000000744800000|  0%| F|  |TAMS 0x0000000744600000, 0x0000000744600000| Untracked 
|  36|0x0000000744800000, 0x0000000744800000, 0x0000000744a00000|  0%| F|  |TAMS 0x0000000744800000, 0x0000000744800000| Untracked 
|  37|0x0000000744a00000, 0x0000000744a00000, 0x0000000744c00000|  0%| F|  |TAMS 0x0000000744a00000, 0x0000000744a00000| Untracked 
|  38|0x0000000744c00000, 0x0000000744c00000, 0x0000000744e00000|  0%| F|  |TAMS 0x0000000744c00000, 0x0000000744c00000| Untracked 
|  39|0x0000000744e00000, 0x0000000744e00000, 0x0000000745000000|  0%| F|  |TAMS 0x0000000744e00000, 0x0000000744e00000| Untracked 
|  40|0x0000000745000000, 0x0000000745000000, 0x0000000745200000|  0%| F|  |TAMS 0x0000000745000000, 0x0000000745000000| Untracked 
|  41|0x0000000745200000, 0x0000000745200000, 0x0000000745400000|  0%| F|  |TAMS 0x0000000745200000, 0x0000000745200000| Untracked 
|  42|0x0000000745400000, 0x0000000745400000, 0x0000000745600000|  0%| F|  |TAMS 0x0000000745400000, 0x0000000745400000| Untracked 
|  43|0x0000000745600000, 0x0000000745600000, 0x0000000745800000|  0%| F|  |TAMS 0x0000000745600000, 0x0000000745600000| Untracked 
|  44|0x0000000745800000, 0x0000000745800000, 0x0000000745a00000|  0%| F|  |TAMS 0x0000000745800000, 0x0000000745800000| Untracked 
|  45|0x0000000745a00000, 0x0000000745a00000, 0x0000000745c00000|  0%| F|  |TAMS 0x0000000745a00000, 0x0000000745a00000| Untracked 
|  46|0x0000000745c00000, 0x0000000745c00000, 0x0000000745e00000|  0%| F|  |TAMS 0x0000000745c00000, 0x0000000745c00000| Untracked 
|  47|0x0000000745e00000, 0x0000000745e00000, 0x0000000746000000|  0%| F|  |TAMS 0x0000000745e00000, 0x0000000745e00000| Untracked 
|  48|0x0000000746000000, 0x0000000746000000, 0x0000000746200000|  0%| F|  |TAMS 0x0000000746000000, 0x0000000746000000| Untracked 
|  49|0x0000000746200000, 0x0000000746200000, 0x0000000746400000|  0%| F|  |TAMS 0x0000000746200000, 0x0000000746200000| Untracked 
|  50|0x0000000746400000, 0x0000000746400000, 0x0000000746600000|  0%| F|  |TAMS 0x0000000746400000, 0x0000000746400000| Untracked 
|  51|0x0000000746600000, 0x0000000746600000, 0x0000000746800000|  0%| F|  |TAMS 0x0000000746600000, 0x0000000746600000| Untracked 
|  52|0x0000000746800000, 0x0000000746800000, 0x0000000746a00000|  0%| F|  |TAMS 0x0000000746800000, 0x0000000746800000| Untracked 
|  53|0x0000000746a00000, 0x0000000746a00000, 0x0000000746c00000|  0%| F|  |TAMS 0x0000000746a00000, 0x0000000746a00000| Untracked 
|  54|0x0000000746c00000, 0x0000000746c00000, 0x0000000746e00000|  0%| F|  |TAMS 0x0000000746c00000, 0x0000000746c00000| Untracked 
|  55|0x0000000746e00000, 0x0000000746e21978, 0x0000000747000000|  6%| S|CS|TAMS 0x0000000746e00000, 0x0000000746e00000| Complete 
|  56|0x0000000747000000, 0x0000000747200000, 0x0000000747200000|100%| S|CS|TAMS 0x0000000747000000, 0x0000000747000000| Complete 
|  57|0x0000000747200000, 0x0000000747400000, 0x0000000747400000|100%| S|CS|TAMS 0x0000000747200000, 0x0000000747200000| Complete 
|  58|0x0000000747400000, 0x0000000747400000, 0x0000000747600000|  0%| F|  |TAMS 0x0000000747400000, 0x0000000747400000| Untracked 
|  59|0x0000000747600000, 0x0000000747600000, 0x0000000747800000|  0%| F|  |TAMS 0x0000000747600000, 0x0000000747600000| Untracked 
|  60|0x0000000747800000, 0x0000000747800000, 0x0000000747a00000|  0%| F|  |TAMS 0x0000000747800000, 0x0000000747800000| Untracked 
|  61|0x0000000747a00000, 0x0000000747a00000, 0x0000000747c00000|  0%| F|  |TAMS 0x0000000747a00000, 0x0000000747a00000| Untracked 
|  62|0x0000000747c00000, 0x0000000747c00000, 0x0000000747e00000|  0%| F|  |TAMS 0x0000000747c00000, 0x0000000747c00000| Untracked 
|  63|0x0000000747e00000, 0x0000000747e00000, 0x0000000748000000|  0%| F|  |TAMS 0x0000000747e00000, 0x0000000747e00000| Untracked 
|  64|0x0000000748000000, 0x0000000748000000, 0x0000000748200000|  0%| F|  |TAMS 0x0000000748000000, 0x0000000748000000| Untracked 
|  65|0x0000000748200000, 0x0000000748200000, 0x0000000748400000|  0%| F|  |TAMS 0x0000000748200000, 0x0000000748200000| Untracked 
|  66|0x0000000748400000, 0x0000000748400000, 0x0000000748600000|  0%| F|  |TAMS 0x0000000748400000, 0x0000000748400000| Untracked 
|  67|0x0000000748600000, 0x0000000748600000, 0x0000000748800000|  0%| F|  |TAMS 0x0000000748600000, 0x0000000748600000| Untracked 
|  68|0x0000000748800000, 0x0000000748800000, 0x0000000748a00000|  0%| F|  |TAMS 0x0000000748800000, 0x0000000748800000| Untracked 
|  69|0x0000000748a00000, 0x0000000748a00000, 0x0000000748c00000|  0%| F|  |TAMS 0x0000000748a00000, 0x0000000748a00000| Untracked 
|  70|0x0000000748c00000, 0x0000000748c00000, 0x0000000748e00000|  0%| F|  |TAMS 0x0000000748c00000, 0x0000000748c00000| Untracked 
|  71|0x0000000748e00000, 0x0000000748e00000, 0x0000000749000000|  0%| F|  |TAMS 0x0000000748e00000, 0x0000000748e00000| Untracked 
|  72|0x0000000749000000, 0x0000000749000000, 0x0000000749200000|  0%| F|  |TAMS 0x0000000749000000, 0x0000000749000000| Untracked 
|  73|0x0000000749200000, 0x0000000749200000, 0x0000000749400000|  0%| F|  |TAMS 0x0000000749200000, 0x0000000749200000| Untracked 
|  74|0x0000000749400000, 0x0000000749400000, 0x0000000749600000|  0%| F|  |TAMS 0x0000000749400000, 0x0000000749400000| Untracked 
|  75|0x0000000749600000, 0x0000000749600000, 0x0000000749800000|  0%| F|  |TAMS 0x0000000749600000, 0x0000000749600000| Untracked 
|  76|0x0000000749800000, 0x0000000749800000, 0x0000000749a00000|  0%| F|  |TAMS 0x0000000749800000, 0x0000000749800000| Untracked 
|  77|0x0000000749a00000, 0x0000000749a00000, 0x0000000749c00000|  0%| F|  |TAMS 0x0000000749a00000, 0x0000000749a00000| Untracked 
|  78|0x0000000749c00000, 0x0000000749c00000, 0x0000000749e00000|  0%| F|  |TAMS 0x0000000749c00000, 0x0000000749c00000| Untracked 
|  79|0x0000000749e00000, 0x0000000749e00000, 0x000000074a000000|  0%| F|  |TAMS 0x0000000749e00000, 0x0000000749e00000| Untracked 
|  80|0x000000074a000000, 0x000000074a000000, 0x000000074a200000|  0%| F|  |TAMS 0x000000074a000000, 0x000000074a000000| Untracked 
|  81|0x000000074a200000, 0x000000074a200000, 0x000000074a400000|  0%| F|  |TAMS 0x000000074a200000, 0x000000074a200000| Untracked 
|  82|0x000000074a400000, 0x000000074a400000, 0x000000074a600000|  0%| F|  |TAMS 0x000000074a400000, 0x000000074a400000| Untracked 
|  83|0x000000074a600000, 0x000000074a600000, 0x000000074a800000|  0%| F|  |TAMS 0x000000074a600000, 0x000000074a600000| Untracked 
|  84|0x000000074a800000, 0x000000074a800000, 0x000000074aa00000|  0%| F|  |TAMS 0x000000074a800000, 0x000000074a800000| Untracked 
|  85|0x000000074aa00000, 0x000000074aa00000, 0x000000074ac00000|  0%| F|  |TAMS 0x000000074aa00000, 0x000000074aa00000| Untracked 
|  86|0x000000074ac00000, 0x000000074ac00000, 0x000000074ae00000|  0%| F|  |TAMS 0x000000074ac00000, 0x000000074ac00000| Untracked 
|  87|0x000000074ae00000, 0x000000074ae00000, 0x000000074b000000|  0%| F|  |TAMS 0x000000074ae00000, 0x000000074ae00000| Untracked 
|  88|0x000000074b000000, 0x000000074b000000, 0x000000074b200000|  0%| F|  |TAMS 0x000000074b000000, 0x000000074b000000| Untracked 
|  89|0x000000074b200000, 0x000000074b200000, 0x000000074b400000|  0%| F|  |TAMS 0x000000074b200000, 0x000000074b200000| Untracked 
|  90|0x000000074b400000, 0x000000074b400000, 0x000000074b600000|  0%| F|  |TAMS 0x000000074b400000, 0x000000074b400000| Untracked 
|  91|0x000000074b600000, 0x000000074b600000, 0x000000074b800000|  0%| F|  |TAMS 0x000000074b600000, 0x000000074b600000| Untracked 
|  92|0x000000074b800000, 0x000000074b800000, 0x000000074ba00000|  0%| F|  |TAMS 0x000000074b800000, 0x000000074b800000| Untracked 
|  93|0x000000074ba00000, 0x000000074ba00000, 0x000000074bc00000|  0%| F|  |TAMS 0x000000074ba00000, 0x000000074ba00000| Untracked 
|  94|0x000000074bc00000, 0x000000074bc00000, 0x000000074be00000|  0%| F|  |TAMS 0x000000074bc00000, 0x000000074bc00000| Untracked 
|  95|0x000000074be00000, 0x000000074be00000, 0x000000074c000000|  0%| F|  |TAMS 0x000000074be00000, 0x000000074be00000| Untracked 
|  96|0x000000074c000000, 0x000000074c000000, 0x000000074c200000|  0%| F|  |TAMS 0x000000074c000000, 0x000000074c000000| Untracked 
|  97|0x000000074c200000, 0x000000074c200000, 0x000000074c400000|  0%| F|  |TAMS 0x000000074c200000, 0x000000074c200000| Untracked 
|  98|0x000000074c400000, 0x000000074c400000, 0x000000074c600000|  0%| F|  |TAMS 0x000000074c400000, 0x000000074c400000| Untracked 
|  99|0x000000074c600000, 0x000000074c600000, 0x000000074c800000|  0%| F|  |TAMS 0x000000074c600000, 0x000000074c600000| Untracked 
| 100|0x000000074c800000, 0x000000074c800000, 0x000000074ca00000|  0%| F|  |TAMS 0x000000074c800000, 0x000000074c800000| Untracked 
| 101|0x000000074ca00000, 0x000000074ca00000, 0x000000074cc00000|  0%| F|  |TAMS 0x000000074ca00000, 0x000000074ca00000| Untracked 
| 102|0x000000074cc00000, 0x000000074cc00000, 0x000000074ce00000|  0%| F|  |TAMS 0x000000074cc00000, 0x000000074cc00000| Untracked 
| 103|0x000000074ce00000, 0x000000074ce00000, 0x000000074d000000|  0%| F|  |TAMS 0x000000074ce00000, 0x000000074ce00000| Untracked 
| 104|0x000000074d000000, 0x000000074d000000, 0x000000074d200000|  0%| F|  |TAMS 0x000000074d000000, 0x000000074d000000| Untracked 
| 105|0x000000074d200000, 0x000000074d200000, 0x000000074d400000|  0%| F|  |TAMS 0x000000074d200000, 0x000000074d200000| Untracked 
| 106|0x000000074d400000, 0x000000074d400000, 0x000000074d600000|  0%| F|  |TAMS 0x000000074d400000, 0x000000074d400000| Untracked 
| 107|0x000000074d600000, 0x000000074d600000, 0x000000074d800000|  0%| F|  |TAMS 0x000000074d600000, 0x000000074d600000| Untracked 
| 108|0x000000074d800000, 0x000000074d800000, 0x000000074da00000|  0%| F|  |TAMS 0x000000074d800000, 0x000000074d800000| Untracked 
| 109|0x000000074da00000, 0x000000074da00000, 0x000000074dc00000|  0%| F|  |TAMS 0x000000074da00000, 0x000000074da00000| Untracked 
| 110|0x000000074dc00000, 0x000000074dc00000, 0x000000074de00000|  0%| F|  |TAMS 0x000000074dc00000, 0x000000074dc00000| Untracked 
| 111|0x000000074de00000, 0x000000074de00000, 0x000000074e000000|  0%| F|  |TAMS 0x000000074de00000, 0x000000074de00000| Untracked 
| 112|0x000000074e000000, 0x000000074e000000, 0x000000074e200000|  0%| F|  |TAMS 0x000000074e000000, 0x000000074e000000| Untracked 
| 113|0x000000074e200000, 0x000000074e200000, 0x000000074e400000|  0%| F|  |TAMS 0x000000074e200000, 0x000000074e200000| Untracked 
| 114|0x000000074e400000, 0x000000074e400000, 0x000000074e600000|  0%| F|  |TAMS 0x000000074e400000, 0x000000074e400000| Untracked 
| 115|0x000000074e600000, 0x000000074e600000, 0x000000074e800000|  0%| F|  |TAMS 0x000000074e600000, 0x000000074e600000| Untracked 
| 116|0x000000074e800000, 0x000000074e800000, 0x000000074ea00000|  0%| F|  |TAMS 0x000000074e800000, 0x000000074e800000| Untracked 
| 117|0x000000074ea00000, 0x000000074eb00800, 0x000000074ec00000| 50%| E|  |TAMS 0x000000074ea00000, 0x000000074ea00000| Complete 
| 118|0x000000074ec00000, 0x000000074ee00000, 0x000000074ee00000|100%| E|CS|TAMS 0x000000074ec00000, 0x000000074ec00000| Complete 
| 119|0x000000074ee00000, 0x000000074f000000, 0x000000074f000000|100%| E|CS|TAMS 0x000000074ee00000, 0x000000074ee00000| Complete 
| 120|0x000000074f000000, 0x000000074f200000, 0x000000074f200000|100%| E|CS|TAMS 0x000000074f000000, 0x000000074f000000| Complete 
| 121|0x000000074f200000, 0x000000074f400000, 0x000000074f400000|100%| E|CS|TAMS 0x000000074f200000, 0x000000074f200000| Complete 
| 122|0x000000074f400000, 0x000000074f600000, 0x000000074f600000|100%| E|CS|TAMS 0x000000074f400000, 0x000000074f400000| Complete 
| 123|0x000000074f600000, 0x000000074f800000, 0x000000074f800000|100%| E|CS|TAMS 0x000000074f600000, 0x000000074f600000| Complete 
| 124|0x000000074f800000, 0x000000074fa00000, 0x000000074fa00000|100%| E|  |TAMS 0x000000074f800000, 0x000000074f800000| Complete 
| 125|0x000000074fa00000, 0x000000074fc00000, 0x000000074fc00000|100%| E|CS|TAMS 0x000000074fa00000, 0x000000074fa00000| Complete 
| 126|0x000000074fc00000, 0x000000074fe00000, 0x000000074fe00000|100%| E|CS|TAMS 0x000000074fc00000, 0x000000074fc00000| Complete 
| 127|0x000000074fe00000, 0x0000000750000000, 0x0000000750000000|100%| E|CS|TAMS 0x000000074fe00000, 0x000000074fe00000| Complete 
| 128|0x0000000750000000, 0x0000000750200000, 0x0000000750200000|100%| E|CS|TAMS 0x0000000750000000, 0x0000000750000000| Complete 
| 129|0x0000000750200000, 0x0000000750400000, 0x0000000750400000|100%| E|CS|TAMS 0x0000000750200000, 0x0000000750200000| Complete 
| 130|0x0000000750400000, 0x0000000750600000, 0x0000000750600000|100%| E|CS|TAMS 0x0000000750400000, 0x0000000750400000| Complete 
| 131|0x0000000750600000, 0x0000000750800000, 0x0000000750800000|100%| E|CS|TAMS 0x0000000750600000, 0x0000000750600000| Complete 
| 132|0x0000000750800000, 0x0000000750a00000, 0x0000000750a00000|100%| E|CS|TAMS 0x0000000750800000, 0x0000000750800000| Complete 
| 133|0x0000000750a00000, 0x0000000750c00000, 0x0000000750c00000|100%| E|CS|TAMS 0x0000000750a00000, 0x0000000750a00000| Complete 
| 134|0x0000000750c00000, 0x0000000750e00000, 0x0000000750e00000|100%| E|CS|TAMS 0x0000000750c00000, 0x0000000750c00000| Complete 
| 135|0x0000000750e00000, 0x0000000751000000, 0x0000000751000000|100%| E|CS|TAMS 0x0000000750e00000, 0x0000000750e00000| Complete 
| 136|0x0000000751000000, 0x0000000751200000, 0x0000000751200000|100%| E|CS|TAMS 0x0000000751000000, 0x0000000751000000| Complete 
| 137|0x0000000751200000, 0x0000000751400000, 0x0000000751400000|100%| E|CS|TAMS 0x0000000751200000, 0x0000000751200000| Complete 
| 138|0x0000000751400000, 0x0000000751600000, 0x0000000751600000|100%| E|CS|TAMS 0x0000000751400000, 0x0000000751400000| Complete 
| 139|0x0000000751600000, 0x0000000751800000, 0x0000000751800000|100%| E|CS|TAMS 0x0000000751600000, 0x0000000751600000| Complete 
| 140|0x0000000751800000, 0x0000000751a00000, 0x0000000751a00000|100%| E|CS|TAMS 0x0000000751800000, 0x0000000751800000| Complete 
| 141|0x0000000751a00000, 0x0000000751c00000, 0x0000000751c00000|100%| E|CS|TAMS 0x0000000751a00000, 0x0000000751a00000| Complete 
| 142|0x0000000751c00000, 0x0000000751e00000, 0x0000000751e00000|100%| E|CS|TAMS 0x0000000751c00000, 0x0000000751c00000| Complete 
| 143|0x0000000751e00000, 0x0000000752000000, 0x0000000752000000|100%| E|CS|TAMS 0x0000000751e00000, 0x0000000751e00000| Complete 
| 144|0x0000000752000000, 0x0000000752200000, 0x0000000752200000|100%| E|CS|TAMS 0x0000000752000000, 0x0000000752000000| Complete 
| 145|0x0000000752200000, 0x0000000752400000, 0x0000000752400000|100%| E|CS|TAMS 0x0000000752200000, 0x0000000752200000| Complete 
| 146|0x0000000752400000, 0x0000000752600000, 0x0000000752600000|100%| E|CS|TAMS 0x0000000752400000, 0x0000000752400000| Complete 
|1534|0x00000007ffc00000, 0x00000007ffd76000, 0x00000007ffe00000| 73%|OA|  |TAMS 0x00000007ffc00000, 0x00000007ffc00000| Untracked 
|1535|0x00000007ffe00000, 0x00000007ffe82000, 0x0000000800000000| 25%|CA|  |TAMS 0x00000007ffe00000, 0x00000007ffe00000| Untracked 

Card table byte_map: [0x00007fe5e92f3000,0x00007fe5e98f3000] _byte_map_base: 0x00007fe5e58f3000

Marking Bits (Prev, Next): (CMBitMap*) 0x00007fe5e406b310, (CMBitMap*) 0x00007fe5e406b350
 Prev Bits: [0x00007fe5ca4b5000, 0x00007fe5cd4b5000)
 Next Bits: [0x00007fe5c74b5000, 0x00007fe5ca4b5000)

Polling page: 0x00007fe5ec822000

Metaspace:

Usage:
  Non-class:     14.26 MB used.
      Class:      1.57 MB used.
       Both:     15.83 MB used.

Virtual space:
  Non-class space:       16.00 MB reserved,      14.38 MB ( 90%) committed,  2 nodes.
      Class space:        1.00 GB reserved,       1.62 MB ( <1%) committed,  1 nodes.
             Both:        1.02 GB reserved,      16.00 MB (  2%) committed. 

Chunk freelists:
   Non-Class:  1.09 MB
       Class:  2.33 MB
        Both:  3.42 MB

MaxMetaspaceSize: unlimited
CompressedClassSpaceSize: 1.00 GB
Initial GC threshold: 21.00 MB
Current GC threshold: 21.00 MB
CDS: on
MetaspaceReclaimPolicy: balanced
 - commit_granule_bytes: 65536.
 - commit_granule_words: 8192.
 - virtual_space_node_default_size: 1048576.
 - enlarge_chunks_in_place: 1.
 - new_chunks_are_fully_committed: 0.
 - uncommit_free_chunks: 1.
 - use_allocation_guard: 0.
 - handle_deallocations: 1.


Internal statistics:

num_allocs_failed_limit: 0.
num_arena_births: 72.
num_arena_deaths: 0.
num_vsnodes_births: 3.
num_vsnodes_deaths: 0.
num_space_committed: 256.
num_space_uncommitted: 0.
num_chunks_returned_to_freelist: 0.
num_chunks_taken_from_freelist: 401.
num_chunk_merges: 0.
num_chunk_splits: 290.
num_chunks_enlarged: 233.
num_purges: 0.
num_inconsistent_stats: 0.

CodeHeap 'non-profiled nmethods': size=120032Kb used=1447Kb max_used=1447Kb free=118584Kb
 bounds [0x00007fe5d4f7d000, 0x00007fe5d51ed000, 0x00007fe5dc4b5000]
CodeHeap 'profiled nmethods': size=120028Kb used=4695Kb max_used=4695Kb free=115332Kb
 bounds [0x00007fe5cda46000, 0x00007fe5cdee6000, 0x00007fe5d4f7d000]
CodeHeap 'non-nmethods': size=5700Kb used=1292Kb max_used=1327Kb free=4407Kb
 bounds [0x00007fe5cd4b5000, 0x00007fe5cd725000, 0x00007fe5cda46000]
 total_blobs=2653 nmethods=2114 adapters=452
 compilation: enabled
              stopped_count=0, restarted_count=0
 full_count=0

Compilation events (20 events):
Event: 332.746 Thread 0x00007fe5e4110330 nmethod 2118 0x00007fe5cded2e10 code [0x00007fe5cded33a0, 0x00007fe5cded6c10]
Event: 332.757 Thread 0x00007fe5e4110330 2119       3       crosby.binary.Osmformat$PrimitiveGroup::getRelationsCount (10 bytes)
Event: 332.757 Thread 0x00007fe5e4110330 nmethod 2119 0x00007fe5cded8210 code [0x00007fe5cded83c0, 0x00007fe5cded85a0]
Event: 332.757 Thread 0x00007fe5e4110330 2120       3       crosby.binary.Osmformat$PrimitiveGroup::getRelations (14 bytes)
Event: 332.757 Thread 0x00007fe5e4110330 nmethod 2120 0x00007fe5cded8690 code [0x00007fe5cded8840, 0x00007fe5cded8b20]
Event: 332.757 Thread 0x00007fe5e4110330 2121       3       crosby.binary.Osmformat$Relation::isInitialized (39 bytes)
Event: 332.757 Thread 0x00007fe5e4110330 nmethod 2121 0x00007fe5cded8c10 code [0x00007fe5cded8de0, 0x00007fe5cded90f0]
Event: 332.757 Thread 0x00007fe5e4110330 2122       3       crosby.binary.Osmformat$Relation::hasId (15 bytes)
Event: 332.757 Thread 0x00007fe5e4110330 nmethod 2122 0x00007fe5cded9190 code [0x00007fe5cded9320, 0x00007fe5cded9490]
Event: 332.870 Thread 0x00007fe5e4110330 2130       2       java.lang.invoke.MethodHandles$Lookup::in (283 bytes)
Event: 332.873 Thread 0x00007fe5e4110330 nmethod 2130 0x00007fe5cded9510 code [0x00007fe5cded9820, 0x00007fe5cdeda400]
Event: 332.873 Thread 0x00007fe5e4110330 2131   !   2       java.lang.invoke.MemberName$Factory::resolve (159 bytes)
Event: 332.873 Thread 0x00007fe5e4110330 nmethod 2131 0x00007fe5cdedab10 code [0x00007fe5cdedad20, 0x00007fe5cdedb1a0]
Event: 332.873 Thread 0x00007fe5e4110330 2132       1       java.lang.invoke.LambdaForm$Name::type (5 bytes)
Event: 332.873 Thread 0x00007fe5e4110330 nmethod 2132 0x00007fe5d50e2110 code [0x00007fe5d50e22a0, 0x00007fe5d50e2370]
Event: 332.910 Thread 0x00007fe5e4110330 2133   !   2       java.security.SecureRandom::nextBytes (41 bytes)
Event: 332.911 Thread 0x00007fe5e4110330 nmethod 2133 0x00007fe5cdedb510 code [0x00007fe5cdedb6e0, 0x00007fe5cdedb970]
Event: 332.911 Thread 0x00007fe5e4110330 2134       2       sun.security.provider.NativePRNG::engineNextBytes (8 bytes)
Event: 332.911 Thread 0x00007fe5e4110330 nmethod 2134 0x00007fe5cdedba90 code [0x00007fe5cdedbc40, 0x00007fe5cdedbd80]
Event: 332.911 Thread 0x00007fe59422cdc0 2129       4       crosby.binary.Osmformat$PrimitiveGroup::isInitialized (161 bytes)

GC Heap History (20 events):
Event: 329.342 GC heap before
{Heap before GC invocations=65 (full 0):
 garbage-first heap   total 305152K, used 190699K [0x0000000740000000, 0x0000000800000000)
  region size 2048K, 89 young (182272K), 1 survivors (2048K)
 Metaspace       used 16033K, committed 16192K, reserved 1064960K
  class space    used 1587K, committed 1664K, reserved 1048576K
}
Event: 329.344 GC heap after
{Heap after GC invocations=66 (full 0):
 garbage-first heap   total 305152K, used 10180K [0x0000000740000000, 0x0000000800000000)
  region size 2048K, 1 young (2048K), 1 survivors (2048K)
 Metaspace       used 16033K, committed 16192K, reserved 1064960K
  class space    used 1587K, committed 1664K, reserved 1048576K
}
Event: 329.797 GC heap before
{Heap before GC invocations=66 (full 0):
 garbage-first heap   total 305152K, used 190404K [0x0000000740000000, 0x0000000800000000)
  region size 2048K, 89 young (182272K), 1 survivors (2048K)
 Metaspace       used 16040K, committed 16192K, reserved 1064960K
  class space    used 1587K, committed 1664K, reserved 1048576K
}
Event: 329.799 GC heap after
{Heap after GC invocations=67 (full 0):
 garbage-first heap   total 305152K, used 11835K [0x0000000740000000, 0x0000000800000000)
  region size 2048K, 2 young (4096K), 2 survivors (4096K)
 Metaspace       used 16040K, committed 16192K, reserved 1064960K
  class space    used 1587K, committed 1664K, reserved 1048576K
}
Event: 330.185 GC heap before
{Heap before GC invocations=67 (full 0):
 garbage-first heap   total 305152K, used 190011K [0x0000000740000000, 0x0000000800000000)
  region size 2048K, 89 young (182272K), 2 survivors (4096K)
 Metaspace       used 16040K, committed 16192K, reserved 1064960K
  class space    used 1587K, committed 1664K, reserved 1048576K
}
Event: 330.189 GC heap after
{Heap after GC invocations=68 (full 0):
 garbage-first heap   total 305152K, used 10362K [0x0000000740000000, 0x0000000800000000)
  region size 2048K, 1 young (2048K), 1 survivors (2048K)
 Metaspace       used 16040K, committed 16192K, reserved 1064960K
  class space    used 1587K, committed 1664K, reserved 1048576K
}
Event: 330.613 GC heap before
{Heap before GC invocations=68 (full 0):
 garbage-first heap   total 305152K, used 190586K [0x0000000740000000, 0x0000000800000000)
  region size 2048K, 89 young (182272K), 1 survivors (2048K)
 Metaspace       used 16040K, committed 16192K, reserved 1064960K
  class space    used 1587K, committed 1664K, reserved 1048576K
}
Event: 330.617 GC heap after
{Heap after GC invocations=69 (full 0):
 garbage-first heap   total 305152K, used 12251K [0x0000000740000000, 0x0000000800000000)
  region size 2048K, 2 young (4096K), 2 survivors (4096K)
 Metaspace       used 16040K, committed 16192K, reserved 1064960K
  class space    used 1587K, committed 1664K, reserved 1048576K
}
Event: 330.997 GC heap before
{Heap before GC invocations=69 (full 0):
 garbage-first heap   total 305152K, used 190427K [0x0000000740000000, 0x0000000800000000)
  region size 2048K, 89 young (182272K), 2 survivors (4096K)
 Metaspace       used 16040K, committed 16192K, reserved 1064960K
  class space    used 1587K, committed 1664K, reserved 1048576K
}
Event: 331.000 GC heap after
{Heap after GC invocations=70 (full 0):
 garbage-first heap   total 305152K, used 12523K [0x0000000740000000, 0x0000000800000000)
  region size 2048K, 2 young (4096K), 2 survivors (4096K)
 Metaspace       used 16040K, committed 16192K, reserved 1064960K
  class space    used 1587K, committed 1664K, reserved 1048576K
}
Event: 331.308 GC heap before
{Heap before GC invocations=70 (full 0):
 garbage-first heap   total 305152K, used 190699K [0x0000000740000000, 0x0000000800000000)
  region size 2048K, 89 young (182272K), 2 survivors (4096K)
 Metaspace       used 16040K, committed 16192K, reserved 1064960K
  class space    used 1587K, committed 1664K, reserved 1048576K
}
Event: 331.310 GC heap after
{Heap after GC invocations=71 (full 0):
 garbage-first heap   total 305152K, used 10659K [0x0000000740000000, 0x0000000800000000)
  region size 2048K, 2 young (4096K), 2 survivors (4096K)
 Metaspace       used 16040K, committed 16192K, reserved 1064960K
  class space    used 1587K, committed 1664K, reserved 1048576K
}
Event: 331.625 GC heap before
{Heap before GC invocations=71 (full 0):
 garbage-first heap   total 305152K, used 188835K [0x0000000740000000, 0x0000000800000000)
  region size 2048K, 89 young (182272K), 2 survivors (4096K)
 Metaspace       used 16040K, committed 16192K, reserved 1064960K
  class space    used 1587K, committed 1664K, reserved 1048576K
}
Event: 331.626 GC heap after
{Heap after GC invocations=72 (full 0):
 garbage-first heap   total 305152K, used 8623K [0x0000000740000000, 0x0000000800000000)
  region size 2048K, 1 young (2048K), 1 survivors (2048K)
 Metaspace       used 16040K, committed 16192K, reserved 1064960K
  class space    used 1587K, committed 1664K, reserved 1048576K
}
Event: 331.934 GC heap before
{Heap before GC invocations=72 (full 0):
 garbage-first heap   total 305152K, used 188847K [0x0000000740000000, 0x0000000800000000)
  region size 2048K, 89 young (182272K), 1 survivors (2048K)
 Metaspace       used 16040K, committed 16192K, reserved 1064960K
  class space    used 1587K, committed 1664K, reserved 1048576K
}
Event: 331.937 GC heap after
{Heap after GC invocations=73 (full 0):
 garbage-first heap   total 305152K, used 12331K [0x0000000740000000, 0x0000000800000000)
  region size 2048K, 2 young (4096K), 2 survivors (4096K)
 Metaspace       used 16040K, committed 16192K, reserved 1064960K
  class space    used 1587K, committed 1664K, reserved 1048576K
}
Event: 332.304 GC heap before
{Heap before GC invocations=73 (full 0):
 garbage-first heap   total 305152K, used 190507K [0x0000000740000000, 0x0000000800000000)
  region size 2048K, 89 young (182272K), 2 survivors (4096K)
 Metaspace       used 16040K, committed 16192K, reserved 1064960K
  class space    used 1587K, committed 1664K, reserved 1048576K
}
Event: 332.304 GC heap after
{Heap after GC invocations=74 (full 0):
 garbage-first heap   total 305152K, used 9768K [0x0000000740000000, 0x0000000800000000)
  region size 2048K, 1 young (2048K), 1 survivors (2048K)
 Metaspace       used 16040K, committed 16192K, reserved 1064960K
  class space    used 1587K, committed 1664K, reserved 1048576K
}
Event: 332.664 GC heap before
{Heap before GC invocations=74 (full 0):
 garbage-first heap   total 305152K, used 187944K [0x0000000740000000, 0x0000000800000000)
  region size 2048K, 89 young (182272K), 1 survivors (2048K)
 Metaspace       used 16040K, committed 16192K, reserved 1064960K
  class space    used 1587K, committed 1664K, reserved 1048576K
}
Event: 332.668 GC heap after
{Heap after GC invocations=75 (full 0):
 garbage-first heap   total 305152K, used 12702K [0x0000000740000000, 0x0000000800000000)
  region size 2048K, 3 young (6144K), 3 survivors (6144K)
 Metaspace       used 16040K, committed 16192K, reserved 1064960K
  class space    used 1587K, committed 1664K, reserved 1048576K
}

Deoptimization events (20 events):
Event: 332.864 Thread 0x00007fe5e40274c0 Uncommon trap: trap_request=0xffffff45 fr.pc=0x00007fe5d50794a4 relative=0x0000000000002b04
Event: 332.864 Thread 0x00007fe5e40274c0 Uncommon trap: reason=unstable_if action=reinterpret pc=0x00007fe5d50794a4 method=sun.nio.ch.IOUtil.readIntoNativeBuffer(Ljava/io/FileDescriptor;Ljava/nio/ByteBuffer;JZZILsun/nio/ch/NativeDispatcher;)I @ 157 c2
Event: 332.864 Thread 0x00007fe5e40274c0 DEOPT PACKING pc=0x00007fe5d50794a4 sp=0x00007fe5eac5b7f0
Event: 332.864 Thread 0x00007fe5e40274c0 DEOPT UNPACKING pc=0x00007fe5cd507099 sp=0x00007fe5eac5b500 mode 2
Event: 332.864 Thread 0x00007fe5e40274c0 Uncommon trap: trap_request=0xffffff45 fr.pc=0x00007fe5d507f160 relative=0x0000000000000220
Event: 332.864 Thread 0x00007fe5e40274c0 Uncommon trap: reason=unstable_if action=reinterpret pc=0x00007fe5d507f160 method=com.wolt.osm.parallelpbf.blob.BlobReader.readFromStream(I)Ljava/util/Optional; @ 15 c2
Event: 332.864 Thread 0x00007fe5e40274c0 DEOPT PACKING pc=0x00007fe5d507f160 sp=0x00007fe5eac5b9d0
Event: 332.864 Thread 0x00007fe5e40274c0 DEOPT UNPACKING pc=0x00007fe5cd507099 sp=0x00007fe5eac5b978 mode 2
Event: 332.864 Thread 0x00007fe5e40274c0 Uncommon trap: trap_request=0xffffff45 fr.pc=0x00007fe5d5072338 relative=0x0000000000000098
Event: 332.864 Thread 0x00007fe5e40274c0 Uncommon trap: reason=unstable_if action=reinterpret pc=0x00007fe5d5072338 method=java.util.Optional.isPresent()Z @ 4 c2
Event: 332.864 Thread 0x00007fe5e40274c0 DEOPT PACKING pc=0x00007fe5d5072338 sp=0x00007fe5eac5b9d0
Event: 332.864 Thread 0x00007fe5e40274c0 DEOPT UNPACKING pc=0x00007fe5cd507099 sp=0x00007fe5eac5b928 mode 2
Event: 332.867 Thread 0x00007fe5e40274c0 Uncommon trap: trap_request=0xffffffc6 fr.pc=0x00007fe5d5072df0 relative=0x0000000000000430
Event: 332.867 Thread 0x00007fe5e40274c0 Uncommon trap: reason=bimorphic_or_optimized_type_check action=maybe_recompile pc=0x00007fe5d5072df0 method=java.nio.Buffer.<init>(IIIILjdk/internal/access/foreign/MemorySegmentProxy;)V @ 39 c2
Event: 332.867 Thread 0x00007fe5e40274c0 DEOPT PACKING pc=0x00007fe5d5072df0 sp=0x00007fe5eac5b920
Event: 332.867 Thread 0x00007fe5e40274c0 DEOPT UNPACKING pc=0x00007fe5cd507099 sp=0x00007fe5eac5b928 mode 2
Event: 332.872 Thread 0x00007fe5e40274c0 Uncommon trap: trap_request=0xffffffc6 fr.pc=0x00007fe5d50745dc relative=0x000000000000059c
Event: 332.872 Thread 0x00007fe5e40274c0 Uncommon trap: reason=bimorphic_or_optimized_type_check action=maybe_recompile pc=0x00007fe5d50745dc method=java.nio.Buffer.<init>(IIIILjdk/internal/access/foreign/MemorySegmentProxy;)V @ 39 c2
Event: 332.872 Thread 0x00007fe5e40274c0 DEOPT PACKING pc=0x00007fe5d50745dc sp=0x00007fe5eac5b320
Event: 332.872 Thread 0x00007fe5e40274c0 DEOPT UNPACKING pc=0x00007fe5cd507099 sp=0x00007fe5eac5b2b0 mode 2

Classes unloaded (0 events):
No events

Classes redefined (0 events):
No events

Internal exceptions (15 events):
Event: 13.904 Thread 0x00007fe5e40274c0 Exception <a 'java/lang/NoSuchMethodError'{0x00000007477d5fa8}: 'java.lang.Object java.lang.invoke.DirectMethodHandle$Holder.invokeStaticInit(java.lang.Object)'> (0x00000007477d5fa8) 
thrown [src/hotspot/share/interpreter/linkResolver.cpp, line 766]
Event: 13.915 Thread 0x00007fe5e40274c0 Exception <a 'java/lang/NoSuchMethodError'{0x00000007477e5f00}: 'void java.lang.invoke.DirectMethodHandle$Holder.invokeStatic(java.lang.Object, java.lang.Object)'> (0x00000007477e5f00) 
thrown [src/hotspot/share/interpreter/linkResolver.cpp, line 766]
Event: 13.943 Thread 0x00007fe5e40274c0 Exception <a 'java/lang/NoSuchMethodError'{0x000000074742c540}: 'int java.lang.invoke.DirectMethodHandle$Holder.invokeSpecial(java.lang.Object, java.lang.Object, java.lang.Object)'> (0x000000074742c540) 
thrown [src/hotspot/share/interpreter/linkResolver.cpp, line 766]
Event: 14.206 Thread 0x00007fe5e40274c0 Exception <a 'java/lang/NoSuchMethodError'{0x00000007473315d0}: 'void java.lang.invoke.DirectMethodHandle$Holder.invokeStatic(java.lang.Object, java.lang.Object, java.lang.Object)'> (0x00000007473315d0) 
thrown [src/hotspot/share/interpreter/linkResolver.cpp, line 766]
Event: 14.383 Thread 0x00007fe5e40274c0 Exception <a 'java/lang/NoSuchMethodError'{0x0000000747a87fa0}: 'java.lang.Object java.lang.invoke.DirectMethodHandle$Holder.invokeStaticInit(java.lang.Object, java.lang.Object, java.lang.Object, java.lang.Object)'> (0x0000000747a87fa0) 
thrown [src/hotspot/share/interpreter/linkResolver.cpp, line 766]
Event: 14.485 Thread 0x00007fe558002540 Implicit null exception at 0x00007fe5d4fb65f5 to 0x00007fe5d4fb7658
Event: 14.605 Thread 0x00007fe558002540 Implicit null exception at 0x00007fe5d4fd2e5e to 0x00007fe5d4fd3a00
Event: 14.871 Thread 0x00007fe5e40274c0 Exception <a 'java/lang/NoSuchMethodError'{0x00000007476c6938}: 'int java.lang.invoke.DirectMethodHandle$Holder.invokeStaticInit(java.lang.Object, java.lang.Object, java.lang.Object, java.lang.Object)'> (0x00000007476c6938) 
thrown [src/hotspot/share/interpreter/linkResolver.cpp, line 766]
Event: 14.873 Thread 0x00007fe5e40274c0 Exception <a 'java/lang/NoSuchMethodError'{0x00000007476d0160}: 'java.lang.Object java.lang.invoke.DirectMethodHandle$Holder.invokeInterface(java.lang.Object, java.lang.Object)'> (0x00000007476d0160) 
thrown [src/hotspot/share/interpreter/linkResolver.cpp, line 766]
Event: 14.874 Thread 0x00007fe5e40274c0 Exception <a 'java/lang/IncompatibleClassChangeError'{0x00000007476d3958}: Found class java.lang.Object, but interface was expected> (0x00000007476d3958) 
thrown [src/hotspot/share/interpreter/linkResolver.cpp, line 833]
Event: 14.875 Thread 0x00007fe5e40274c0 Exception <a 'java/lang/NoSuchMethodError'{0x00000007476d6840}: 'void java.lang.invoke.DirectMethodHandle$Holder.invokeStaticInit(java.lang.Object, java.lang.Object)'> (0x00000007476d6840) 
thrown [src/hotspot/share/interpreter/linkResolver.cpp, line 766]
Event: 14.877 Thread 0x00007fe5e40274c0 Exception <a 'java/lang/NoSuchMethodError'{0x00000007476dc860}: 'int java.lang.invoke.DirectMethodHandle$Holder.invokeStaticInit(java.lang.Object, java.lang.Object)'> (0x00000007476dc860) 
thrown [src/hotspot/share/interpreter/linkResolver.cpp, line 766]
Event: 327.117 Thread 0x00007fe5e40274c0 Implicit null exception at 0x00007fe5d50adc8f to 0x00007fe5d50afcb4
Event: 327.117 Thread 0x00007fe5e40274c0 Implicit null exception at 0x00007fe5d50bcecc to 0x00007fe5d50bcf44
Event: 332.871 Thread 0x00007fe5e40274c0 Exception <a 'java/lang/NoSuchMethodError'{0x000000074ea02da8}: 'java.lang.Object java.lang.invoke.Invokers$Holder.invoke_MT(java.lang.Object, java.lang.Object, java.lang.Object)'> (0x000000074ea02da8) 
thrown [src/hotspot/share/interpreter/linkResolver.cpp, line 766]

VM Operations (20 events):
Event: 329.342 Executing VM operation: G1CollectForAllocation
Event: 329.344 Executing VM operation: G1CollectForAllocation done
Event: 329.797 Executing VM operation: G1CollectForAllocation
Event: 329.799 Executing VM operation: G1CollectForAllocation done
Event: 330.185 Executing VM operation: G1CollectForAllocation
Event: 330.189 Executing VM operation: G1CollectForAllocation done
Event: 330.613 Executing VM operation: G1CollectForAllocation
Event: 330.617 Executing VM operation: G1CollectForAllocation done
Event: 330.997 Executing VM operation: G1CollectForAllocation
Event: 331.000 Executing VM operation: G1CollectForAllocation done
Event: 331.308 Executing VM operation: G1CollectForAllocation
Event: 331.310 Executing VM operation: G1CollectForAllocation done
Event: 331.625 Executing VM operation: G1CollectForAllocation
Event: 331.626 Executing VM operation: G1CollectForAllocation done
Event: 331.934 Executing VM operation: G1CollectForAllocation
Event: 331.937 Executing VM operation: G1CollectForAllocation done
Event: 332.303 Executing VM operation: G1CollectForAllocation
Event: 332.304 Executing VM operation: G1CollectForAllocation done
Event: 332.664 Executing VM operation: G1CollectForAllocation
Event: 332.668 Executing VM operation: G1CollectForAllocation done

Events (20 events):
Event: 326.699 Thread 0x00007fe590bc5130 Thread added: 0x00007fe590bc5130
Event: 326.699 Protecting memory [0x00007fe58e4a8000,0x00007fe58e4ac000] with protection modes 0
Event: 327.118 Thread 0x00007fe590bc5130 Thread exited: 0x00007fe590bc5130
Event: 327.139 Thread 0x00007fe590263680 Thread added: 0x00007fe590263680
Event: 327.139 Protecting memory [0x00007fe58e4a8000,0x00007fe58e4ac000] with protection modes 0
Event: 327.360 Thread 0x00007fe590263680 Thread exited: 0x00007fe590263680
Event: 332.870 loading class java/nio/channels/FileChannel$MapMode
Event: 332.870 loading class java/nio/channels/FileChannel$MapMode done
Event: 332.870 loading class jdk/internal/misc/ExtendedMapMode
Event: 332.870 loading class jdk/internal/misc/ExtendedMapMode done
Event: 332.872 loading class sun/nio/ch/FileChannelImpl$DefaultUnmapper
Event: 332.872 loading class sun/nio/ch/FileChannelImpl$Unmapper
Event: 332.872 loading class jdk/internal/access/foreign/UnmapperProxy
Event: 332.872 loading class jdk/internal/access/foreign/UnmapperProxy done
Event: 332.872 loading class sun/nio/ch/FileChannelImpl$Unmapper done
Event: 332.872 loading class sun/nio/ch/FileChannelImpl$DefaultUnmapper done
Event: 332.872 loading class sun/nio/ch/Util$4
Event: 332.872 loading class sun/nio/ch/Util$4 done
Event: 332.911 Thread 0x00007fe59422cdc0 Thread added: 0x00007fe59422cdc0
Event: 332.911 Protecting memory [0x00007fe58e4a8000,0x00007fe58e4ac000] with protection modes 0


Dynamic libraries:
740000000-752600000 rw-p 00000000 00:00 0 
752600000-7ffc00000 ---p 00000000 00:00 0 
7ffc00000-7ffd00000 rw-p 00000000 00:00 0 
7ffd00000-7ffd76000 rw-p 00c98000 08:02 7604624                          /home/april/.cache/bazel/_bazel_april/1fbec622f8f141d08c1df2d3ebe80745/external/remotejdk17_linux/lib/server/classes.jsa
7ffd76000-7ffe00000 rw-p 00000000 00:00 0 
7ffe00000-7ffe82000 rw-p 00c16000 08:02 7604624                          /home/april/.cache/bazel/_bazel_april/1fbec622f8f141d08c1df2d3ebe80745/external/remotejdk17_linux/lib/server/classes.jsa
7ffe82000-800000000 rw-p 00000000 00:00 0 
800000000-800bdd000 rw-p 00001000 08:02 7604624                          /home/april/.cache/bazel/_bazel_april/1fbec622f8f141d08c1df2d3ebe80745/external/remotejdk17_linux/lib/server/classes.jsa
800bdd000-800c00000 ---p 00000000 00:00 0 
800c00000-800c40000 rw-p 00000000 00:00 0 
800c40000-800cc0000 rw-p 00000000 00:00 0 
800cc0000-800d30000 rw-p 00000000 00:00 0 
800d30000-800d40000 ---p 00000000 00:00 0 
800d40000-800db0000 rw-p 00000000 00:00 0 
800db0000-840c00000 ---p 00000000 00:00 0 
55ba34400000-55ba34401000 r-xp 00000000 08:02 7604822                    /home/april/.cache/bazel/_bazel_april/1fbec622f8f141d08c1df2d3ebe80745/external/remotejdk17_linux/bin/java
55ba34601000-55ba34602000 r--p 00001000 08:02 7604822                    /home/april/.cache/bazel/_bazel_april/1fbec622f8f141d08c1df2d3ebe80745/external/remotejdk17_linux/bin/java
55ba34602000-55ba34603000 rw-p 00002000 08:02 7604822                    /home/april/.cache/bazel/_bazel_april/1fbec622f8f141d08c1df2d3ebe80745/external/remotejdk17_linux/bin/java
55ba3527a000-55ba3529b000 rw-p 00000000 00:00 0                          [heap]
7fe550000000-7fe550021000 rw-p 00000000 00:00 0 
7fe550021000-7fe554000000 ---p 00000000 00:00 0 
7fe554000000-7fe554021000 rw-p 00000000 00:00 0 
7fe554021000-7fe558000000 ---p 00000000 00:00 0 
7fe558000000-7fe558021000 rw-p 00000000 00:00 0 
7fe558021000-7fe55c000000 ---p 00000000 00:00 0 
7fe55c000000-7fe55ccc7000 rw-p 00000000 00:00 0 
7fe55ccc7000-7fe560000000 ---p 00000000 00:00 0 
7fe560000000-7fe560021000 rw-p 00000000 00:00 0 
7fe560021000-7fe564000000 ---p 00000000 00:00 0 
7fe564000000-7fe564021000 rw-p 00000000 00:00 0 
7fe564021000-7fe568000000 ---p 00000000 00:00 0 
7fe568000000-7fe568536000 rw-p 00000000 00:00 0 
7fe568536000-7fe56c000000 ---p 00000000 00:00 0 
7fe56c000000-7fe56c021000 rw-p 00000000 00:00 0 
7fe56c021000-7fe570000000 ---p 00000000 00:00 0 
7fe570000000-7fe570021000 rw-p 00000000 00:00 0 
7fe570021000-7fe574000000 ---p 00000000 00:00 0 
7fe574000000-7fe574021000 rw-p 00000000 00:00 0 
7fe574021000-7fe578000000 ---p 00000000 00:00 0 
7fe578000000-7fe578021000 rw-p 00000000 00:00 0 
7fe578021000-7fe57c000000 ---p 00000000 00:00 0 
7fe57c000000-7fe57c021000 rw-p 00000000 00:00 0 
7fe57c021000-7fe580000000 ---p 00000000 00:00 0 
7fe580000000-7fe58002e000 rw-p 00000000 00:00 0 
7fe58002e000-7fe584000000 ---p 00000000 00:00 0 
7fe584000000-7fe584086000 rw-p 00000000 00:00 0 
7fe584086000-7fe588000000 ---p 00000000 00:00 0 
7fe588000000-7fe588021000 rw-p 00000000 00:00 0 
7fe588021000-7fe58c000000 ---p 00000000 00:00 0 
7fe58c396000-7fe58c62a000 rw-p 00000000 00:00 0 
7fe58c9fc000-7fe58d9fe000 rw-p 00000000 00:00 0 
7fe58d9fe000-7fe58da02000 ---p 00000000 00:00 0 
7fe58da02000-7fe58daff000 rw-p 00000000 00:00 0 
7fe58daff000-7fe58db03000 ---p 00000000 00:00 0 
7fe58db03000-7fe58dc80000 rw-p 00000000 00:00 0 
7fe58dc80000-7fe58dd00000 rw-p 00000000 00:00 0 
7fe58dd00000-7fe58de60000 rw-p 00000000 00:00 0 
7fe58de60000-7fe58de80000 rw-p 00000000 00:00 0 
7fe58de80000-7fe58df00000 rw-p 00000000 00:00 0 
7fe58df00000-7fe58e070000 rw-p 00000000 00:00 0 
7fe58e070000-7fe58e100000 ---p 00000000 00:00 0 
7fe58e100000-7fe58e2f0000 rw-p 00000000 00:00 0 
7fe58e2f0000-7fe58e400000 ---p 00000000 00:00 0 
7fe58e4a8000-7fe58e4ac000 ---p 00000000 00:00 0 
7fe58e4ac000-7fe58e5a9000 rw-p 00000000 00:00 0 
7fe58e5a9000-7fe58e5ad000 ---p 00000000 00:00 0 
7fe58e5ad000-7fe58e6aa000 rw-p 00000000 00:00 0 
7fe58e6aa000-7fe58e6ab000 ---p 00000000 00:00 0 
7fe58e6ab000-7fe58e7ac000 rw-p 00000000 00:00 0 
7fe58e7ac000-7fe58e7ad000 ---p 00000000 00:00 0 
7fe58e7ad000-7fe58e8ae000 rw-p 00000000 00:00 0 
7fe58e8ae000-7fe58e8af000 ---p 00000000 00:00 0 
7fe58e8af000-7fe58e9b0000 rw-p 00000000 00:00 0 
7fe58e9b0000-7fe58e9b5000 r-xp 00000000 08:02 7604639                    /home/april/.cache/bazel/_bazel_april/1fbec622f8f141d08c1df2d3ebe80745/external/remotejdk17_linux/lib/libmanagement_ext.so
7fe58e9b5000-7fe58ebb5000 ---p 00005000 08:02 7604639                    /home/april/.cache/bazel/_bazel_april/1fbec622f8f141d08c1df2d3ebe80745/external/remotejdk17_linux/lib/libmanagement_ext.so
7fe58ebb5000-7fe58ebb6000 r--p 00005000 08:02 7604639                    /home/april/.cache/bazel/_bazel_april/1fbec622f8f141d08c1df2d3ebe80745/external/remotejdk17_linux/lib/libmanagement_ext.so
7fe58ebb6000-7fe58ebb7000 rw-p 00000000 00:00 0 
7fe58ebb7000-7fe58ebbb000 r-xp 00000000 08:02 7604633                    /home/april/.cache/bazel/_bazel_april/1fbec622f8f141d08c1df2d3ebe80745/external/remotejdk17_linux/lib/libmanagement.so
7fe58ebbb000-7fe58edba000 ---p 00004000 08:02 7604633                    /home/april/.cache/bazel/_bazel_april/1fbec622f8f141d08c1df2d3ebe80745/external/remotejdk17_linux/lib/libmanagement.so
7fe58edba000-7fe58edbb000 r--p 00003000 08:02 7604633                    /home/april/.cache/bazel/_bazel_april/1fbec622f8f141d08c1df2d3ebe80745/external/remotejdk17_linux/lib/libmanagement.so
7fe58edbb000-7fe58edbc000 rw-p 00000000 00:00 0 
7fe58edbc000-7fe58edbe000 r-xp 00000000 08:02 7604612                    /home/april/.cache/bazel/_bazel_april/1fbec622f8f141d08c1df2d3ebe80745/external/remotejdk17_linux/lib/libextnet.so
7fe58edbe000-7fe58efbd000 ---p 00002000 08:02 7604612                    /home/april/.cache/bazel/_bazel_april/1fbec622f8f141d08c1df2d3ebe80745/external/remotejdk17_linux/lib/libextnet.so
7fe58efbd000-7fe58efbe000 r--p 00001000 08:02 7604612                    /home/april/.cache/bazel/_bazel_april/1fbec622f8f141d08c1df2d3ebe80745/external/remotejdk17_linux/lib/libextnet.so
7fe58efbe000-7fe58efbf000 rw-p 00000000 00:00 0 
7fe58efbf000-7fe58efc3000 ---p 00000000 00:00 0 
7fe58efc3000-7fe58f0c0000 rw-p 00000000 00:00 0 
7fe58f0c0000-7fe58f0c7000 r-xp 00000000 08:02 7604618                    /home/april/.cache/bazel/_bazel_april/1fbec622f8f141d08c1df2d3ebe80745/external/remotejdk17_linux/lib/libzip.so
7fe58f0c7000-7fe58f2c7000 ---p 00007000 08:02 7604618                    /home/april/.cache/bazel/_bazel_april/1fbec622f8f141d08c1df2d3ebe80745/external/remotejdk17_linux/lib/libzip.so
7fe58f2c7000-7fe58f2c8000 r--p 00007000 08:02 7604618                    /home/april/.cache/bazel/_bazel_april/1fbec622f8f141d08c1df2d3ebe80745/external/remotejdk17_linux/lib/libzip.so
7fe58f2c8000-7fe58f2c9000 rw-p 00000000 00:00 0 
7fe58f2c9000-7fe58f2dd000 r-xp 00000000 08:02 7604654                    /home/april/.cache/bazel/_bazel_april/1fbec622f8f141d08c1df2d3ebe80745/external/remotejdk17_linux/lib/libnet.so
7fe58f2dd000-7fe58f4dd000 ---p 00014000 08:02 7604654                    /home/april/.cache/bazel/_bazel_april/1fbec622f8f141d08c1df2d3ebe80745/external/remotejdk17_linux/lib/libnet.so
7fe58f4dd000-7fe58f4de000 r--p 00014000 08:02 7604654                    /home/april/.cache/bazel/_bazel_april/1fbec622f8f141d08c1df2d3ebe80745/external/remotejdk17_linux/lib/libnet.so
7fe58f4de000-7fe58f4df000 rw-p 00015000 08:02 7604654                    /home/april/.cache/bazel/_bazel_april/1fbec622f8f141d08c1df2d3ebe80745/external/remotejdk17_linux/lib/libnet.so
7fe58f4df000-7fe58f4f1000 r-xp 00000000 08:02 7604658                    /home/april/.cache/bazel/_bazel_april/1fbec622f8f141d08c1df2d3ebe80745/external/remotejdk17_linux/lib/libnio.so
7fe58f4f1000-7fe58f6f0000 ---p 00012000 08:02 7604658                    /home/april/.cache/bazel/_bazel_april/1fbec622f8f141d08c1df2d3ebe80745/external/remotejdk17_linux/lib/libnio.so
7fe58f6f0000-7fe58f6f1000 r--p 00011000 08:02 7604658                    /home/april/.cache/bazel/_bazel_april/1fbec622f8f141d08c1df2d3ebe80745/external/remotejdk17_linux/lib/libnio.so
7fe58f6f1000-7fe58f6f2000 rw-p 00012000 08:02 7604658                    /home/april/.cache/bazel/_bazel_april/1fbec622f8f141d08c1df2d3ebe80745/external/remotejdk17_linux/lib/libnio.so
7fe58f6f2000-7fe58f6f6000 ---p 00000000 00:00 0 
7fe58f6f6000-7fe58f7f3000 rw-p 00000000 00:00 0 
7fe58f7f3000-7fe58f7f4000 ---p 00000000 00:00 0 
7fe58f7f4000-7fe58f8f5000 rw-p 00000000 00:00 0 
7fe58f8f5000-7fe58f8f9000 ---p 00000000 00:00 0 
7fe58f8f9000-7fe58f9f6000 rw-p 00000000 00:00 0 
7fe58f9f6000-7fe58f9fa000 ---p 00000000 00:00 0 
7fe58f9fa000-7fe58faf7000 rw-p 00000000 00:00 0 
7fe58faf7000-7fe58fafb000 ---p 00000000 00:00 0 
7fe58fafb000-7fe58fbf8000 rw-p 00000000 00:00 0 
7fe58fbf8000-7fe58fbfc000 ---p 00000000 00:00 0 
7fe58fbfc000-7fe58fcf9000 rw-p 00000000 00:00 0 
7fe58fcf9000-7fe58fcfe000 r-xp 00000000 08:02 7604613                    /home/april/.cache/bazel/_bazel_april/1fbec622f8f141d08c1df2d3ebe80745/external/remotejdk17_linux/lib/libdt_socket.so
7fe58fcfe000-7fe58fefd000 ---p 00005000 08:02 7604613                    /home/april/.cache/bazel/_bazel_april/1fbec622f8f141d08c1df2d3ebe80745/external/remotejdk17_linux/lib/libdt_socket.so
7fe58fefd000-7fe58fefe000 r--p 00004000 08:02 7604613                    /home/april/.cache/bazel/_bazel_april/1fbec622f8f141d08c1df2d3ebe80745/external/remotejdk17_linux/lib/libdt_socket.so
7fe58fefe000-7fe58feff000 rw-p 00005000 08:02 7604613                    /home/april/.cache/bazel/_bazel_april/1fbec622f8f141d08c1df2d3ebe80745/external/remotejdk17_linux/lib/libdt_socket.so
7fe58feff000-7fe58ff03000 ---p 00000000 00:00 0 
7fe58ff03000-7fe590000000 rw-p 00000000 00:00 0 
7fe590000000-7fe591204000 rw-p 00000000 00:00 0 
7fe591204000-7fe594000000 ---p 00000000 00:00 0 
7fe594000000-7fe594483000 rw-p 00000000 00:00 0 
7fe594483000-7fe598000000 ---p 00000000 00:00 0 
7fe598000000-7fe598021000 rw-p 00000000 00:00 0 
7fe598021000-7fe59c000000 ---p 00000000 00:00 0 
7fe59c000000-7fe59c021000 rw-p 00000000 00:00 0 
7fe59c021000-7fe5a0000000 ---p 00000000 00:00 0 
7fe5a0000000-7fe5a0021000 rw-p 00000000 00:00 0 
7fe5a0021000-7fe5a4000000 ---p 00000000 00:00 0 
7fe5a4000000-7fe5a4021000 rw-p 00000000 00:00 0 
7fe5a4021000-7fe5a8000000 ---p 00000000 00:00 0 
7fe5a8000000-7fe5a8075000 rw-p 00000000 00:00 0 
7fe5a8075000-7fe5ac000000 ---p 00000000 00:00 0 
7fe5ac000000-7fe5ac021000 rw-p 00000000 00:00 0 
7fe5ac021000-7fe5b0000000 ---p 00000000 00:00 0 
7fe5b0000000-7fe5b0021000 rw-p 00000000 00:00 0 
7fe5b0021000-7fe5b4000000 ---p 00000000 00:00 0 
7fe5b4000000-7fe5b4021000 rw-p 00000000 00:00 0 
7fe5b4021000-7fe5b8000000 ---p 00000000 00:00 0 
7fe5b8000000-7fe5b8021000 rw-p 00000000 00:00 0 
7fe5b8021000-7fe5bc000000 ---p 00000000 00:00 0 
7fe5bc000000-7fe5bc021000 rw-p 00000000 00:00 0 
7fe5bc021000-7fe5c0000000 ---p 00000000 00:00 0 
7fe5c0000000-7fe5c0021000 rw-p 00000000 00:00 0 
7fe5c0021000-7fe5c4000000 ---p 00000000 00:00 0 
7fe5c4044000-7fe5c4048000 ---p 00000000 00:00 0 
7fe5c4048000-7fe5c4145000 rw-p 00000000 00:00 0 
7fe5c4145000-7fe5c4149000 ---p 00000000 00:00 0 
7fe5c4149000-7fe5c4246000 rw-p 00000000 00:00 0 
7fe5c4246000-7fe5c424a000 ---p 00000000 00:00 0 
7fe5c424a000-7fe5c4347000 rw-p 00000000 00:00 0 
7fe5c4347000-7fe5c434b000 ---p 00000000 00:00 0 
7fe5c434b000-7fe5c4448000 rw-p 00000000 00:00 0 
7fe5c4448000-7fe5c444c000 ---p 00000000 00:00 0 
7fe5c444c000-7fe5c4549000 rw-p 00000000 00:00 0 
7fe5c4549000-7fe5c4830000 r--p 00000000 08:02 6294115                    /usr/lib/locale/locale-archive
7fe5c4830000-7fe5c4834000 ---p 00000000 00:00 0 
7fe5c4834000-7fe5c4931000 rw-p 00000000 00:00 0 
7fe5c4931000-7fe5c49fe000 r-xp 00000000 08:02 7604662                    /home/april/.cache/bazel/_bazel_april/1fbec622f8f141d08c1df2d3ebe80745/external/remotejdk17_linux/lib/libsvml.so
7fe5c49fe000-7fe5c4bfe000 ---p 000cd000 08:02 7604662                    /home/april/.cache/bazel/_bazel_april/1fbec622f8f141d08c1df2d3ebe80745/external/remotejdk17_linux/lib/libsvml.so
7fe5c4bfe000-7fe5c4bff000 r--p 000cd000 08:02 7604662                    /home/april/.cache/bazel/_bazel_april/1fbec622f8f141d08c1df2d3ebe80745/external/remotejdk17_linux/lib/libsvml.so
7fe5c4bff000-7fe5c4c00000 rw-p 000ce000 08:02 7604662                    /home/april/.cache/bazel/_bazel_april/1fbec622f8f141d08c1df2d3ebe80745/external/remotejdk17_linux/lib/libsvml.so
7fe5c4c00000-7fe5c5000000 rw-p 00000000 00:00 0 
7fe5c5000000-7fe5c5400000 rw-p 00000000 00:00 0 
7fe5c54b5000-7fe5c794d000 rw-p 00000000 00:00 0 
7fe5c794d000-7fe5ca4a5000 ---p 00000000 00:00 0 
7fe5ca4a5000-7fe5ca94d000 rw-p 00000000 00:00 0 
7fe5ca94d000-7fe5cd4a5000 ---p 00000000 00:00 0 
7fe5cd4a5000-7fe5cd4b5000 rw-p 00000000 00:00 0 
7fe5cd4b5000-7fe5cd725000 rwxp 00000000 00:00 0 
7fe5cd725000-7fe5cda46000 ---p 00000000 00:00 0 
7fe5cda46000-7fe5cdee6000 rwxp 00000000 00:00 0 
7fe5cdee6000-7fe5d4f7d000 ---p 00000000 00:00 0 
7fe5d4f7d000-7fe5d51ed000 rwxp 00000000 00:00 0 
7fe5d51ed000-7fe5dc4b5000 ---p 00000000 00:00 0 
7fe5dc4b5000-7fe5e4000000 r--s 00000000 08:02 7604611                    /home/april/.cache/bazel/_bazel_april/1fbec622f8f141d08c1df2d3ebe80745/external/remotejdk17_linux/lib/modules
7fe5e4000000-7fe5e495e000 rw-p 00000000 00:00 0 
7fe5e495e000-7fe5e8000000 ---p 00000000 00:00 0 
7fe5e8010000-7fe5e8011000 r--p 00000000 08:02 9970453                    /lib/x86_64-linux-gnu/libnss_dns-2.31.so
7fe5e8011000-7fe5e8015000 r-xp 00001000 08:02 9970453                    /lib/x86_64-linux-gnu/libnss_dns-2.31.so
7fe5e8015000-7fe5e8016000 r--p 00005000 08:02 9970453                    /lib/x86_64-linux-gnu/libnss_dns-2.31.so
7fe5e8016000-7fe5e8017000 r--p 00005000 08:02 9970453                    /lib/x86_64-linux-gnu/libnss_dns-2.31.so
7fe5e8017000-7fe5e8018000 rw-p 00006000 08:02 9970453                    /lib/x86_64-linux-gnu/libnss_dns-2.31.so
7fe5e8018000-7fe5e801c000 r--p 00000000 08:02 9970458                    /lib/x86_64-linux-gnu/libresolv-2.31.so
7fe5e801c000-7fe5e802a000 r-xp 00004000 08:02 9970458                    /lib/x86_64-linux-gnu/libresolv-2.31.so
7fe5e802a000-7fe5e802d000 r--p 00012000 08:02 9970458                    /lib/x86_64-linux-gnu/libresolv-2.31.so
7fe5e802d000-7fe5e802e000 ---p 00015000 08:02 9970458                    /lib/x86_64-linux-gnu/libresolv-2.31.so
7fe5e802e000-7fe5e802f000 r--p 00015000 08:02 9970458                    /lib/x86_64-linux-gnu/libresolv-2.31.so
7fe5e802f000-7fe5e8030000 rw-p 00016000 08:02 9970458                    /lib/x86_64-linux-gnu/libresolv-2.31.so
7fe5e8030000-7fe5e8032000 rw-p 00000000 00:00 0 
7fe5e8032000-7fe5e8033000 r--p 00000000 08:02 9961901                    /lib/x86_64-linux-gnu/libnss_mdns4_minimal.so.2
7fe5e8033000-7fe5e8035000 r-xp 00001000 08:02 9961901                    /lib/x86_64-linux-gnu/libnss_mdns4_minimal.so.2
7fe5e8035000-7fe5e8036000 r--p 00003000 08:02 9961901                    /lib/x86_64-linux-gnu/libnss_mdns4_minimal.so.2
7fe5e8036000-7fe5e8037000 r--p 00003000 08:02 9961901                    /lib/x86_64-linux-gnu/libnss_mdns4_minimal.so.2
7fe5e8037000-7fe5e8038000 rw-p 00004000 08:02 9961901                    /lib/x86_64-linux-gnu/libnss_mdns4_minimal.so.2
7fe5e8059000-7fe5e808a000 rw-p 00000000 00:00 0 
7fe5e808a000-7fe5e8091000 r--s 00000000 08:02 6326568                    /usr/lib/x86_64-linux-gnu/gconv/gconv-modules.cache
7fe5e8091000-7fe5e8095000 ---p 00000000 00:00 0 
7fe5e8095000-7fe5e8192000 rw-p 00000000 00:00 0 
7fe5e8192000-7fe5e8193000 ---p 00000000 00:00 0 
7fe5e8193000-7fe5e83b1000 rw-p 00000000 00:00 0 
7fe5e83b1000-7fe5e83b2000 ---p 00000000 00:00 0 
7fe5e83b2000-7fe5e84b3000 rw-p 00000000 00:00 0 
7fe5e84b3000-7fe5e84b4000 ---p 00000000 00:00 0 
7fe5e84b4000-7fe5e89b9000 rw-p 00000000 00:00 0 
7fe5e89b9000-7fe5e89ba000 ---p 00000000 00:00 0 
7fe5e89ba000-7fe5e8abb000 rw-p 00000000 00:00 0 
7fe5e8abb000-7fe5e8abc000 ---p 00000000 00:00 0 
7fe5e8abc000-7fe5e8bbd000 rw-p 00000000 00:00 0 
7fe5e8bbd000-7fe5e8bbe000 ---p 00000000 00:00 0 
7fe5e8bbe000-7fe5e8d86000 rw-p 00000000 00:00 0 
7fe5e8d86000-7fe5e92f1000 ---p 00000000 00:00 0 
7fe5e92f1000-7fe5e9386000 rw-p 00000000 00:00 0 
7fe5e9386000-7fe5e98f1000 ---p 00000000 00:00 0 
7fe5e98f1000-7fe5e9986000 rw-p 00000000 00:00 0 
7fe5e9986000-7fe5e9ef1000 ---p 00000000 00:00 0 
7fe5e9ef1000-7fe5ea2fc000 rw-p 00000000 00:00 0 
7fe5ea2fc000-7fe5ea3e2000 ---p 00000000 00:00 0 
7fe5ea3e2000-7fe5ea3ec000 rw-p 00000000 00:00 0 
7fe5ea3ec000-7fe5ea4cd000 ---p 00000000 00:00 0 
7fe5ea4cd000-7fe5ea4d2000 rw-p 00000000 00:00 0 
7fe5ea4d2000-7fe5ea4d9000 ---p 00000000 00:00 0 
7fe5ea4d9000-7fe5ea4fd000 r-xp 00000000 08:02 7604640                    /home/april/.cache/bazel/_bazel_april/1fbec622f8f141d08c1df2d3ebe80745/external/remotejdk17_linux/lib/libjava.so
7fe5ea4fd000-7fe5ea6fc000 ---p 00024000 08:02 7604640                    /home/april/.cache/bazel/_bazel_april/1fbec622f8f141d08c1df2d3ebe80745/external/remotejdk17_linux/lib/libjava.so
7fe5ea6fc000-7fe5ea6fd000 r--p 00023000 08:02 7604640                    /home/april/.cache/bazel/_bazel_april/1fbec622f8f141d08c1df2d3ebe80745/external/remotejdk17_linux/lib/libjava.so
7fe5ea6fd000-7fe5ea6fe000 rw-p 00024000 08:02 7604640                    /home/april/.cache/bazel/_bazel_april/1fbec622f8f141d08c1df2d3ebe80745/external/remotejdk17_linux/lib/libjava.so
7fe5ea6fe000-7fe5ea6ff000 rw-p 00000000 00:00 0 
7fe5ea6ff000-7fe5ea73d000 r-xp 00000000 08:02 7604655                    /home/april/.cache/bazel/_bazel_april/1fbec622f8f141d08c1df2d3ebe80745/external/remotejdk17_linux/lib/libjdwp.so
7fe5ea73d000-7fe5ea93d000 ---p 0003e000 08:02 7604655                    /home/april/.cache/bazel/_bazel_april/1fbec622f8f141d08c1df2d3ebe80745/external/remotejdk17_linux/lib/libjdwp.so
7fe5ea93d000-7fe5ea93e000 r--p 0003e000 08:02 7604655                    /home/april/.cache/bazel/_bazel_april/1fbec622f8f141d08c1df2d3ebe80745/external/remotejdk17_linux/lib/libjdwp.so
7fe5ea93e000-7fe5ea93f000 rw-p 0003f000 08:02 7604655                    /home/april/.cache/bazel/_bazel_april/1fbec622f8f141d08c1df2d3ebe80745/external/remotejdk17_linux/lib/libjdwp.so
7fe5ea93f000-7fe5ea940000 rw-p 00000000 00:00 0 
7fe5ea940000-7fe5ea95b000 r-xp 00000000 08:02 7604649                    /home/april/.cache/bazel/_bazel_april/1fbec622f8f141d08c1df2d3ebe80745/external/remotejdk17_linux/lib/libjimage.so
7fe5ea95b000-7fe5eab5a000 ---p 0001b000 08:02 7604649                    /home/april/.cache/bazel/_bazel_april/1fbec622f8f141d08c1df2d3ebe80745/external/remotejdk17_linux/lib/libjimage.so
7fe5eab5a000-7fe5eab5c000 r--p 0001a000 08:02 7604649                    /home/april/.cache/bazel/_bazel_april/1fbec622f8f141d08c1df2d3ebe80745/external/remotejdk17_linux/lib/libjimage.so
7fe5eab5c000-7fe5eab5d000 rw-p 0001c000 08:02 7604649                    /home/april/.cache/bazel/_bazel_april/1fbec622f8f141d08c1df2d3ebe80745/external/remotejdk17_linux/lib/libjimage.so
7fe5eab5d000-7fe5eab61000 ---p 00000000 00:00 0 
7fe5eab61000-7fe5eac5e000 rw-p 00000000 00:00 0 
7fe5eac5e000-7fe5eac6d000 r--p 00000000 08:02 9970448                    /lib/x86_64-linux-gnu/libm-2.31.so
7fe5eac6d000-7fe5ead07000 r-xp 0000f000 08:02 9970448                    /lib/x86_64-linux-gnu/libm-2.31.so
7fe5ead07000-7fe5eada0000 r--p 000a9000 08:02 9970448                    /lib/x86_64-linux-gnu/libm-2.31.so
7fe5eada0000-7fe5eada1000 r--p 00141000 08:02 9970448                    /lib/x86_64-linux-gnu/libm-2.31.so
7fe5eada1000-7fe5eada2000 rw-p 00142000 08:02 9970448                    /lib/x86_64-linux-gnu/libm-2.31.so
7fe5eada2000-7fe5eada5000 r--p 00000000 08:02 9970459                    /lib/x86_64-linux-gnu/librt-2.31.so
7fe5eada5000-7fe5eada9000 r-xp 00003000 08:02 9970459                    /lib/x86_64-linux-gnu/librt-2.31.so
7fe5eada9000-7fe5eadaa000 r--p 00007000 08:02 9970459                    /lib/x86_64-linux-gnu/librt-2.31.so
7fe5eadaa000-7fe5eadab000 ---p 00008000 08:02 9970459                    /lib/x86_64-linux-gnu/librt-2.31.so
7fe5eadab000-7fe5eadac000 r--p 00008000 08:02 9970459                    /lib/x86_64-linux-gnu/librt-2.31.so
7fe5eadac000-7fe5eadad000 rw-p 00009000 08:02 9970459                    /lib/x86_64-linux-gnu/librt-2.31.so
7fe5eadad000-7fe5ec09c000 r-xp 00000000 08:02 7604626                    /home/april/.cache/bazel/_bazel_april/1fbec622f8f141d08c1df2d3ebe80745/external/remotejdk17_linux/lib/server/libjvm.so
7fe5ec09c000-7fe5ec29b000 ---p 012ef000 08:02 7604626                    /home/april/.cache/bazel/_bazel_april/1fbec622f8f141d08c1df2d3ebe80745/external/remotejdk17_linux/lib/server/libjvm.so
7fe5ec29b000-7fe5ec354000 r--p 012ee000 08:02 7604626                    /home/april/.cache/bazel/_bazel_april/1fbec622f8f141d08c1df2d3ebe80745/external/remotejdk17_linux/lib/server/libjvm.so
7fe5ec354000-7fe5ec389000 rw-p 013a7000 08:02 7604626                    /home/april/.cache/bazel/_bazel_april/1fbec622f8f141d08c1df2d3ebe80745/external/remotejdk17_linux/lib/server/libjvm.so
7fe5ec389000-7fe5ec3e4000 rw-p 00000000 00:00 0 
7fe5ec3e4000-7fe5ec409000 r--p 00000000 08:02 9970446                    /lib/x86_64-linux-gnu/libc-2.31.so
7fe5ec409000-7fe5ec554000 r-xp 00025000 08:02 9970446                    /lib/x86_64-linux-gnu/libc-2.31.so
7fe5ec554000-7fe5ec59e000 r--p 00170000 08:02 9970446                    /lib/x86_64-linux-gnu/libc-2.31.so
7fe5ec59e000-7fe5ec59f000 ---p 001ba000 08:02 9970446                    /lib/x86_64-linux-gnu/libc-2.31.so
7fe5ec59f000-7fe5ec5a2000 r--p 001ba000 08:02 9970446                    /lib/x86_64-linux-gnu/libc-2.31.so
7fe5ec5a2000-7fe5ec5a5000 rw-p 001bd000 08:02 9970446                    /lib/x86_64-linux-gnu/libc-2.31.so
7fe5ec5a5000-7fe5ec5a9000 rw-p 00000000 00:00 0 
7fe5ec5a9000-7fe5ec5aa000 r--p 00000000 08:02 9970447                    /lib/x86_64-linux-gnu/libdl-2.31.so
7fe5ec5aa000-7fe5ec5ac000 r-xp 00001000 08:02 9970447                    /lib/x86_64-linux-gnu/libdl-2.31.so
7fe5ec5ac000-7fe5ec5ad000 r--p 00003000 08:02 9970447                    /lib/x86_64-linux-gnu/libdl-2.31.so
7fe5ec5ad000-7fe5ec5ae000 r--p 00003000 08:02 9970447                    /lib/x86_64-linux-gnu/libdl-2.31.so
7fe5ec5ae000-7fe5ec5af000 rw-p 00004000 08:02 9970447                    /lib/x86_64-linux-gnu/libdl-2.31.so
7fe5ec5af000-7fe5ec5b6000 r--p 00000000 08:02 9970457                    /lib/x86_64-linux-gnu/libpthread-2.31.so
7fe5ec5b6000-7fe5ec5c6000 r-xp 00007000 08:02 9970457                    /lib/x86_64-linux-gnu/libpthread-2.31.so
7fe5ec5c6000-7fe5ec5cb000 r--p 00017000 08:02 9970457                    /lib/x86_64-linux-gnu/libpthread-2.31.so
7fe5ec5cb000-7fe5ec5cc000 r--p 0001b000 08:02 9970457                    /lib/x86_64-linux-gnu/libpthread-2.31.so
7fe5ec5cc000-7fe5ec5cd000 rw-p 0001c000 08:02 9970457                    /lib/x86_64-linux-gnu/libpthread-2.31.so
7fe5ec5cd000-7fe5ec5d1000 rw-p 00000000 00:00 0 
7fe5ec5d1000-7fe5ec5e0000 r-xp 00000000 08:02 7604603                    /home/april/.cache/bazel/_bazel_april/1fbec622f8f141d08c1df2d3ebe80745/external/remotejdk17_linux/lib/libjli.so
7fe5ec5e0000-7fe5ec7e0000 ---p 0000f000 08:02 7604603                    /home/april/.cache/bazel/_bazel_april/1fbec622f8f141d08c1df2d3ebe80745/external/remotejdk17_linux/lib/libjli.so
7fe5ec7e0000-7fe5ec7e1000 r--p 0000f000 08:02 7604603                    /home/april/.cache/bazel/_bazel_april/1fbec622f8f141d08c1df2d3ebe80745/external/remotejdk17_linux/lib/libjli.so
7fe5ec7e1000-7fe5ec7e2000 rw-p 00010000 08:02 7604603                    /home/april/.cache/bazel/_bazel_april/1fbec622f8f141d08c1df2d3ebe80745/external/remotejdk17_linux/lib/libjli.so
7fe5ec7e2000-7fe5ec7e5000 r--p 00000000 08:02 6426027                    /usr/local/lib/libz.so.1.2.11
7fe5ec7e5000-7fe5ec7fa000 r-xp 00003000 08:02 6426027                    /usr/local/lib/libz.so.1.2.11
7fe5ec7fa000-7fe5ec800000 r--p 00018000 08:02 6426027                    /usr/local/lib/libz.so.1.2.11
7fe5ec800000-7fe5ec801000 ---p 0001e000 08:02 6426027                    /usr/local/lib/libz.so.1.2.11
7fe5ec801000-7fe5ec802000 r--p 0001e000 08:02 6426027                    /usr/local/lib/libz.so.1.2.11
7fe5ec802000-7fe5ec803000 rw-p 0001f000 08:02 6426027                    /usr/local/lib/libz.so.1.2.11
7fe5ec806000-7fe5ec80e000 rw-s 00000000 08:02 11928077                   /tmp/hsperfdata_april/2342780
7fe5ec80e000-7fe5ec811000 r--p 00000000 08:02 9970454                    /lib/x86_64-linux-gnu/libnss_files-2.31.so
7fe5ec811000-7fe5ec818000 r-xp 00003000 08:02 9970454                    /lib/x86_64-linux-gnu/libnss_files-2.31.so
7fe5ec818000-7fe5ec81a000 r--p 0000a000 08:02 9970454                    /lib/x86_64-linux-gnu/libnss_files-2.31.so
7fe5ec81a000-7fe5ec81b000 r--p 0000b000 08:02 9970454                    /lib/x86_64-linux-gnu/libnss_files-2.31.so
7fe5ec81b000-7fe5ec81c000 rw-p 0000c000 08:02 9970454                    /lib/x86_64-linux-gnu/libnss_files-2.31.so
7fe5ec81c000-7fe5ec822000 rw-p 00000000 00:00 0 
7fe5ec822000-7fe5ec823000 ---p 00000000 00:00 0 
7fe5ec823000-7fe5ec824000 r--p 00000000 00:00 0 
7fe5ec824000-7fe5ec826000 rw-p 00000000 00:00 0 
7fe5ec826000-7fe5ec827000 r--p 00000000 08:02 9961480                    /lib/x86_64-linux-gnu/ld-2.31.so
7fe5ec827000-7fe5ec847000 r-xp 00001000 08:02 9961480                    /lib/x86_64-linux-gnu/ld-2.31.so
7fe5ec847000-7fe5ec84f000 r--p 00021000 08:02 9961480                    /lib/x86_64-linux-gnu/ld-2.31.so
7fe5ec84f000-7fe5ec850000 ---p 00000000 00:00 0 
7fe5ec850000-7fe5ec851000 r--p 00029000 08:02 9961480                    /lib/x86_64-linux-gnu/ld-2.31.so
7fe5ec851000-7fe5ec852000 rw-p 0002a000 08:02 9961480                    /lib/x86_64-linux-gnu/ld-2.31.so
7fe5ec852000-7fe5ec853000 rw-p 00000000 00:00 0 
7ffd7646c000-7ffd7648f000 rw-p 00000000 00:00 0                          [stack]
7ffd765c4000-7ffd765c8000 r--p 00000000 00:00 0                          [vvar]
7ffd765c8000-7ffd765ca000 r-xp 00000000 00:00 0                          [vdso]


VM Arguments:
jvm_args: -agentlib:jdwp=transport=dt_socket,server=y,suspend=y,address=0.0.0.0:5005 -Xmx3G 
java_command: org.trailcatalog.importers.ImporterKt --block_size 4048576
java_class_path (initial): ./bazel-bin/java/org/trailcatalog/importers/importer.runfiles/trailcatalog/java/org/trailcatalog/importers/import_lib.jar:./bazel-bin/java/org/trailcatalog/importers/importer.runfiles/trailcatalog/java/org/trailcatalog/importers/libimporter_java.jar:./bazel-bin/java/org/trailcatalog/importers/importer.runfiles/trailcatalog/java/org/trailcatalog/importers/pbf/libpbf_java.jar:./bazel-bin/java/org/trailcatalog/importers/importer.runfiles/trailcatalog/trailcatalog/proto/libencoding_proto-speed.jar:./bazel-bin/java/org/trailcatalog/importers/importer.runfiles/trailcatalog/../com_google_protobuf_protobuf_java/protobuf-java-3.17.0.jar:./bazel-bin/java/org/trailcatalog/importers/importer.runfiles/trailcatalog/../maven/v1/https/repo1.maven.org/maven2/com/google/geometry/s2-geometry/2.0.0/s2-geometry-2.0.0.jar:./bazel-bin/java/org/trailcatalog/importers/importer.runfiles/trailcatalog/../maven/v1/https/repo1.maven.org/maven2/com/google/guava/guava/31.1-jre/guava-31.1-jre.jar:./bazel-bin/java/org/trailcatalog/importers/importer.runfiles/trailcatalog/../maven/v1/https/repo1.maven.org/maven2/com/google/guava/listenablefuture/9999.0-empty-to-avoid-conflict-with-guava/listenablefuture-9999.0-empty-to-avoid-conflict-with-guava.jar:./bazel-bin/java/org/trailcatalog/importers/importer.runfiles/trailcatalog/../maven/v1/https/repo1.maven.org/maven2/com/google/j2objc/j2objc-annotations/1.3/j2objc-annotations-1.3.jar:./bazel-bin/java/org/trailcatalog/importers/importer.runfiles/trailcatalog/../maven/v1/https/repo1.maven.org/maven2/com/google/code/findbugs/jsr305/3.0.2/jsr305-3.0.2.jar:./bazel-bin/java/org/trailcatalog/importers/importer.runfiles/trailcatalog/../maven/v1/https/repo1.maven.org/maven2/org/checkerframework/checker-qual/3.13.0/checker-qual-3.13.0.jar:./bazel-bin/java/org/trailcatalog/importers/importer.runfiles/trailcatalog/../maven/v1/https/repo1.maven.org/maven2/com/google/errorprone/error_prone_annotations/2.11.0/error_prone_annotations-2.11.0.j
Launcher Type: SUN_STANDARD

[Global flags]
     intx CICompilerCount                          = 3                                         {product} {ergonomic}
     uint ConcGCThreads                            = 1                                         {product} {ergonomic}
     uint G1ConcRefinementThreads                  = 4                                         {product} {ergonomic}
   size_t G1HeapRegionSize                         = 2097152                                   {product} {ergonomic}
    uintx GCDrainStackTargetSize                   = 64                                        {product} {ergonomic}
   size_t InitialHeapSize                          = 130023424                                 {product} {ergonomic}
   size_t MarkStackSize                            = 4194304                                   {product} {ergonomic}
   size_t MaxHeapSize                              = 3221225472                                {product} {command line}
   size_t MaxNewSize                               = 1931476992                                {product} {ergonomic}
   size_t MinHeapDeltaBytes                        = 2097152                                   {product} {ergonomic}
   size_t MinHeapSize                              = 8388608                                   {product} {ergonomic}
    uintx NonNMethodCodeHeapSize                   = 5832780                                {pd product} {ergonomic}
    uintx NonProfiledCodeHeapSize                  = 122912730                              {pd product} {ergonomic}
    uintx ProfiledCodeHeapSize                     = 122912730                              {pd product} {ergonomic}
    uintx ReservedCodeCacheSize                    = 251658240                              {pd product} {ergonomic}
     bool SegmentedCodeCache                       = true                                      {product} {ergonomic}
   size_t SoftMaxHeapSize                          = 3221225472                             {manageable} {ergonomic}
     bool UseCompressedClassPointers               = true                           {product lp64_product} {ergonomic}
     bool UseCompressedOops                        = true                           {product lp64_product} {ergonomic}
     bool UseG1GC                                  = true                                      {product} {ergonomic}

Logging:
Log output configuration:
 #0: stdout all=warning uptime,level,tags
 #1: stderr all=off uptime,level,tags

Environment Variables:
PATH=/home/april/.volta/bin:/home/april/bin:/usr/local/bin:/home/april/.local/bin:/home/april/.cargo/bin:/home/april/.sdkman/candidates/kotlin/current/bin:/home/april/.volta/bin:/home/april/bin:/usr/local/bin:/home/april/.local/bin:/home/april/.cargo/bin:/usr/local/bin:/usr/bin:/bin:/usr/games
SHELL=/usr/bin/zsh
LANG=en_US.UTF-8
LC_CTYPE=en_US.UTF-8

Signal Handlers:
   SIGSEGV: crash_handler in libjvm.so, mask=11100100010111111101111111111110, flags=SA_RESTART|SA_SIGINFO
    SIGBUS: crash_handler in libjvm.so, mask=11100100010111111101111111111110, flags=SA_RESTART|SA_SIGINFO
    SIGFPE: crash_handler in libjvm.so, mask=11100100010111111101111111111110, flags=SA_RESTART|SA_SIGINFO
   SIGPIPE: javaSignalHandler in libjvm.so, mask=11100100010111111101111111111110, flags=SA_RESTART|SA_SIGINFO
   SIGXFSZ: javaSignalHandler in libjvm.so, mask=11100100010111111101111111111110, flags=SA_RESTART|SA_SIGINFO
    SIGILL: crash_handler in libjvm.so, mask=11100100010111111101111111111110, flags=SA_RESTART|SA_SIGINFO
   SIGUSR2: SR_handler in libjvm.so, mask=00000000000000000000000000000000, flags=SA_RESTART|SA_SIGINFO
    SIGHUP: UserHandler in libjvm.so, mask=11100100010111111101111111111110, flags=SA_RESTART|SA_SIGINFO
    SIGINT: UserHandler in libjvm.so, mask=11100100010111111101111111111110, flags=SA_RESTART|SA_SIGINFO
   SIGTERM: UserHandler in libjvm.so, mask=11100100010111111101111111111110, flags=SA_RESTART|SA_SIGINFO
   SIGQUIT: UserHandler in libjvm.so, mask=11100100010111111101111111111110, flags=SA_RESTART|SA_SIGINFO
   SIGTRAP: crash_handler in libjvm.so, mask=11100100010111111101111111111110, flags=SA_RESTART|SA_SIGINFO


---------------  S Y S T E M  ---------------

OS:
PRETTY_NAME="Debian GNU/Linux 11 (bullseye)"
NAME="Debian GNU/Linux"
VERSION_ID="11"
VERSION="11 (bullseye)"
VERSION_CODENAME=bullseye
ID=debian
HOME_URL="https://www.debian.org/"
SUPPORT_URL="https://www.debian.org/support"
BUG_REPORT_URL="https://bugs.debian.org/"
uname: Linux 5.10.0-10-amd64 #1 SMP Debian 5.10.84-1 (2021-12-08) x86_64
OS uptime: 61 days 19:21 hours
libc: glibc 2.31 NPTL 2.31 
rlimit (soft/hard): STACK 8192k/infinity , CORE 0k/infinity , NPROC 31156/31156 , NOFILE 1048576/1048576 , AS infinity/infinity , CPU infinity/infinity , DATA infinity/infinity , FSIZE infinity/infinity , MEMLOCK 1006341k/1006341k
load average: 1.78 1.56 1.60

/proc/meminfo:
MemTotal:        8050728 kB
MemFree:          430432 kB
MemAvailable:    4650380 kB
Buffers:          971168 kB
Cached:          3410000 kB
SwapCached:            0 kB
Active:          3149120 kB
Inactive:        3928116 kB
Active(anon):     142912 kB
Inactive(anon):  2729448 kB
Active(file):    3006208 kB
Inactive(file):  1198668 kB
Unevictable:       32708 kB
Mlocked:           10988 kB
SwapTotal:             0 kB
SwapFree:              0 kB
Dirty:               376 kB
Writeback:             0 kB
AnonPages:       2687992 kB
Mapped:           556712 kB
Shmem:            172244 kB
KReclaimable:     318816 kB
Slab:             398136 kB
SReclaimable:     318816 kB
SUnreclaim:        79320 kB
KernelStack:        9152 kB
PageTables:        18508 kB
NFS_Unstable:          0 kB
Bounce:                0 kB
WritebackTmp:          0 kB
CommitLimit:     4025364 kB
Committed_AS:    5127212 kB
VmallocTotal:   34359738367 kB
VmallocUsed:       30352 kB
VmallocChunk:          0 kB
Percpu:             6080 kB
HardwareCorrupted:     0 kB
AnonHugePages:    708608 kB
ShmemHugePages:        0 kB
ShmemPmdMapped:        0 kB
FileHugePages:         0 kB
FilePmdMapped:         0 kB
HugePages_Total:       0
HugePages_Free:        0
HugePages_Rsvd:        0
HugePages_Surp:        0
Hugepagesize:       2048 kB
Hugetlb:               0 kB
DirectMap4k:      959940 kB
DirectMap2M:     7331840 kB
DirectMap1G:     1048576 kB

/sys/kernel/mm/transparent_hugepage/enabled: [always] madvise never
/sys/kernel/mm/transparent_hugepage/defrag (defrag/compaction efforts parameter): always defer defer+madvise [madvise] never

Process Memory:
Virtual Size: 6761868K (peak: 6959296K)
Resident Set Size: 385992K (peak: 388600K) (anon: 356172K, file: 29820K, shmem: 0K)
Swapped out: 0K
C-Heap outstanding allocations: 32904K

/proc/sys/kernel/threads-max (system-wide limit on the number of threads): 62313
/proc/sys/vm/max_map_count (maximum number of memory map areas a process may have): 65530
/proc/sys/kernel/pid_max (system-wide limit on number of process identifiers): 4194304

container (cgroup) information:
container_type: cgroupv2
cpu_cpuset_cpus: not supported
cpu_memory_nodes: not supported
active_processor_count: 4
cpu_quota: not supported
cpu_period: not supported
cpu_shares: not supported
memory_limit_in_bytes: unlimited
memory_and_swap_limit_in_bytes: unlimited
memory_soft_limit_in_bytes: unlimited
memory_usage_in_bytes: 3281534976
memory_max_usage_in_bytes: not supported

Steal ticks since vm start: 0
Steal ticks percentage since vm start:  0.000

CPU: total 4 (initial active 4) (2 cores per cpu, 2 threads per core) family 6 model 69 stepping 1 microcode 0x26, cx8, cmov, fxsr, ht, mmx, sse, sse2, sse3, ssse3, sse4.1, sse4.2, popcnt, lzcnt, tsc, tscinvbit, avx, avx2, aes, erms, clmul, bmi1, bmi2, fma, vzeroupper, clflush
CPU Model and flags from /proc/cpuinfo:
model name	: Intel(R) Core(TM) i5-4300U CPU @ 1.90GHz
flags		: fpu vme de pse tsc msr pae mce cx8 apic sep mtrr pge mca cmov pat pse36 clflush dts acpi mmx fxsr sse sse2 ss ht tm pbe syscall nx pdpe1gb rdtscp lm constant_tsc arch_perfmon pebs bts rep_good nopl xtopology nonstop_tsc cpuid aperfmperf pni pclmulqdq dtes64 monitor ds_cpl vmx smx est tm2 ssse3 sdbg fma cx16 xtpr pdcm pcid sse4_1 sse4_2 x2apic movbe popcnt tsc_deadline_timer aes xsave avx f16c rdrand lahf_lm abm cpuid_fault epb invpcid_single pti ssbd ibrs ibpb stibp tpr_shadow vnmi flexpriority ept vpid ept_ad fsgsbase tsc_adjust bmi1 avx2 smep bmi2 erms invpcid xsaveopt dtherm ida arat pln pts md_clear flush_l1d

Online cpus: 0-3
Offline cpus: 
BIOS frequency limitation: <Not Available>
Frequency switch latency (ns): 20000
Available cpu frequencies: <Not Available>
Current governor: schedutil
Core performance/turbo boost: <Not Available>

Memory: 4k page, physical 8050728k(430432k free), swap 0k(0k free)
Page Sizes: 4k

vm_info: OpenJDK 64-Bit Server VM (17+35-LTS) for linux-amd64 JRE (17+35-LTS) (Zulu17.28+13-CA), built on Sep  2 2021 18:14:33 by "zulu_re" with gcc 7.3.1 20180303 (Red Hat 7.3.1-5)

END.
